#
# There is insufficient memory for the Java Runtime Environment to continue.
# Native memory allocation (mmap) failed to map 65536 bytes for Failed to commit metaspace.
# Possible reasons:
#   The system is out of physical RAM or swap space
#   The process is running with CompressedOops enabled, and the Java Heap may be blocking the growth of the native heap
# Possible solutions:
#   Reduce memory load on the system
#   Increase physical memory or swap space
#   Check if swap backing store is full
#   Decrease Java heap size (-Xmx/-Xms)
#   Decrease number of Java threads
#   Decrease Java thread stack sizes (-Xss)
#   Set larger code cache with -XX:ReservedCodeCacheSize=
#   JVM is running with Unscaled Compressed Oops mode in which the Java heap is
#     placed in the first 4GB address space. The Java Heap base address is the
#     maximum limit for the native heap growth. Please use -XX:HeapBaseMinAddress
#     to set the Java Heap base and to place the Java Heap above 4GB virtual address.
# This output file may be truncated or incomplete.
#
#  Out of Memory Error (virtualSpaceNode.cpp:110), pid=18240, tid=10480
#
# JRE version: OpenJDK Runtime Environment (17.0.6) (build 17.0.6+0-b2043.56-10027231)
# Java VM: OpenJDK 64-Bit Server VM (17.0.6+0-b2043.56-10027231, mixed mode, tiered, compressed oops, compressed class ptrs, g1 gc, windows-amd64)
# No core dump will be written. Minidumps are not enabled by default on client versions of Windows
#

---------------  S U M M A R Y ------------

Command Line: --add-opens=java.base/java.util=ALL-UNNAMED --add-opens=java.base/java.lang=ALL-UNNAMED --add-opens=java.base/java.lang.invoke=ALL-UNNAMED --add-opens=java.prefs/java.util.prefs=ALL-UNNAMED --add-opens=java.base/java.nio.charset=ALL-UNNAMED --add-opens=java.base/java.net=ALL-UNNAMED --add-opens=java.base/java.util.concurrent.atomic=ALL-UNNAMED -Xmx2048m -Dfile.encoding=UTF-8 -Duser.country=US -Duser.language=en -Duser.variant org.gradle.launcher.daemon.bootstrap.GradleDaemon 8.0

Host: Intel(R) Core(TM) i5-8265U CPU @ 1.60GHz, 8 cores, 7G,  Windows 11 , 64 bit Build 22621 (10.0.22621.2506)
Time: Sun Dec 10 12:37:41 2023 SE Asia Standard Time elapsed time: 2.681837 seconds (0d 0h 0m 2s)

---------------  T H R E A D  ---------------

Current thread (0x0000015778996970):  JavaThread "Daemon worker" [_thread_in_vm, id=10480, stack(0x0000003320400000,0x0000003320500000)]

Stack: [0x0000003320400000,0x0000003320500000]
Native frames: (J=compiled Java code, j=interpreted, Vv=VM code, C=native code)
V  [jvm.dll+0x683c9a]
V  [jvm.dll+0x8427a4]
V  [jvm.dll+0x843f9e]
V  [jvm.dll+0x844603]
V  [jvm.dll+0x249b75]
V  [jvm.dll+0x83e7fb]
V  [jvm.dll+0x628006]
V  [jvm.dll+0x1c194e]
V  [jvm.dll+0x62a941]
V  [jvm.dll+0x6289a6]
V  [jvm.dll+0x23ef80]
V  [jvm.dll+0x1ee40d]
V  [jvm.dll+0x1e3dcc]
V  [jvm.dll+0x547fed]
V  [jvm.dll+0x7bd3d5]
V  [jvm.dll+0x7bd4ee]
V  [jvm.dll+0x41182a]
V  [jvm.dll+0x4179a9]
C  [java.dll+0x17ec]

Java frames: (J=compiled Java code, j=interpreted, Vv=VM code)
J 799  java.lang.ClassLoader.defineClass1(Ljava/lang/ClassLoader;Ljava/lang/String;[BIILjava/security/ProtectionDomain;Ljava/lang/String;)Ljava/lang/Class; java.base@17.0.6 (0 bytes) @ 0x0000015767cd1edb [0x0000015767cd1e20+0x00000000000000bb]
J 1155 c1 java.lang.ClassLoader.defineClass(Ljava/lang/String;[BIILjava/security/ProtectionDomain;)Ljava/lang/Class; java.base@17.0.6 (43 bytes) @ 0x0000015760404bc4 [0x0000015760404880+0x0000000000000344]
J 822 c1 java.security.SecureClassLoader.defineClass(Ljava/lang/String;[BIILjava/security/CodeSource;)Ljava/lang/Class; java.base@17.0.6 (16 bytes) @ 0x000001576031420c [0x0000015760314140+0x00000000000000cc]
J 1148 c1 java.net.URLClassLoader.defineClass(Ljava/lang/String;Ljdk/internal/loader/Resource;)Ljava/lang/Class; java.base@17.0.6 (224 bytes) @ 0x00000157603feba4 [0x00000157603fd1c0+0x00000000000019e4]
J 645 c1 java.net.URLClassLoader$1.run()Ljava/lang/Class; java.base@17.0.6 (81 bytes) @ 0x00000157602ba874 [0x00000157602b9c20+0x0000000000000c54]
J 644 c1 java.net.URLClassLoader$1.run()Ljava/lang/Object; java.base@17.0.6 (5 bytes) @ 0x00000157602b9744 [0x00000157602b96c0+0x0000000000000084]
J 540 c1 java.security.AccessController.doPrivileged(Ljava/security/PrivilegedExceptionAction;Ljava/security/AccessControlContext;)Ljava/lang/Object; java.base@17.0.6 (26 bytes) @ 0x000001576027e1f4 [0x000001576027e020+0x00000000000001d4]
J 643 c1 java.net.URLClassLoader.findClass(Ljava/lang/String;)Ljava/lang/Class; java.base@17.0.6 (47 bytes) @ 0x00000157602b8e94 [0x00000157602b8d00+0x0000000000000194]
J 611 c1 java.lang.ClassLoader.loadClass(Ljava/lang/String;Z)Ljava/lang/Class; java.base@17.0.6 (121 bytes) @ 0x00000157602a975c [0x00000157602a91c0+0x000000000000059c]
J 622 c1 java.lang.ClassLoader.loadClass(Ljava/lang/String;)Ljava/lang/Class; java.base@17.0.6 (7 bytes) @ 0x00000157602ad43c [0x00000157602ad340+0x00000000000000fc]
v  ~StubRoutines::call_stub
j  org.gradle.internal.service.scopes.GradleUserHomeScopeServices.configure(Lorg/gradle/internal/service/ServiceRegistration;)V+43
j  java.lang.invoke.DirectMethodHandle$Holder.invokeVirtual(Ljava/lang/Object;Ljava/lang/Object;Ljava/lang/Object;)V+11 java.base@17.0.6
j  java.lang.invoke.LambdaForm$MH+0x00000001000a6c00.invoke(Ljava/lang/Object;Ljava/lang/Object;)Ljava/lang/Object;+39 java.base@17.0.6
j  java.lang.invoke.LambdaForm$MH+0x00000001000a6000.invoke(Ljava/lang/Object;Ljava/lang/Object;Ljava/lang/Object;)Ljava/lang/Object;+45 java.base@17.0.6
j  java.lang.invoke.LambdaForm$MH+0x00000001000a7000.invokeExact_MT(Ljava/lang/Object;Ljava/lang/Object;Ljava/lang/Object;Ljava/lang/Object;)Ljava/lang/Object;+20 java.base@17.0.6
j  java.lang.invoke.MethodHandle.invokeWithArguments([Ljava/lang/Object;)Ljava/lang/Object;+28 java.base@17.0.6
j  org.gradle.internal.service.MethodHandleBasedServiceMethod.invoke(Ljava/lang/Object;[Ljava/lang/Object;)Ljava/lang/Object;+9
j  org.gradle.internal.service.DefaultServiceRegistry.applyConfigureMethod(Lorg/gradle/internal/service/ServiceMethod;Ljava/lang/Object;)V+140
j  org.gradle.internal.service.DefaultServiceRegistry.findProviderMethods(Ljava/lang/Object;)V+196
j  org.gradle.internal.service.DefaultServiceRegistry.addProvider(Ljava/lang/Object;)Lorg/gradle/internal/service/DefaultServiceRegistry;+6
j  org.gradle.internal.service.ServiceRegistryBuilder.build()Lorg/gradle/internal/service/ServiceRegistry;+56
j  org.gradle.internal.service.scopes.DefaultGradleUserHomeScopeServiceRegistry.getServicesFor(Ljava/io/File;)Lorg/gradle/internal/service/ServiceRegistry;+147
j  org.gradle.internal.session.BuildSessionState.<init>(Lorg/gradle/internal/service/scopes/GradleUserHomeScopeServiceRegistry;Lorg/gradle/internal/session/CrossBuildSessionState;Lorg/gradle/api/internal/StartParameterInternal;Lorg/gradle/initialization/BuildRequestMetaData;Lorg/gradle/internal/classpath/ClassPath;Lorg/gradle/initialization/BuildCancellationToken;Lorg/gradle/initialization/BuildClientMetaData;Lorg/gradle/initialization/BuildEventConsumer;)V+15
j  org.gradle.tooling.internal.provider.BuildSessionLifecycleBuildActionExecuter.execute(Lorg/gradle/internal/invocation/BuildAction;Lorg/gradle/launcher/exec/BuildActionParameters;Lorg/gradle/initialization/BuildRequestContext;)Lorg/gradle/launcher/exec/BuildActionResult;+86
j  org.gradle.tooling.internal.provider.BuildSessionLifecycleBuildActionExecuter.execute(Lorg/gradle/internal/invocation/BuildAction;Ljava/lang/Object;Ljava/lang/Object;)Lorg/gradle/launcher/exec/BuildActionResult;+10
j  org.gradle.tooling.internal.provider.StartParamsValidatingActionExecuter.execute(Lorg/gradle/internal/invocation/BuildAction;Lorg/gradle/launcher/exec/BuildActionParameters;Lorg/gradle/initialization/BuildRequestContext;)Lorg/gradle/launcher/exec/BuildActionResult;+177
j  org.gradle.tooling.internal.provider.StartParamsValidatingActionExecuter.execute(Lorg/gradle/internal/invocation/BuildAction;Ljava/lang/Object;Ljava/lang/Object;)Lorg/gradle/launcher/exec/BuildActionResult;+10
j  org.gradle.tooling.internal.provider.SessionFailureReportingActionExecuter.execute(Lorg/gradle/internal/invocation/BuildAction;Lorg/gradle/launcher/exec/BuildActionParameters;Lorg/gradle/initialization/BuildRequestContext;)Lorg/gradle/launcher/exec/BuildActionResult;+7
j  org.gradle.tooling.internal.provider.SessionFailureReportingActionExecuter.execute(Lorg/gradle/internal/invocation/BuildAction;Ljava/lang/Object;Ljava/lang/Object;)Lorg/gradle/launcher/exec/BuildActionResult;+10
j  org.gradle.tooling.internal.provider.SetupLoggingActionExecuter.execute(Lorg/gradle/internal/invocation/BuildAction;Lorg/gradle/launcher/exec/BuildActionParameters;Lorg/gradle/initialization/BuildRequestContext;)Lorg/gradle/launcher/exec/BuildActionResult;+50
j  org.gradle.tooling.internal.provider.SetupLoggingActionExecuter.execute(Lorg/gradle/internal/invocation/BuildAction;Ljava/lang/Object;Ljava/lang/Object;)Lorg/gradle/launcher/exec/BuildActionResult;+10
j  org.gradle.launcher.daemon.server.exec.ExecuteBuild.doBuild(Lorg/gradle/launcher/daemon/server/api/DaemonCommandExecution;Lorg/gradle/launcher/daemon/protocol/Build;)V+117
j  org.gradle.launcher.daemon.server.exec.BuildCommandOnly.execute(Lorg/gradle/launcher/daemon/server/api/DaemonCommandExecution;)V+49
j  org.gradle.launcher.daemon.server.api.DaemonCommandExecution.proceed()Z+23
j  org.gradle.launcher.daemon.server.exec.WatchForDisconnection.execute(Lorg/gradle/launcher/daemon/server/api/DaemonCommandExecution;)V+19
j  org.gradle.launcher.daemon.server.api.DaemonCommandExecution.proceed()Z+23
j  org.gradle.launcher.daemon.server.exec.ResetDeprecationLogger.execute(Lorg/gradle/launcher/daemon/server/api/DaemonCommandExecution;)V+7
j  org.gradle.launcher.daemon.server.api.DaemonCommandExecution.proceed()Z+23
j  org.gradle.launcher.daemon.server.exec.RequestStopIfSingleUsedDaemon.execute(Lorg/gradle/launcher/daemon/server/api/DaemonCommandExecution;)V+33
j  org.gradle.launcher.daemon.server.api.DaemonCommandExecution.proceed()Z+23
j  org.gradle.launcher.daemon.server.exec.ForwardClientInput$2.create()Ljava/lang/Void;+4
j  org.gradle.launcher.daemon.server.exec.ForwardClientInput$2.create()Ljava/lang/Object;+1
j  org.gradle.util.internal.Swapper.swap(Ljava/lang/Object;Lorg/gradle/internal/Factory;)Ljava/lang/Object;+21
j  org.gradle.launcher.daemon.server.exec.ForwardClientInput.execute(Lorg/gradle/launcher/daemon/server/api/DaemonCommandExecution;)V+63
j  org.gradle.launcher.daemon.server.api.DaemonCommandExecution.proceed()Z+23
j  org.gradle.launcher.daemon.server.exec.LogAndCheckHealth.execute(Lorg/gradle/launcher/daemon/server/api/DaemonCommandExecution;)V+51
j  org.gradle.launcher.daemon.server.api.DaemonCommandExecution.proceed()Z+23
j  org.gradle.launcher.daemon.server.exec.LogToClient.doBuild(Lorg/gradle/launcher/daemon/server/api/DaemonCommandExecution;Lorg/gradle/launcher/daemon/protocol/Build;)V+87
j  org.gradle.launcher.daemon.server.exec.BuildCommandOnly.execute(Lorg/gradle/launcher/daemon/server/api/DaemonCommandExecution;)V+49
j  org.gradle.launcher.daemon.server.api.DaemonCommandExecution.proceed()Z+23
j  org.gradle.launcher.daemon.server.exec.EstablishBuildEnvironment.doBuild(Lorg/gradle/launcher/daemon/server/api/DaemonCommandExecution;Lorg/gradle/launcher/daemon/protocol/Build;)V+356
j  org.gradle.launcher.daemon.server.exec.BuildCommandOnly.execute(Lorg/gradle/launcher/daemon/server/api/DaemonCommandExecution;)V+49
j  org.gradle.launcher.daemon.server.api.DaemonCommandExecution.proceed()Z+23
j  org.gradle.launcher.daemon.server.exec.StartBuildOrRespondWithBusy$1.run()V+44
j  org.gradle.launcher.daemon.server.DaemonStateCoordinator$1.run()V+4
j  org.gradle.internal.concurrent.ExecutorPolicy$CatchAndRecordFailures.onExecute(Ljava/lang/Runnable;)V+1
j  org.gradle.internal.concurrent.ManagedExecutorImpl$1.run()V+25
j  java.util.concurrent.ThreadPoolExecutor.runWorker(Ljava/util/concurrent/ThreadPoolExecutor$Worker;)V+92 java.base@17.0.6
j  java.util.concurrent.ThreadPoolExecutor$Worker.run()V+5 java.base@17.0.6
j  java.lang.Thread.run()V+11 java.base@17.0.6
v  ~StubRoutines::call_stub

---------------  P R O C E S S  ---------------

Threads class SMR info:
_java_thread_list=0x0000015778f20af0, length=22, elements={
0x000001575cce9df0, 0x0000015776b2ad20, 0x0000015776b2baa0, 0x0000015776b551f0,
0x000001577742ffe0, 0x0000015777433b20, 0x00000157774357f0, 0x0000015777439990,
0x000001577743a340, 0x0000015777445da0, 0x00000157775add50, 0x00000157775ae220,
0x00000157790830b0, 0x0000015778d35b50, 0x0000015778d72040, 0x0000015778c7c380,
0x0000015778dc38a0, 0x00000157789964a0, 0x0000015778996970, 0x0000015778be3640,
0x0000015778be5320, 0x0000015778be57f0
}

Java Threads: ( => current thread )
  0x000001575cce9df0 JavaThread "main" [_thread_blocked, id=8436, stack(0x000000331e700000,0x000000331e800000)]
  0x0000015776b2ad20 JavaThread "Reference Handler" daemon [_thread_blocked, id=19880, stack(0x000000331ee00000,0x000000331ef00000)]
  0x0000015776b2baa0 JavaThread "Finalizer" daemon [_thread_blocked, id=15228, stack(0x000000331ef00000,0x000000331f000000)]
  0x0000015776b551f0 JavaThread "Signal Dispatcher" daemon [_thread_blocked, id=14320, stack(0x000000331f000000,0x000000331f100000)]
  0x000001577742ffe0 JavaThread "Attach Listener" daemon [_thread_blocked, id=1408, stack(0x000000331f100000,0x000000331f200000)]
  0x0000015777433b20 JavaThread "Service Thread" daemon [_thread_blocked, id=18796, stack(0x000000331f200000,0x000000331f300000)]
  0x00000157774357f0 JavaThread "Monitor Deflation Thread" daemon [_thread_blocked, id=23520, stack(0x000000331f300000,0x000000331f400000)]
  0x0000015777439990 JavaThread "C2 CompilerThread0" daemon [_thread_in_native, id=22212, stack(0x000000331f400000,0x000000331f500000)]
  0x000001577743a340 JavaThread "C1 CompilerThread0" daemon [_thread_blocked, id=24124, stack(0x000000331f500000,0x000000331f600000)]
  0x0000015777445da0 JavaThread "Sweeper thread" daemon [_thread_blocked, id=7328, stack(0x000000331f600000,0x000000331f700000)]
  0x00000157775add50 JavaThread "Common-Cleaner" daemon [_thread_blocked, id=24480, stack(0x000000331f700000,0x000000331f800000)]
  0x00000157775ae220 JavaThread "Notification Thread" daemon [_thread_blocked, id=20668, stack(0x000000331f800000,0x000000331f900000)]
  0x00000157790830b0 JavaThread "Daemon health stats" [_thread_blocked, id=6528, stack(0x000000331fe00000,0x000000331ff00000)]
  0x0000015778d35b50 JavaThread "Incoming local TCP Connector on port 56855" [_thread_in_native, id=20620, stack(0x000000331ff00000,0x0000003320000000)]
  0x0000015778d72040 JavaThread "Daemon periodic checks" [_thread_blocked, id=22428, stack(0x0000003320000000,0x0000003320100000)]
  0x0000015778c7c380 JavaThread "Daemon" [_thread_blocked, id=11360, stack(0x0000003320100000,0x0000003320200000)]
  0x0000015778dc38a0 JavaThread "Handler for socket connection from /127.0.0.1:56855 to /127.0.0.1:56856" [_thread_in_native, id=24212, stack(0x0000003320200000,0x0000003320300000)]
  0x00000157789964a0 JavaThread "Cancel handler" [_thread_blocked, id=23796, stack(0x0000003320300000,0x0000003320400000)]
=>0x0000015778996970 JavaThread "Daemon worker" [_thread_in_vm, id=10480, stack(0x0000003320400000,0x0000003320500000)]
  0x0000015778be3640 JavaThread "Asynchronous log dispatcher for DefaultDaemonConnection: socket connection from /127.0.0.1:56855 to /127.0.0.1:56856" [_thread_blocked, id=23672, stack(0x0000003320500000,0x0000003320600000)]
  0x0000015778be5320 JavaThread "Stdin handler" [_thread_blocked, id=21764, stack(0x0000003320600000,0x0000003320700000)]
  0x0000015778be57f0 JavaThread "Daemon client event forwarder" [_thread_blocked, id=11868, stack(0x0000003320700000,0x0000003320800000)]

Other Threads:
  0x0000015776b270f0 VMThread "VM Thread" [stack: 0x000000331ed00000,0x000000331ee00000] [id=19280]
  0x00000157775c0900 WatcherThread [stack: 0x000000331f900000,0x000000331fa00000] [id=19752]
  0x000001575cd446f0 GCTaskThread "GC Thread#0" [stack: 0x000000331e800000,0x000000331e900000] [id=22100]
  0x00000157780040f0 GCTaskThread "GC Thread#1" [stack: 0x000000331fa00000,0x000000331fb00000] [id=28372]
  0x00000157780043a0 GCTaskThread "GC Thread#2" [stack: 0x000000331fb00000,0x000000331fc00000] [id=10508]
  0x00000157780841d0 GCTaskThread "GC Thread#3" [stack: 0x000000331fc00000,0x000000331fd00000] [id=20512]
  0x00000157785808d0 GCTaskThread "GC Thread#4" [stack: 0x000000331fd00000,0x000000331fe00000] [id=17948]
  0x000001575cd55ce0 ConcurrentGCThread "G1 Main Marker" [stack: 0x000000331e900000,0x000000331ea00000] [id=22936]
  0x000001575cd57610 ConcurrentGCThread "G1 Conc#0" [stack: 0x000000331ea00000,0x000000331eb00000] [id=12308]
  0x00000157769924c0 ConcurrentGCThread "G1 Refine#0" [stack: 0x000000331eb00000,0x000000331ec00000] [id=15052]
  0x000001575cdae990 ConcurrentGCThread "G1 Service" [stack: 0x000000331ec00000,0x000000331ed00000] [id=27704]

Threads with active compile tasks:
C2 CompilerThread0     2705 1975       4       jdk.internal.org.objectweb.asm.Frame::execute (2305 bytes)

VM state: not at safepoint (normal execution)

VM Mutex/Monitor currently owned by a thread:  ([mutex/lock_event])
[0x000001575ab8c090] Metaspace_lock - owner thread: 0x0000015778996970

Heap address: 0x0000000080000000, size: 2048 MB, Compressed Oops mode: 32-bit

CDS archive(s) not mapped
Compressed class space mapped at: 0x0000000100000000-0x0000000140000000, reserved size: 1073741824
Narrow klass base: 0x0000000000000000, Narrow klass shift: 3, Narrow klass range: 0x140000000

GC Precious Log:
 CPUs: 8 total, 8 available
 Memory: 8072M
 Large Page Support: Disabled
 NUMA Support: Disabled
 Compressed Oops: Enabled (32-bit)
 Heap Region Size: 1M
 Heap Min Capacity: 8M
 Heap Initial Capacity: 128M
 Heap Max Capacity: 2G
 Pre-touch: Disabled
 Parallel Workers: 8
 Concurrent Workers: 2
 Concurrent Refinement Workers: 8
 Periodic GC: Disabled

Heap:
 garbage-first heap   total 131072K, used 51446K [0x0000000080000000, 0x0000000100000000)
  region size 1024K, 41 young (41984K), 4 survivors (4096K)
 Metaspace       used 21099K, committed 21376K, reserved 1073152K
  class space    used 2553K, committed 2688K, reserved 1048576K

Heap Regions: E=young(eden), S=young(survivor), O=old, HS=humongous(starts), HC=humongous(continues), CS=collection set, F=free, OA=open archive, CA=closed archive, TAMS=top-at-mark-start (previous, next)
|   0|0x0000000080000000, 0x0000000080100000, 0x0000000080100000|100%|HS|  |TAMS 0x0000000080000000, 0x0000000080000000| Complete 
|   1|0x0000000080100000, 0x0000000080200000, 0x0000000080200000|100%|HC|  |TAMS 0x0000000080100000, 0x0000000080100000| Complete 
|   2|0x0000000080200000, 0x0000000080300000, 0x0000000080300000|100%|HC|  |TAMS 0x0000000080200000, 0x0000000080200000| Complete 
|   3|0x0000000080300000, 0x0000000080400000, 0x0000000080400000|100%|HC|  |TAMS 0x0000000080300000, 0x0000000080300000| Complete 
|   4|0x0000000080400000, 0x0000000080500000, 0x0000000080500000|100%| O|  |TAMS 0x0000000080400000, 0x0000000080400000| Untracked 
|   5|0x0000000080500000, 0x0000000080600000, 0x0000000080600000|100%| O|  |TAMS 0x0000000080500000, 0x0000000080500000| Untracked 
|   6|0x0000000080600000, 0x0000000080700000, 0x0000000080700000|100%| O|  |TAMS 0x0000000080600000, 0x0000000080600000| Untracked 
|   7|0x0000000080700000, 0x0000000080700000, 0x0000000080800000|  0%| F|  |TAMS 0x0000000080700000, 0x0000000080700000| Untracked 
|   8|0x0000000080800000, 0x0000000080900000, 0x0000000080900000|100%| O|  |TAMS 0x0000000080800000, 0x0000000080800000| Untracked 
|   9|0x0000000080900000, 0x0000000080a00000, 0x0000000080a00000|100%| O|  |TAMS 0x0000000080900000, 0x0000000080900000| Untracked 
|  10|0x0000000080a00000, 0x0000000080b00000, 0x0000000080b00000|100%| O|  |TAMS 0x0000000080a00000, 0x0000000080a00000| Untracked 
|  11|0x0000000080b00000, 0x0000000080b3da00, 0x0000000080c00000| 24%| O|  |TAMS 0x0000000080b00000, 0x0000000080b00000| Untracked 
|  12|0x0000000080c00000, 0x0000000080c00000, 0x0000000080d00000|  0%| F|  |TAMS 0x0000000080c00000, 0x0000000080c00000| Untracked 
|  13|0x0000000080d00000, 0x0000000080d00000, 0x0000000080e00000|  0%| F|  |TAMS 0x0000000080d00000, 0x0000000080d00000| Untracked 
|  14|0x0000000080e00000, 0x0000000080e00000, 0x0000000080f00000|  0%| F|  |TAMS 0x0000000080e00000, 0x0000000080e00000| Untracked 
|  15|0x0000000080f00000, 0x0000000080f00000, 0x0000000081000000|  0%| F|  |TAMS 0x0000000080f00000, 0x0000000080f00000| Untracked 
|  16|0x0000000081000000, 0x0000000081000000, 0x0000000081100000|  0%| F|  |TAMS 0x0000000081000000, 0x0000000081000000| Untracked 
|  17|0x0000000081100000, 0x0000000081100000, 0x0000000081200000|  0%| F|  |TAMS 0x0000000081100000, 0x0000000081100000| Untracked 
|  18|0x0000000081200000, 0x0000000081200000, 0x0000000081300000|  0%| F|  |TAMS 0x0000000081200000, 0x0000000081200000| Untracked 
|  19|0x0000000081300000, 0x0000000081300000, 0x0000000081400000|  0%| F|  |TAMS 0x0000000081300000, 0x0000000081300000| Untracked 
|  20|0x0000000081400000, 0x0000000081400000, 0x0000000081500000|  0%| F|  |TAMS 0x0000000081400000, 0x0000000081400000| Untracked 
|  21|0x0000000081500000, 0x0000000081500000, 0x0000000081600000|  0%| F|  |TAMS 0x0000000081500000, 0x0000000081500000| Untracked 
|  22|0x0000000081600000, 0x0000000081600000, 0x0000000081700000|  0%| F|  |TAMS 0x0000000081600000, 0x0000000081600000| Untracked 
|  23|0x0000000081700000, 0x0000000081700000, 0x0000000081800000|  0%| F|  |TAMS 0x0000000081700000, 0x0000000081700000| Untracked 
|  24|0x0000000081800000, 0x0000000081800000, 0x0000000081900000|  0%| F|  |TAMS 0x0000000081800000, 0x0000000081800000| Untracked 
|  25|0x0000000081900000, 0x0000000081900000, 0x0000000081a00000|  0%| F|  |TAMS 0x0000000081900000, 0x0000000081900000| Untracked 
|  26|0x0000000081a00000, 0x0000000081a00000, 0x0000000081b00000|  0%| F|  |TAMS 0x0000000081a00000, 0x0000000081a00000| Untracked 
|  27|0x0000000081b00000, 0x0000000081b00000, 0x0000000081c00000|  0%| F|  |TAMS 0x0000000081b00000, 0x0000000081b00000| Untracked 
|  28|0x0000000081c00000, 0x0000000081c00000, 0x0000000081d00000|  0%| F|  |TAMS 0x0000000081c00000, 0x0000000081c00000| Untracked 
|  29|0x0000000081d00000, 0x0000000081d00000, 0x0000000081e00000|  0%| F|  |TAMS 0x0000000081d00000, 0x0000000081d00000| Untracked 
|  30|0x0000000081e00000, 0x0000000081e00000, 0x0000000081f00000|  0%| F|  |TAMS 0x0000000081e00000, 0x0000000081e00000| Untracked 
|  31|0x0000000081f00000, 0x0000000081f00000, 0x0000000082000000|  0%| F|  |TAMS 0x0000000081f00000, 0x0000000081f00000| Untracked 
|  32|0x0000000082000000, 0x0000000082000000, 0x0000000082100000|  0%| F|  |TAMS 0x0000000082000000, 0x0000000082000000| Untracked 
|  33|0x0000000082100000, 0x0000000082100000, 0x0000000082200000|  0%| F|  |TAMS 0x0000000082100000, 0x0000000082100000| Untracked 
|  34|0x0000000082200000, 0x0000000082200000, 0x0000000082300000|  0%| F|  |TAMS 0x0000000082200000, 0x0000000082200000| Untracked 
|  35|0x0000000082300000, 0x0000000082300000, 0x0000000082400000|  0%| F|  |TAMS 0x0000000082300000, 0x0000000082300000| Untracked 
|  36|0x0000000082400000, 0x0000000082400000, 0x0000000082500000|  0%| F|  |TAMS 0x0000000082400000, 0x0000000082400000| Untracked 
|  37|0x0000000082500000, 0x0000000082500000, 0x0000000082600000|  0%| F|  |TAMS 0x0000000082500000, 0x0000000082500000| Untracked 
|  38|0x0000000082600000, 0x0000000082600000, 0x0000000082700000|  0%| F|  |TAMS 0x0000000082600000, 0x0000000082600000| Untracked 
|  39|0x0000000082700000, 0x0000000082700000, 0x0000000082800000|  0%| F|  |TAMS 0x0000000082700000, 0x0000000082700000| Untracked 
|  40|0x0000000082800000, 0x0000000082800000, 0x0000000082900000|  0%| F|  |TAMS 0x0000000082800000, 0x0000000082800000| Untracked 
|  41|0x0000000082900000, 0x0000000082900000, 0x0000000082a00000|  0%| F|  |TAMS 0x0000000082900000, 0x0000000082900000| Untracked 
|  42|0x0000000082a00000, 0x0000000082a00000, 0x0000000082b00000|  0%| F|  |TAMS 0x0000000082a00000, 0x0000000082a00000| Untracked 
|  43|0x0000000082b00000, 0x0000000082b00000, 0x0000000082c00000|  0%| F|  |TAMS 0x0000000082b00000, 0x0000000082b00000| Untracked 
|  44|0x0000000082c00000, 0x0000000082c00000, 0x0000000082d00000|  0%| F|  |TAMS 0x0000000082c00000, 0x0000000082c00000| Untracked 
|  45|0x0000000082d00000, 0x0000000082d00000, 0x0000000082e00000|  0%| F|  |TAMS 0x0000000082d00000, 0x0000000082d00000| Untracked 
|  46|0x0000000082e00000, 0x0000000082e00000, 0x0000000082f00000|  0%| F|  |TAMS 0x0000000082e00000, 0x0000000082e00000| Untracked 
|  47|0x0000000082f00000, 0x0000000082f00000, 0x0000000083000000|  0%| F|  |TAMS 0x0000000082f00000, 0x0000000082f00000| Untracked 
|  48|0x0000000083000000, 0x0000000083000000, 0x0000000083100000|  0%| F|  |TAMS 0x0000000083000000, 0x0000000083000000| Untracked 
|  49|0x0000000083100000, 0x0000000083100000, 0x0000000083200000|  0%| F|  |TAMS 0x0000000083100000, 0x0000000083100000| Untracked 
|  50|0x0000000083200000, 0x0000000083200000, 0x0000000083300000|  0%| F|  |TAMS 0x0000000083200000, 0x0000000083200000| Untracked 
|  51|0x0000000083300000, 0x0000000083300000, 0x0000000083400000|  0%| F|  |TAMS 0x0000000083300000, 0x0000000083300000| Untracked 
|  52|0x0000000083400000, 0x0000000083400000, 0x0000000083500000|  0%| F|  |TAMS 0x0000000083400000, 0x0000000083400000| Untracked 
|  53|0x0000000083500000, 0x0000000083500000, 0x0000000083600000|  0%| F|  |TAMS 0x0000000083500000, 0x0000000083500000| Untracked 
|  54|0x0000000083600000, 0x0000000083600000, 0x0000000083700000|  0%| F|  |TAMS 0x0000000083600000, 0x0000000083600000| Untracked 
|  55|0x0000000083700000, 0x0000000083700000, 0x0000000083800000|  0%| F|  |TAMS 0x0000000083700000, 0x0000000083700000| Untracked 
|  56|0x0000000083800000, 0x0000000083800000, 0x0000000083900000|  0%| F|  |TAMS 0x0000000083800000, 0x0000000083800000| Untracked 
|  57|0x0000000083900000, 0x0000000083900000, 0x0000000083a00000|  0%| F|  |TAMS 0x0000000083900000, 0x0000000083900000| Untracked 
|  58|0x0000000083a00000, 0x0000000083a00000, 0x0000000083b00000|  0%| F|  |TAMS 0x0000000083a00000, 0x0000000083a00000| Untracked 
|  59|0x0000000083b00000, 0x0000000083b00000, 0x0000000083c00000|  0%| F|  |TAMS 0x0000000083b00000, 0x0000000083b00000| Untracked 
|  60|0x0000000083c00000, 0x0000000083c00000, 0x0000000083d00000|  0%| F|  |TAMS 0x0000000083c00000, 0x0000000083c00000| Untracked 
|  61|0x0000000083d00000, 0x0000000083d00000, 0x0000000083e00000|  0%| F|  |TAMS 0x0000000083d00000, 0x0000000083d00000| Untracked 
|  62|0x0000000083e00000, 0x0000000083e00000, 0x0000000083f00000|  0%| F|  |TAMS 0x0000000083e00000, 0x0000000083e00000| Untracked 
|  63|0x0000000083f00000, 0x0000000083f00000, 0x0000000084000000|  0%| F|  |TAMS 0x0000000083f00000, 0x0000000083f00000| Untracked 
|  64|0x0000000084000000, 0x0000000084000000, 0x0000000084100000|  0%| F|  |TAMS 0x0000000084000000, 0x0000000084000000| Untracked 
|  65|0x0000000084100000, 0x0000000084100000, 0x0000000084200000|  0%| F|  |TAMS 0x0000000084100000, 0x0000000084100000| Untracked 
|  66|0x0000000084200000, 0x0000000084200000, 0x0000000084300000|  0%| F|  |TAMS 0x0000000084200000, 0x0000000084200000| Untracked 
|  67|0x0000000084300000, 0x0000000084300000, 0x0000000084400000|  0%| F|  |TAMS 0x0000000084300000, 0x0000000084300000| Untracked 
|  68|0x0000000084400000, 0x0000000084400000, 0x0000000084500000|  0%| F|  |TAMS 0x0000000084400000, 0x0000000084400000| Untracked 
|  69|0x0000000084500000, 0x0000000084500000, 0x0000000084600000|  0%| F|  |TAMS 0x0000000084500000, 0x0000000084500000| Untracked 
|  70|0x0000000084600000, 0x0000000084600000, 0x0000000084700000|  0%| F|  |TAMS 0x0000000084600000, 0x0000000084600000| Untracked 
|  71|0x0000000084700000, 0x0000000084700000, 0x0000000084800000|  0%| F|  |TAMS 0x0000000084700000, 0x0000000084700000| Untracked 
|  72|0x0000000084800000, 0x0000000084800000, 0x0000000084900000|  0%| F|  |TAMS 0x0000000084800000, 0x0000000084800000| Untracked 
|  73|0x0000000084900000, 0x0000000084900000, 0x0000000084a00000|  0%| F|  |TAMS 0x0000000084900000, 0x0000000084900000| Untracked 
|  74|0x0000000084a00000, 0x0000000084a00000, 0x0000000084b00000|  0%| F|  |TAMS 0x0000000084a00000, 0x0000000084a00000| Untracked 
|  75|0x0000000084b00000, 0x0000000084b00000, 0x0000000084c00000|  0%| F|  |TAMS 0x0000000084b00000, 0x0000000084b00000| Untracked 
|  76|0x0000000084c00000, 0x0000000084c00000, 0x0000000084d00000|  0%| F|  |TAMS 0x0000000084c00000, 0x0000000084c00000| Untracked 
|  77|0x0000000084d00000, 0x0000000084d00000, 0x0000000084e00000|  0%| F|  |TAMS 0x0000000084d00000, 0x0000000084d00000| Untracked 
|  78|0x0000000084e00000, 0x0000000084e00000, 0x0000000084f00000|  0%| F|  |TAMS 0x0000000084e00000, 0x0000000084e00000| Untracked 
|  79|0x0000000084f00000, 0x0000000084f00000, 0x0000000085000000|  0%| F|  |TAMS 0x0000000084f00000, 0x0000000084f00000| Untracked 
|  80|0x0000000085000000, 0x0000000085000000, 0x0000000085100000|  0%| F|  |TAMS 0x0000000085000000, 0x0000000085000000| Untracked 
|  81|0x0000000085100000, 0x0000000085100000, 0x0000000085200000|  0%| F|  |TAMS 0x0000000085100000, 0x0000000085100000| Untracked 
|  82|0x0000000085200000, 0x0000000085200000, 0x0000000085300000|  0%| F|  |TAMS 0x0000000085200000, 0x0000000085200000| Untracked 
|  83|0x0000000085300000, 0x0000000085300000, 0x0000000085400000|  0%| F|  |TAMS 0x0000000085300000, 0x0000000085300000| Untracked 
|  84|0x0000000085400000, 0x0000000085400000, 0x0000000085500000|  0%| F|  |TAMS 0x0000000085400000, 0x0000000085400000| Untracked 
|  85|0x0000000085500000, 0x0000000085500000, 0x0000000085600000|  0%| F|  |TAMS 0x0000000085500000, 0x0000000085500000| Untracked 
|  86|0x0000000085600000, 0x0000000085600000, 0x0000000085700000|  0%| F|  |TAMS 0x0000000085600000, 0x0000000085600000| Untracked 
|  87|0x0000000085700000, 0x0000000085780c10, 0x0000000085800000| 50%| E|  |TAMS 0x0000000085700000, 0x0000000085700000| Complete 
|  88|0x0000000085800000, 0x0000000085900000, 0x0000000085900000|100%| E|CS|TAMS 0x0000000085800000, 0x0000000085800000| Complete 
|  89|0x0000000085900000, 0x0000000085a00000, 0x0000000085a00000|100%| E|CS|TAMS 0x0000000085900000, 0x0000000085900000| Complete 
|  90|0x0000000085a00000, 0x0000000085b00000, 0x0000000085b00000|100%| E|CS|TAMS 0x0000000085a00000, 0x0000000085a00000| Complete 
|  91|0x0000000085b00000, 0x0000000085c00000, 0x0000000085c00000|100%| E|CS|TAMS 0x0000000085b00000, 0x0000000085b00000| Complete 
|  92|0x0000000085c00000, 0x0000000085d00000, 0x0000000085d00000|100%| S|CS|TAMS 0x0000000085c00000, 0x0000000085c00000| Complete 
|  93|0x0000000085d00000, 0x0000000085e00000, 0x0000000085e00000|100%| S|CS|TAMS 0x0000000085d00000, 0x0000000085d00000| Complete 
|  94|0x0000000085e00000, 0x0000000085f00000, 0x0000000085f00000|100%| S|CS|TAMS 0x0000000085e00000, 0x0000000085e00000| Complete 
|  95|0x0000000085f00000, 0x0000000086000000, 0x0000000086000000|100%| S|CS|TAMS 0x0000000085f00000, 0x0000000085f00000| Complete 
|  96|0x0000000086000000, 0x0000000086100000, 0x0000000086100000|100%| E|CS|TAMS 0x0000000086000000, 0x0000000086000000| Complete 
|  97|0x0000000086100000, 0x0000000086200000, 0x0000000086200000|100%| E|CS|TAMS 0x0000000086100000, 0x0000000086100000| Complete 
|  98|0x0000000086200000, 0x0000000086300000, 0x0000000086300000|100%| E|CS|TAMS 0x0000000086200000, 0x0000000086200000| Complete 
|  99|0x0000000086300000, 0x0000000086400000, 0x0000000086400000|100%| E|CS|TAMS 0x0000000086300000, 0x0000000086300000| Complete 
| 100|0x0000000086400000, 0x0000000086500000, 0x0000000086500000|100%| E|CS|TAMS 0x0000000086400000, 0x0000000086400000| Complete 
| 101|0x0000000086500000, 0x0000000086600000, 0x0000000086600000|100%| E|CS|TAMS 0x0000000086500000, 0x0000000086500000| Complete 
| 102|0x0000000086600000, 0x0000000086700000, 0x0000000086700000|100%| E|CS|TAMS 0x0000000086600000, 0x0000000086600000| Complete 
| 103|0x0000000086700000, 0x0000000086800000, 0x0000000086800000|100%| E|CS|TAMS 0x0000000086700000, 0x0000000086700000| Complete 
| 104|0x0000000086800000, 0x0000000086900000, 0x0000000086900000|100%| E|CS|TAMS 0x0000000086800000, 0x0000000086800000| Complete 
| 105|0x0000000086900000, 0x0000000086a00000, 0x0000000086a00000|100%| E|CS|TAMS 0x0000000086900000, 0x0000000086900000| Complete 
| 106|0x0000000086a00000, 0x0000000086b00000, 0x0000000086b00000|100%| E|CS|TAMS 0x0000000086a00000, 0x0000000086a00000| Complete 
| 107|0x0000000086b00000, 0x0000000086c00000, 0x0000000086c00000|100%| E|CS|TAMS 0x0000000086b00000, 0x0000000086b00000| Complete 
| 108|0x0000000086c00000, 0x0000000086d00000, 0x0000000086d00000|100%| E|CS|TAMS 0x0000000086c00000, 0x0000000086c00000| Complete 
| 109|0x0000000086d00000, 0x0000000086e00000, 0x0000000086e00000|100%| E|CS|TAMS 0x0000000086d00000, 0x0000000086d00000| Complete 
| 110|0x0000000086e00000, 0x0000000086f00000, 0x0000000086f00000|100%| E|CS|TAMS 0x0000000086e00000, 0x0000000086e00000| Complete 
| 111|0x0000000086f00000, 0x0000000087000000, 0x0000000087000000|100%| E|CS|TAMS 0x0000000086f00000, 0x0000000086f00000| Complete 
| 112|0x0000000087000000, 0x0000000087100000, 0x0000000087100000|100%| E|CS|TAMS 0x0000000087000000, 0x0000000087000000| Complete 
| 113|0x0000000087100000, 0x0000000087200000, 0x0000000087200000|100%| E|CS|TAMS 0x0000000087100000, 0x0000000087100000| Complete 
| 114|0x0000000087200000, 0x0000000087300000, 0x0000000087300000|100%| E|CS|TAMS 0x0000000087200000, 0x0000000087200000| Complete 
| 115|0x0000000087300000, 0x0000000087400000, 0x0000000087400000|100%| E|CS|TAMS 0x0000000087300000, 0x0000000087300000| Complete 
| 116|0x0000000087400000, 0x0000000087500000, 0x0000000087500000|100%| E|CS|TAMS 0x0000000087400000, 0x0000000087400000| Complete 
| 117|0x0000000087500000, 0x0000000087600000, 0x0000000087600000|100%| E|CS|TAMS 0x0000000087500000, 0x0000000087500000| Complete 
| 118|0x0000000087600000, 0x0000000087700000, 0x0000000087700000|100%| E|CS|TAMS 0x0000000087600000, 0x0000000087600000| Complete 
| 119|0x0000000087700000, 0x0000000087800000, 0x0000000087800000|100%| E|CS|TAMS 0x0000000087700000, 0x0000000087700000| Complete 
| 120|0x0000000087800000, 0x0000000087900000, 0x0000000087900000|100%| E|CS|TAMS 0x0000000087800000, 0x0000000087800000| Complete 
| 121|0x0000000087900000, 0x0000000087a00000, 0x0000000087a00000|100%| E|CS|TAMS 0x0000000087900000, 0x0000000087900000| Complete 
| 122|0x0000000087a00000, 0x0000000087b00000, 0x0000000087b00000|100%| E|CS|TAMS 0x0000000087a00000, 0x0000000087a00000| Complete 
| 123|0x0000000087b00000, 0x0000000087c00000, 0x0000000087c00000|100%| E|CS|TAMS 0x0000000087b00000, 0x0000000087b00000| Complete 
| 124|0x0000000087c00000, 0x0000000087d00000, 0x0000000087d00000|100%| E|CS|TAMS 0x0000000087c00000, 0x0000000087c00000| Complete 
| 125|0x0000000087d00000, 0x0000000087e00000, 0x0000000087e00000|100%| E|CS|TAMS 0x0000000087d00000, 0x0000000087d00000| Complete 
| 126|0x0000000087e00000, 0x0000000087f00000, 0x0000000087f00000|100%| E|CS|TAMS 0x0000000087e00000, 0x0000000087e00000| Complete 
| 127|0x0000000087f00000, 0x0000000088000000, 0x0000000088000000|100%| E|CS|TAMS 0x0000000087f00000, 0x0000000087f00000| Complete 

Card table byte_map: [0x000001576f8e0000,0x000001576fce0000] _byte_map_base: 0x000001576f4e0000

Marking Bits (Prev, Next): (CMBitMap*) 0x000001575cd44c10, (CMBitMap*) 0x000001575cd44c50
 Prev Bits: [0x00000157700e0000, 0x00000157720e0000)
 Next Bits: [0x00000157720e0000, 0x00000157740e0000)

Polling page: 0x000001575c4b0000

Metaspace:

Usage:
  Non-class:     18.11 MB used.
      Class:      2.49 MB used.
       Both:     20.60 MB used.

Virtual space:
  Non-class space:       24.00 MB reserved,      18.25 MB ( 76%) committed,  3 nodes.
      Class space:        1.00 GB reserved,       2.62 MB ( <1%) committed,  1 nodes.
             Both:        1.02 GB reserved,      20.88 MB (  2%) committed. 

Chunk freelists:
   Non-Class:  816.00 KB
       Class:  1.44 MB
        Both:  2.23 MB

MaxMetaspaceSize: unlimited
CompressedClassSpaceSize: 1.00 GB
Initial GC threshold: 21.00 MB
Current GC threshold: 21.00 MB
CDS: off
MetaspaceReclaimPolicy: balanced
 - commit_granule_bytes: 65536.
 - commit_granule_words: 8192.
 - virtual_space_node_default_size: 1048576.
 - enlarge_chunks_in_place: 1.
 - new_chunks_are_fully_committed: 0.
 - uncommit_free_chunks: 1.
 - use_allocation_guard: 0.
 - handle_deallocations: 1.


Internal statistics:

num_allocs_failed_limit: 0.
num_arena_births: 176.
num_arena_deaths: 0.
num_vsnodes_births: 4.
num_vsnodes_deaths: 0.
num_space_committed: 334.
num_space_uncommitted: 0.
num_chunks_returned_to_freelist: 0.
num_chunks_taken_from_freelist: 540.
num_chunk_merges: 0.
num_chunk_splits: 364.
num_chunks_enlarged: 275.
num_purges: 0.
num_inconsistent_stats: 0.

CodeHeap 'non-profiled nmethods': size=120000Kb used=886Kb max_used=886Kb free=119113Kb
 bounds [0x0000015767c80000, 0x0000015767ef0000, 0x000001576f1b0000]
CodeHeap 'profiled nmethods': size=120000Kb used=3964Kb max_used=3964Kb free=116035Kb
 bounds [0x00000157601b0000, 0x0000015760590000, 0x00000157676e0000]
CodeHeap 'non-nmethods': size=5760Kb used=1199Kb max_used=1216Kb free=4560Kb
 bounds [0x00000157676e0000, 0x0000015767950000, 0x0000015767c80000]
 total_blobs=2496 nmethods=1990 adapters=419
 compilation: enabled
              stopped_count=0, restarted_count=0
 full_count=0

Compilation events (20 events):
Event: 2.657 Thread 0x000001577743a340 nmethod 1987 0x0000015760582e10 code [0x0000015760582fa0, 0x00000157605830b8]
Event: 2.657 Thread 0x000001577743a340 1990       3       java.lang.invoke.InvokerBytecodeGenerator::emitPushArguments (45 bytes)
Event: 2.657 Thread 0x000001577743a340 nmethod 1990 0x0000015760583190 code [0x0000015760583380, 0x00000157605837f8]
Event: 2.657 Thread 0x000001577743a340 1991       3       java.lang.invoke.LambdaForm$NamedFunction::member (26 bytes)
Event: 2.657 Thread 0x000001577743a340 nmethod 1991 0x0000015760583a90 code [0x0000015760583c20, 0x0000015760583d38]
Event: 2.657 Thread 0x000001577743a340 1992       3       java.lang.invoke.InvokerBytecodeGenerator::isStaticallyInvocable (165 bytes)
Event: 2.658 Thread 0x000001577743a340 nmethod 1992 0x0000015760583e10 code [0x0000015760584240, 0x0000015760585f08]
Event: 2.658 Thread 0x000001577743a340 1993       3       java.lang.invoke.MemberName::isPrivate (8 bytes)
Event: 2.658 Thread 0x000001577743a340 nmethod 1993 0x0000015760586690 code [0x0000015760586820, 0x00000157605869f8]
Event: 2.658 Thread 0x000001577743a340 1985       3       java.lang.invoke.MemberName::isVarargs (23 bytes)
Event: 2.659 Thread 0x000001577743a340 nmethod 1985 0x0000015760586a90 code [0x0000015760586c60, 0x00000157605870f8]
Event: 2.659 Thread 0x000001577743a340 1986       3       java.lang.invoke.DirectMethodHandle::make (275 bytes)
Event: 2.660 Thread 0x000001577743a340 nmethod 1986 0x0000015760587290 code [0x0000015760587620, 0x0000015760588ab8]
Event: 2.670 Thread 0x000001577743a340 1994   !   3       sun.reflect.generics.factory.CoreReflectionFactory::makeNamedType (21 bytes)
Event: 2.671 Thread 0x000001577743a340 nmethod 1994 0x0000015760589310 code [0x00000157605894c0, 0x0000015760589708]
Event: 2.671 Thread 0x000001577743a340 1995       3       sun.reflect.generics.factory.CoreReflectionFactory::getDeclsLoader (85 bytes)
Event: 2.672 Thread 0x000001577743a340 nmethod 1995 0x0000015760589890 code [0x0000015760589c60, 0x000001576058bd78]
Event: 2.672 Thread 0x000001577743a340 1996       3       sun.reflect.generics.tree.ClassTypeSignature::accept (8 bytes)
Event: 2.672 Thread 0x000001577743a340 nmethod 1996 0x000001576058c590 code [0x000001576058c740, 0x000001576058c8c8]
Event: 2.672 Thread 0x000001577743a340 1997       3       sun.reflect.generics.visitor.Reifier::visitClassTypeSignature (381 bytes)

GC Heap History (4 events):
Event: 1.100 GC heap before
{Heap before GC invocations=0 (full 0):
 garbage-first heap   total 131072K, used 26624K [0x0000000080000000, 0x0000000100000000)
  region size 1024K, 23 young (23552K), 0 survivors (0K)
 Metaspace       used 10259K, committed 10432K, reserved 1064960K
  class space    used 1058K, committed 1152K, reserved 1048576K
}
Event: 1.105 GC heap after
{Heap after GC invocations=1 (full 0):
 garbage-first heap   total 131072K, used 10068K [0x0000000080000000, 0x0000000100000000)
  region size 1024K, 3 young (3072K), 3 survivors (3072K)
 Metaspace       used 10259K, committed 10432K, reserved 1064960K
  class space    used 1058K, committed 1152K, reserved 1048576K
}
Event: 1.471 GC heap before
{Heap before GC invocations=1 (full 0):
 garbage-first heap   total 131072K, used 40788K [0x0000000080000000, 0x0000000100000000)
  region size 1024K, 32 young (32768K), 3 survivors (3072K)
 Metaspace       used 11208K, committed 11456K, reserved 1064960K
  class space    used 1162K, committed 1280K, reserved 1048576K
}
Event: 1.476 GC heap after
{Heap after GC invocations=2 (full 0):
 garbage-first heap   total 131072K, used 14582K [0x0000000080000000, 0x0000000100000000)
  region size 1024K, 4 young (4096K), 4 survivors (4096K)
 Metaspace       used 11208K, committed 11456K, reserved 1064960K
  class space    used 1162K, committed 1280K, reserved 1048576K
}

Dll operation events (2 events):
Event: 0.007 Loaded shared library C:\Program Files\Android\Android Studio\jbr\bin\java.dll
Event: 0.561 Loaded shared library C:\Program Files\Android\Android Studio\jbr\bin\verify.dll

Deoptimization events (20 events):
Event: 2.397 Thread 0x0000015778996970 Uncommon trap: trap_request=0xffffffde fr.pc=0x0000015767d4f7c4 relative=0x0000000000000124
Event: 2.397 Thread 0x0000015778996970 Uncommon trap: reason=class_check action=maybe_recompile pc=0x0000015767d4f7c4 method=jdk.internal.misc.Unsafe.allocateUninitializedArray(Ljava/lang/Class;I)Ljava/lang/Object; @ 51 c2
Event: 2.397 Thread 0x0000015778996970 DEOPT PACKING pc=0x0000015767d4f7c4 sp=0x00000033204fb150
Event: 2.397 Thread 0x0000015778996970 DEOPT UNPACKING pc=0x00000157677369a3 sp=0x00000033204fb0d8 mode 2
Event: 2.397 Thread 0x0000015778996970 Uncommon trap: trap_request=0xffffffde fr.pc=0x0000015767d4f7c4 relative=0x0000000000000124
Event: 2.397 Thread 0x0000015778996970 Uncommon trap: reason=class_check action=maybe_recompile pc=0x0000015767d4f7c4 method=jdk.internal.misc.Unsafe.allocateUninitializedArray(Ljava/lang/Class;I)Ljava/lang/Object; @ 51 c2
Event: 2.397 Thread 0x0000015778996970 DEOPT PACKING pc=0x0000015767d4f7c4 sp=0x00000033204fadf0
Event: 2.397 Thread 0x0000015778996970 DEOPT UNPACKING pc=0x00000157677369a3 sp=0x00000033204fad78 mode 2
Event: 2.397 Thread 0x0000015778996970 Uncommon trap: trap_request=0xffffffde fr.pc=0x0000015767d4f7c4 relative=0x0000000000000124
Event: 2.397 Thread 0x0000015778996970 Uncommon trap: reason=class_check action=maybe_recompile pc=0x0000015767d4f7c4 method=jdk.internal.misc.Unsafe.allocateUninitializedArray(Ljava/lang/Class;I)Ljava/lang/Object; @ 51 c2
Event: 2.397 Thread 0x0000015778996970 DEOPT PACKING pc=0x0000015767d4f7c4 sp=0x00000033204fb070
Event: 2.397 Thread 0x0000015778996970 DEOPT UNPACKING pc=0x00000157677369a3 sp=0x00000033204faff8 mode 2
Event: 2.522 Thread 0x0000015778996970 Uncommon trap: trap_request=0xffffff45 fr.pc=0x0000015767ccc97c relative=0x000000000000023c
Event: 2.522 Thread 0x0000015778996970 Uncommon trap: reason=unstable_if action=reinterpret pc=0x0000015767ccc97c method=java.util.HashMap.getNode(Ljava/lang/Object;)Ljava/util/HashMap$Node; @ 66 c2
Event: 2.522 Thread 0x0000015778996970 DEOPT PACKING pc=0x0000015767ccc97c sp=0x00000033204fc3c0
Event: 2.522 Thread 0x0000015778996970 DEOPT UNPACKING pc=0x00000157677369a3 sp=0x00000033204fc340 mode 2
Event: 2.538 Thread 0x0000015778996970 Uncommon trap: trap_request=0xffffff45 fr.pc=0x0000015767d1daf0 relative=0x0000000000000250
Event: 2.538 Thread 0x0000015778996970 Uncommon trap: reason=unstable_if action=reinterpret pc=0x0000015767d1daf0 method=java.util.concurrent.ConcurrentHashMap.get(Ljava/lang/Object;)Ljava/lang/Object; @ 76 c2
Event: 2.538 Thread 0x0000015778996970 DEOPT PACKING pc=0x0000015767d1daf0 sp=0x00000033204fb940
Event: 2.538 Thread 0x0000015778996970 DEOPT UNPACKING pc=0x00000157677369a3 sp=0x00000033204fb8b8 mode 2

Classes unloaded (0 events):
No events

Classes redefined (0 events):
No events

Internal exceptions (20 events):
Event: 0.797 Thread 0x000001575cce9df0 Exception <a 'java/lang/NoSuchMethodError'{0x0000000086e3b5f8}: 'void java.lang.invoke.DelegatingMethodHandle$Holder.delegate(java.lang.Object, java.lang.Object, int, java.lang.Object)'> (0x0000000086e3b5f8) 
thrown [s\src\hotspot\share\interpreter\linkResolver.cpp, line 771]
Event: 0.798 Thread 0x000001575cce9df0 Exception <a 'java/lang/NoSuchMethodError'{0x0000000086e3f740}: 'int java.lang.invoke.DirectMethodHandle$Holder.invokeSpecial(java.lang.Object, java.lang.Object, java.lang.Object)'> (0x0000000086e3f740) 
thrown [s\src\hotspot\share\interpreter\linkResolver.cpp, line 771]
Event: 0.802 Thread 0x000001575cce9df0 Exception <a 'java/lang/NoSuchMethodError'{0x0000000086e53018}: 'java.lang.Object java.lang.invoke.Invokers$Holder.invokeExact_MT(java.lang.Object, java.lang.Object, java.lang.Object, java.lang.Object)'> (0x0000000086e53018) 
thrown [s\src\hotspot\share\interpreter\linkResolver.cpp, line 771]
Event: 1.170 Thread 0x000001575cce9df0 Exception <a 'java/lang/NoSuchMethodError'{0x0000000087dd49c0}: 'void java.lang.invoke.DirectMethodHandle$Holder.invokeInterface(java.lang.Object, java.lang.Object, java.lang.Object)'> (0x0000000087dd49c0) 
thrown [s\src\hotspot\share\interpreter\linkResolver.cpp, line 771]
Event: 1.693 Thread 0x000001575cce9df0 Exception <a 'java/lang/NoSuchMethodError'{0x000000008745d258}: 'java.lang.Object java.lang.invoke.DirectMethodHandle$Holder.invokeStaticInit(java.lang.Object)'> (0x000000008745d258) 
thrown [s\src\hotspot\share\interpreter\linkResolver.cpp, line 771]
Event: 1.730 Thread 0x000001575cce9df0 Exception <a 'java/lang/NoSuchMethodError'{0x00000000874bed70}: 'java.lang.Object java.lang.invoke.DirectMethodHandle$Holder.invokeInterface(java.lang.Object, java.lang.Object)'> (0x00000000874bed70) 
thrown [s\src\hotspot\share\interpreter\linkResolver.cpp, line 771]
Event: 1.886 Thread 0x000001575cce9df0 Exception <a 'java/lang/NoSuchMethodError'{0x0000000086fb9648}: 'java.lang.Object java.lang.invoke.DirectMethodHandle$Holder.invokeStaticInit(java.lang.Object, int, int, int, int)'> (0x0000000086fb9648) 
thrown [s\src\hotspot\share\interpreter\linkResolver.cpp, line 771]
Event: 1.968 Thread 0x000001575cce9df0 Exception <a 'java/lang/NoSuchMethodError'{0x0000000086e791e0}: 'java.lang.Object java.lang.invoke.DirectMethodHandle$Holder.invokeStaticInit(java.lang.Object, java.lang.Object, int, int, int, int)'> (0x0000000086e791e0) 
thrown [s\src\hotspot\share\interpreter\linkResolver.cpp, line 771]
Event: 2.174 Thread 0x000001575cce9df0 Exception <a 'java/lang/NoSuchMethodError'{0x0000000086c27680}: 'void java.lang.invoke.DirectMethodHandle$Holder.invokeStatic(java.lang.Object, java.lang.Object, java.lang.Object)'> (0x0000000086c27680) 
thrown [s\src\hotspot\share\interpreter\linkResolver.cpp, line 771]
Event: 2.190 Thread 0x000001575cce9df0 Exception <a 'java/io/IOException'{0x0000000086cc12e0}> (0x0000000086cc12e0) 
thrown [s\src\hotspot\share\prims\jni.cpp, line 517]
Event: 2.350 Thread 0x0000015778996970 Exception <a 'java/lang/NoSuchMethodError'{0x0000000086547ef0}: 'long java.lang.invoke.DirectMethodHandle$Holder.invokeInterface(java.lang.Object, java.lang.Object)'> (0x0000000086547ef0) 
thrown [s\src\hotspot\share\interpreter\linkResolver.cpp, line 771]
Event: 2.354 Thread 0x0000015778996970 Exception <a 'java/lang/NoSuchMethodError'{0x0000000086589bb8}: 'java.lang.Object java.lang.invoke.DirectMethodHandle$Holder.invokeVirtual(java.lang.Object, java.lang.Object, java.lang.Object)'> (0x0000000086589bb8) 
thrown [s\src\hotspot\share\interpreter\linkResolver.cpp, line 771]
Event: 2.528 Thread 0x0000015778996970 Exception <a 'java/lang/NoSuchMethodError'{0x00000000861de2f0}: 'java.lang.Object java.lang.invoke.DirectMethodHandle$Holder.newInvokeSpecial(java.lang.Object, java.lang.Object, java.lang.Object, java.lang.Object, java.lang.Object)'> (0x00000000861de2f0) 
thrown [s\src\hotspot\share\interpreter\linkResolver.cpp, line 771]
Event: 2.593 Thread 0x0000015778996970 Exception <a 'java/lang/NoSuchMethodError'{0x0000000085b84500}: 'void java.lang.invoke.DirectMethodHandle$Holder.invokeSpecial(java.lang.Object, java.lang.Object, java.lang.Object)'> (0x0000000085b84500) 
thrown [s\src\hotspot\share\interpreter\linkResolver.cpp, line 771]
Event: 2.605 Thread 0x0000015778996970 Exception <a 'java/lang/NoSuchMethodError'{0x0000000085a05250}: 'java.lang.Object java.lang.invoke.DirectMethodHandle$Holder.newInvokeSpecial(java.lang.Object, java.lang.Object, java.lang.Object, java.lang.Object, java.lang.Object, java.lang.Object)'> (0x0000000085a05250) 
thrown [s\src\hotspot\share\interpreter\linkResolver.cpp, line 771]
Event: 2.605 Thread 0x0000015778996970 Exception <a 'java/lang/NoSuchMethodError'{0x0000000085a12230}: 'void java.lang.invoke.DirectMethodHandle$Holder.invokeSpecial(java.lang.Object, java.lang.Object, java.lang.Object, java.lang.Object, java.lang.Object)'> (0x0000000085a12230) 
thrown [s\src\hotspot\share\interpreter\linkResolver.cpp, line 771]
Event: 2.651 Thread 0x0000015778996970 Exception <a 'java/lang/NoSuchMethodError'{0x000000008589c1d0}: 'void java.lang.invoke.DelegatingMethodHandle$Holder.reinvoke_L(java.lang.Object, java.lang.Object, java.lang.Object, java.lang.Object, java.lang.Object, java.lang.Object, java.lang.Object, java.lang.Object, java.lang.Object, java.lang.Object, java.lang.Object)'> (0x000000008589c1d0) 
thrown [s\src\hotspot\share\interpreter\linkResolver.cpp, line 771]
Event: 2.651 Thread 0x0000015778996970 Exception <a 'java/lang/NoSuchMethodError'{0x00000000858a4cd0}: 'java.lang.Object java.lang.invoke.DirectMethodHandle$Holder.invokeSpecial(java.lang.Object, java.lang.Object, java.lang.Object, java.lang.Object, java.lang.Object, java.lang.Object, java.lang.Object, java.lang.Object, java.lang.Object, java.lang.Object, java.lang.Object)'> (0x00000000858a4cd0) 
thrown [s\src\hotspot\share\interpreter\linkResolver.cpp, line 771]
Event: 2.652 Thread 0x0000015778996970 Exception <a 'java/lang/NoSuchMethodError'{0x00000000858a9798}: 'java.lang.Object java.lang.invoke.Invokers$Holder.invoker(java.lang.Object, java.lang.Object, java.lang.Object, java.lang.Object, java.lang.Object, java.lang.Object, java.lang.Object, java.lang.Object, java.lang.Object, java.lang.Object, java.lang.Object)'> (0x00000000858a9798) 
thrown [s\src\hotspot\share\interpreter\linkResolver.cpp, line 771]
Event: 2.652 Thread 0x0000015778996970 Exception <a 'java/lang/NoSuchMethodError'{0x00000000858af590}: 'java.lang.Object java.lang.invoke.DirectMethodHandle$Holder.invokeSpecial(java.lang.Object, java.lang.Object, java.lang.Object, java.lang.Object, java.lang.Object, java.lang.Object, java.lang.Object, java.lang.Object, java.lang.Object, java.lang.Object, java.lang.Object, java.lang.Object)'> (0x00000000858af590) 
thrown [s\src\hotspot\share\interpreter\linkResolver.cpp, line 771]

VM Operations (20 events):
Event: 1.132 Executing VM operation: HandshakeAllThreads
Event: 1.132 Executing VM operation: HandshakeAllThreads done
Event: 1.471 Executing VM operation: G1CollectForAllocation
Event: 1.476 Executing VM operation: G1CollectForAllocation done
Event: 1.620 Executing VM operation: HandshakeAllThreads
Event: 1.620 Executing VM operation: HandshakeAllThreads done
Event: 1.677 Executing VM operation: HandshakeAllThreads
Event: 1.677 Executing VM operation: HandshakeAllThreads done
Event: 1.722 Executing VM operation: HandshakeAllThreads
Event: 1.722 Executing VM operation: HandshakeAllThreads done
Event: 1.798 Executing VM operation: HandshakeAllThreads
Event: 1.798 Executing VM operation: HandshakeAllThreads done
Event: 1.861 Executing VM operation: HandshakeAllThreads
Event: 1.861 Executing VM operation: HandshakeAllThreads done
Event: 1.943 Executing VM operation: HandshakeAllThreads
Event: 1.944 Executing VM operation: HandshakeAllThreads done
Event: 2.173 Executing VM operation: HandshakeAllThreads
Event: 2.173 Executing VM operation: HandshakeAllThreads done
Event: 2.225 Executing VM operation: HandshakeAllThreads
Event: 2.225 Executing VM operation: HandshakeAllThreads done

Events (20 events):
Event: 2.546 loading class java/util/stream/MatchOps$BooleanTerminalSink
Event: 2.546 loading class java/util/stream/MatchOps$BooleanTerminalSink done
Event: 2.546 loading class java/util/stream/MatchOps$1MatchSink
Event: 2.551 loading class java/util/stream/MatchOps$1MatchSink done
Event: 2.615 loading class java/lang/invoke/MethodHandle$1
Event: 2.615 loading class java/lang/invoke/MethodHandle$1 done
Event: 2.619 loading class java/util/ConcurrentModificationException
Event: 2.620 loading class java/util/ConcurrentModificationException done
Event: 2.637 loading class sun/reflect/generics/scope/ConstructorScope
Event: 2.637 loading class sun/reflect/generics/scope/ConstructorScope done
Event: 2.637 loading class sun/reflect/generics/tree/VoidDescriptor
Event: 2.637 loading class sun/reflect/generics/tree/VoidDescriptor done
Event: 2.654 loading class java/lang/invoke/BoundMethodHandle$Species_LLLLLLLL
Event: 2.654 loading class java/lang/invoke/BoundMethodHandle$Species_LLLLLLLL done
Event: 2.654 loading class java/lang/invoke/BoundMethodHandle$Species_LLLLLLLLL
Event: 2.654 loading class java/lang/invoke/BoundMethodHandle$Species_LLLLLLLLL done
Event: 2.655 loading class java/lang/invoke/BoundMethodHandle$Species_LLLLLLLLLL
Event: 2.655 loading class java/lang/invoke/BoundMethodHandle$Species_LLLLLLLLLL done
Event: 2.656 loading class java/lang/invoke/BoundMethodHandle$Species_LLLLLLLLLLL
Event: 2.656 loading class java/lang/invoke/BoundMethodHandle$Species_LLLLLLLLLLL done


Dynamic libraries:
0x00007ff78f0a0000 - 0x00007ff78f0aa000 	C:\Program Files\Android\Android Studio\jbr\bin\java.exe
0x00007ffe110f0000 - 0x00007ffe11307000 	C:\Windows\SYSTEM32\ntdll.dll
0x00007ffe10090000 - 0x00007ffe10154000 	C:\Windows\System32\KERNEL32.DLL
0x00007ffe0ea90000 - 0x00007ffe0ee36000 	C:\Windows\System32\KERNELBASE.dll
0x00007ffe0e900000 - 0x00007ffe0ea11000 	C:\Windows\System32\ucrtbase.dll
0x00007ffde14c0000 - 0x00007ffde14db000 	C:\Program Files\Android\Android Studio\jbr\bin\VCRUNTIME140.dll
0x00007ffdfad80000 - 0x00007ffdfad97000 	C:\Program Files\Android\Android Studio\jbr\bin\jli.dll
0x00007ffe0f930000 - 0x00007ffe0fade000 	C:\Windows\System32\USER32.dll
0x00007ffdf7a60000 - 0x00007ffdf7cf3000 	C:\Windows\WinSxS\amd64_microsoft.windows.common-controls_6595b64144ccf1df_6.0.22621.2506_none_270c5ae97388e100\COMCTL32.dll
0x00007ffe0e8d0000 - 0x00007ffe0e8f6000 	C:\Windows\System32\win32u.dll
0x00007ffe0f470000 - 0x00007ffe0f517000 	C:\Windows\System32\msvcrt.dll
0x00007ffe0fb50000 - 0x00007ffe0fb79000 	C:\Windows\System32\GDI32.dll
0x00007ffe0e520000 - 0x00007ffe0e638000 	C:\Windows\System32\gdi32full.dll
0x00007ffe0e830000 - 0x00007ffe0e8ca000 	C:\Windows\System32\msvcp_win.dll
0x00007ffe10b90000 - 0x00007ffe10bc1000 	C:\Windows\System32\IMM32.DLL
0x00007ffdea8e0000 - 0x00007ffdea8ec000 	C:\Program Files\Android\Android Studio\jbr\bin\vcruntime140_1.dll
0x00007ffdd52c0000 - 0x00007ffdd534d000 	C:\Program Files\Android\Android Studio\jbr\bin\msvcp140.dll
0x00007ffd964a0000 - 0x00007ffd9710e000 	C:\Program Files\Android\Android Studio\jbr\bin\server\jvm.dll
0x00007ffe10ac0000 - 0x00007ffe10b71000 	C:\Windows\System32\ADVAPI32.dll
0x00007ffe0f3c0000 - 0x00007ffe0f465000 	C:\Windows\System32\sechost.dll
0x00007ffe0f6f0000 - 0x00007ffe0f807000 	C:\Windows\System32\RPCRT4.dll
0x00007ffe0b190000 - 0x00007ffe0b199000 	C:\Windows\SYSTEM32\WSOCK32.dll
0x00007ffe073e0000 - 0x00007ffe07414000 	C:\Windows\SYSTEM32\WINMM.dll
0x00007ffe0f670000 - 0x00007ffe0f6e1000 	C:\Windows\System32\WS2_32.dll
0x00007ffe07420000 - 0x00007ffe0742a000 	C:\Windows\SYSTEM32\VERSION.dll
0x00007ffe0d550000 - 0x00007ffe0d568000 	C:\Windows\SYSTEM32\kernel.appcore.dll
0x00007ffe08800000 - 0x00007ffe0880a000 	C:\Program Files\Android\Android Studio\jbr\bin\jimage.dll
0x00007ffe0bd70000 - 0x00007ffe0bfa3000 	C:\Windows\SYSTEM32\DBGHELP.DLL
0x00007ffe0fd00000 - 0x00007ffe10089000 	C:\Windows\System32\combase.dll
0x00007ffe0f2c0000 - 0x00007ffe0f397000 	C:\Windows\System32\OLEAUT32.dll
0x00007ffde8e40000 - 0x00007ffde8e72000 	C:\Windows\SYSTEM32\dbgcore.DLL
0x00007ffe0e640000 - 0x00007ffe0e6ba000 	C:\Windows\System32\bcryptPrimitives.dll
0x00007ffdfe4c0000 - 0x00007ffdfe4e5000 	C:\Program Files\Android\Android Studio\jbr\bin\java.dll
0x00007ffdfe560000 - 0x00007ffdfe578000 	C:\Program Files\Android\Android Studio\jbr\bin\zip.dll
0x00007ffe10260000 - 0x00007ffe10aba000 	C:\Windows\System32\SHELL32.dll
0x00007ffe0c390000 - 0x00007ffe0cc86000 	C:\Windows\SYSTEM32\windows.storage.dll
0x00007ffe0c250000 - 0x00007ffe0c38e000 	C:\Windows\SYSTEM32\wintypes.dll
0x00007ffe0fc00000 - 0x00007ffe0fcf3000 	C:\Windows\System32\SHCORE.dll
0x00007ffe10bd0000 - 0x00007ffe10c2e000 	C:\Windows\System32\shlwapi.dll
0x00007ffe0e390000 - 0x00007ffe0e3b6000 	C:\Windows\SYSTEM32\profapi.dll
0x00007ffdfbb90000 - 0x00007ffdfbba9000 	C:\Program Files\Android\Android Studio\jbr\bin\net.dll
0x00007ffe06460000 - 0x00007ffe06597000 	C:\Windows\SYSTEM32\WINHTTP.dll
0x00007ffe0d9d0000 - 0x00007ffe0da39000 	C:\Windows\system32\mswsock.dll
0x00007ffdfbb70000 - 0x00007ffdfbb86000 	C:\Program Files\Android\Android Studio\jbr\bin\nio.dll
0x00007ffe085c0000 - 0x00007ffe085d0000 	C:\Program Files\Android\Android Studio\jbr\bin\verify.dll
0x00007ffde40d0000 - 0x00007ffde40f7000 	C:\Users\ducdu\.gradle\native\68d5fa5c4cc2d200863cafc0d521ce42e7d3e7ee720ec0a83991735586a16f82\windows-amd64\native-platform.dll
0x00007ffdc7980000 - 0x00007ffdc7ac4000 	C:\Users\ducdu\.gradle\native\e376f236ea51e6404a007f0833ffe2c6e607c4080706a723a18a27aeea778392\windows-amd64\native-platform-file-events.dll
0x00007ffe08520000 - 0x00007ffe08529000 	C:\Program Files\Android\Android Studio\jbr\bin\management.dll
0x00007ffe08470000 - 0x00007ffe0847b000 	C:\Program Files\Android\Android Studio\jbr\bin\management_ext.dll
0x00007ffe10c30000 - 0x00007ffe10c38000 	C:\Windows\System32\PSAPI.DLL
0x00007ffe0dc20000 - 0x00007ffe0dc3b000 	C:\Windows\SYSTEM32\CRYPTSP.dll
0x00007ffe0d4b0000 - 0x00007ffe0d4e5000 	C:\Windows\system32\rsaenh.dll
0x00007ffe0dac0000 - 0x00007ffe0daec000 	C:\Windows\SYSTEM32\USERENV.dll
0x00007ffe0de10000 - 0x00007ffe0de38000 	C:\Windows\SYSTEM32\bcrypt.dll
0x00007ffe0dc40000 - 0x00007ffe0dc4c000 	C:\Windows\SYSTEM32\CRYPTBASE.dll
0x00007ffe0cf60000 - 0x00007ffe0cf8d000 	C:\Windows\SYSTEM32\IPHLPAPI.DLL
0x00007ffe10b80000 - 0x00007ffe10b89000 	C:\Windows\System32\NSI.dll
0x00007ffe073a0000 - 0x00007ffe073b9000 	C:\Windows\SYSTEM32\dhcpcsvc6.DLL
0x00007ffe06100000 - 0x00007ffe0611f000 	C:\Windows\SYSTEM32\dhcpcsvc.DLL
0x00007ffe0cfd0000 - 0x00007ffe0d0c9000 	C:\Windows\SYSTEM32\DNSAPI.dll
0x00007ffdfe760000 - 0x00007ffdfe768000 	C:\Windows\system32\wshunix.dll

dbghelp: loaded successfully - version: 4.0.5 - missing functions: none
symbol engine: initialized successfully - sym options: 0x614 - pdb path: .;C:\Program Files\Android\Android Studio\jbr\bin;C:\Windows\SYSTEM32;C:\Windows\WinSxS\amd64_microsoft.windows.common-controls_6595b64144ccf1df_6.0.22621.2506_none_270c5ae97388e100;C:\Program Files\Android\Android Studio\jbr\bin\server;C:\Users\ducdu\.gradle\native\68d5fa5c4cc2d200863cafc0d521ce42e7d3e7ee720ec0a83991735586a16f82\windows-amd64;C:\Users\ducdu\.gradle\native\e376f236ea51e6404a007f0833ffe2c6e607c4080706a723a18a27aeea778392\windows-amd64

VM Arguments:
jvm_args: --add-opens=java.base/java.util=ALL-UNNAMED --add-opens=java.base/java.lang=ALL-UNNAMED --add-opens=java.base/java.lang.invoke=ALL-UNNAMED --add-opens=java.prefs/java.util.prefs=ALL-UNNAMED --add-opens=java.base/java.nio.charset=ALL-UNNAMED --add-opens=java.base/java.net=ALL-UNNAMED --add-opens=java.base/java.util.concurrent.atomic=ALL-UNNAMED -Xmx2048m -Dfile.encoding=UTF-8 -Duser.country=US -Duser.language=en -Duser.variant 
java_command: org.gradle.launcher.daemon.bootstrap.GradleDaemon 8.0
java_class_path (initial): C:\Users\ducdu\.gradle\wrapper\dists\gradle-8.0-bin\ca5e32bp14vu59qr306oxotwh\gradle-8.0\lib\gradle-launcher-8.0.jar
Launcher Type: SUN_STANDARD

[Global flags]
     intx CICompilerCount                          = 4                                         {product} {ergonomic}
     uint ConcGCThreads                            = 2                                         {product} {ergonomic}
     uint G1ConcRefinementThreads                  = 8                                         {product} {ergonomic}
   size_t G1HeapRegionSize                         = 1048576                                   {product} {ergonomic}
    uintx GCDrainStackTargetSize                   = 64                                        {product} {ergonomic}
   size_t InitialHeapSize                          = 134217728                                 {product} {ergonomic}
   size_t MarkStackSize                            = 4194304                                   {product} {ergonomic}
   size_t MaxHeapSize                              = 2147483648                                {product} {command line}
   size_t MaxNewSize                               = 1287651328                                {product} {ergonomic}
   size_t MinHeapDeltaBytes                        = 1048576                                   {product} {ergonomic}
   size_t MinHeapSize                              = 8388608                                   {product} {ergonomic}
    uintx NonNMethodCodeHeapSize                   = 5839372                                {pd product} {ergonomic}
    uintx NonProfiledCodeHeapSize                  = 122909434                              {pd product} {ergonomic}
    uintx ProfiledCodeHeapSize                     = 122909434                              {pd product} {ergonomic}
    uintx ReservedCodeCacheSize                    = 251658240                              {pd product} {ergonomic}
     bool SegmentedCodeCache                       = true                                      {product} {ergonomic}
   size_t SoftMaxHeapSize                          = 2147483648                             {manageable} {ergonomic}
     bool UseCompressedClassPointers               = true                           {product lp64_product} {ergonomic}
     bool UseCompressedOops                        = true                           {product lp64_product} {ergonomic}
     bool UseG1GC                                  = true                                      {product} {ergonomic}
     bool UseLargePagesIndividualAllocation        = false                                  {pd product} {ergonomic}

Logging:
Log output configuration:
 #0: stdout all=warning uptime,level,tags
 #1: stderr all=off uptime,level,tags

Environment Variables:
PATH=C:\Windows\system32;C:\Windows;C:\Windows\System32\Wbem;C:\Windows\System32\WindowsPowerShell\v1.0\;C:\Windows\System32\OpenSSH\;C:\Program Files\Git\cmd;C:\Program Files\nodejs\;E:\Android\Sdk\tools\bin;C:\Users\ducdu\AppData\Local\Programs\Python\Python312\Scripts\;C:\Users\ducdu\AppData\Local\Programs\Python\Python312\;C:\Users\ducdu\AppData\Local\Microsoft\WindowsApps;C:\Users\ducdu\AppData\Roaming\npm;C:\Users\ducdu\AppData\Local\Programs\Microsoft VS Code\bin;E:\Android\Sdk\tools\bin;C:\Users\ducdu\AppData\Local\Programs\Python\Python312;
USERNAME=ducdu
OS=Windows_NT
PROCESSOR_IDENTIFIER=Intel64 Family 6 Model 142 Stepping 12, GenuineIntel
TMP=C:\Users\ducdu\AppData\Local\Temp
TEMP=C:\Users\ducdu\AppData\Local\Temp


JNI global refs:
JNI global refs: 22, weak refs: 0

JNI global refs memory usage: 843, weak refs: 841


---------------  S Y S T E M  ---------------

OS:
 Windows 11 , 64 bit Build 22621 (10.0.22621.2506)
OS uptime: 1 days 15:36 hours

CPU: total 8 (initial active 8) (4 cores per cpu, 2 threads per core) family 6 model 142 stepping 12 microcode 0xea, cx8, cmov, fxsr, ht, mmx, 3dnowpref, sse, sse2, sse3, ssse3, sse4.1, sse4.2, popcnt, lzcnt, tsc, tscinvbit, avx, avx2, aes, erms, clmul, bmi1, bmi2, adx, fma, vzeroupper, clflush, clflushopt

Memory: 4k page, system-wide physical 8072M (106M free)
TotalPageFile size 20899M (AvailPageFile size 2M)
current process WorkingSet (physical memory assigned to process): 132M, peak: 132M
current process commit charge ("private bytes"): 250M, peak: 250M

vm_info: OpenJDK 64-Bit Server VM (17.0.6+0-b2043.56-10027231) for windows-amd64 JRE (17.0.6+0-b2043.56-10027231), built on Apr 28 2023 00:43:19 by "androidbuild" with MS VC++ 16.10 / 16.11 (VS2019)

END.
