#
# There is insufficient memory for the Java Runtime Environment to continue.
# Native memory allocation (malloc) failed to allocate 319376 bytes for Chunk::new
# Possible reasons:
#   The system is out of physical RAM or swap space
#   The process is running with CompressedOops enabled, and the Java Heap may be blocking the growth of the native heap
# Possible solutions:
#   Reduce memory load on the system
#   Increase physical memory or swap space
#   Check if swap backing store is full
#   Decrease Java heap size (-Xmx/-Xms)
#   Decrease number of Java threads
#   Decrease Java thread stack sizes (-Xss)
#   Set larger code cache with -XX:ReservedCodeCacheSize=
#   JVM is running with Unscaled Compressed Oops mode in which the Java heap is
#     placed in the first 4GB address space. The Java Heap base address is the
#     maximum limit for the native heap growth. Please use -XX:HeapBaseMinAddress
#     to set the Java Heap base and to place the Java Heap above 4GB virtual address.
# This output file may be truncated or incomplete.
#
#  Out of Memory Error (arena.cpp:189), pid=16988, tid=19864
#
# JRE version: OpenJDK Runtime Environment (17.0.6) (build 17.0.6+0-b2043.56-10027231)
# Java VM: OpenJDK 64-Bit Server VM (17.0.6+0-b2043.56-10027231, mixed mode, tiered, compressed oops, compressed class ptrs, g1 gc, windows-amd64)
# No core dump will be written. Minidumps are not enabled by default on client versions of Windows
#

---------------  S U M M A R Y ------------

Command Line: --add-opens=java.base/java.util=ALL-UNNAMED --add-opens=java.base/java.lang=ALL-UNNAMED --add-opens=java.base/java.lang.invoke=ALL-UNNAMED --add-opens=java.prefs/java.util.prefs=ALL-UNNAMED --add-opens=java.base/java.nio.charset=ALL-UNNAMED --add-opens=java.base/java.net=ALL-UNNAMED --add-opens=java.base/java.util.concurrent.atomic=ALL-UNNAMED -Xmx2048m -Dfile.encoding=UTF-8 -Duser.country=US -Duser.language=en -Duser.variant org.gradle.launcher.daemon.bootstrap.GradleDaemon 8.0

Host: Intel(R) Core(TM) i5-8265U CPU @ 1.60GHz, 8 cores, 7G,  Windows 11 , 64 bit Build 22621 (10.0.22621.2506)
Time: Wed Dec 13 11:14:06 2023 SE Asia Standard Time elapsed time: 16.555679 seconds (0d 0h 0m 16s)

---------------  T H R E A D  ---------------

Current thread (0x000001ecaa846280):  JavaThread "C2 CompilerThread0" daemon [_thread_in_native, id=19864, stack(0x0000001830a00000,0x0000001830b00000)]


Current CompileTask:
C2:  16555 5383   !   4       sun.nio.fs.WindowsPath::initOffsets (153 bytes)

Stack: [0x0000001830a00000,0x0000001830b00000]
Native frames: (J=compiled Java code, j=interpreted, Vv=VM code, C=native code)
V  [jvm.dll+0x683c9a]
V  [jvm.dll+0x8427a4]
V  [jvm.dll+0x843f9e]
V  [jvm.dll+0x844603]
V  [jvm.dll+0x249b75]
V  [jvm.dll+0xabcac]
V  [jvm.dll+0xac27c]
V  [jvm.dll+0x2b0eef]
V  [jvm.dll+0x58a267]
V  [jvm.dll+0x2243b2]
V  [jvm.dll+0x21dbe9]
V  [jvm.dll+0x21b51b]
V  [jvm.dll+0x1a4fdd]
V  [jvm.dll+0x22b098]
V  [jvm.dll+0x229159]
V  [jvm.dll+0x7f81ec]
V  [jvm.dll+0x7f274a]
V  [jvm.dll+0x682ad5]
C  [ucrtbase.dll+0x29363]
C  [KERNEL32.DLL+0x1257d]
C  [ntdll.dll+0x5aa58]


---------------  P R O C E S S  ---------------

Threads class SMR info:
_java_thread_list=0x000001ecaefae610, length=121, elements={
0x000001ec8e0f6820, 0x000001eca9edba60, 0x000001eca9edc8d0, 0x000001ecaa824480,
0x000001ecaa8252f0, 0x000001ecaa826db0, 0x000001ecaa838d70, 0x000001ecaa846280,
0x000001ecaa847c80, 0x000001ecaa848670, 0x000001ecaa99ad60, 0x000001ecaa99b230,
0x000001ecac30a010, 0x000001ecad806f60, 0x000001ecad8060f0, 0x000001ecad805c20,
0x000001ecad8065c0, 0x000001ecad806a90, 0x000001ecad805750, 0x000001ecad787050,
0x000001ecad78da30, 0x000001ecad7896d0, 0x000001ecad78df00, 0x000001ecad7879f0,
0x000001ecad78bd50, 0x000001ecad7866b0, 0x000001ecad786b80, 0x000001ecad78cbc0,
0x000001ecad787520, 0x000001ecad788860, 0x000001ecad788390, 0x000001ecad788d30,
0x000001ecad78b3b0, 0x000001ecad787ec0, 0x000001ecad789200, 0x000001ecad78a070,
0x000001ecad78aee0, 0x000001ecad78d090, 0x000001ecad78d560, 0x000001ecaf38fe80,
0x000001ecaf38e670, 0x000001ecaf3911c0, 0x000001ecaf3946b0, 0x000001ecaf38f4e0,
0x000001ecaf391b60, 0x000001ecaf392030, 0x000001ecaf38d330, 0x000001ecaf3929d0,
0x000001ecaf38f9b0, 0x000001ecaf390350, 0x000001ecaf392500, 0x000001ecaf390820,
0x000001ecaf391690, 0x000001ecaf38ce60, 0x000001ecaf392ea0, 0x000001ecaf38d800,
0x000001ecaf393840, 0x000001ecaf393d10, 0x000001ecaf3941e0, 0x000001ecaf38eb40,
0x000001ecaf38dcd0, 0x000001ecaf38e1a0, 0x000001ecabd948e0, 0x000001ecabd965c0,
0x000001ecabd99ab0, 0x000001ecabd99f80, 0x000001ecabd93a70, 0x000001ecabd92730,
0x000001ecabd98c40, 0x000001ecabd982a0, 0x000001ecabd995e0, 0x000001ecabd935a0,
0x000001ecabd92c00, 0x000001ecabd930d0, 0x000001ecabd95280, 0x000001ecabd95750,
0x000001ecabd97dd0, 0x000001ecabd93f40, 0x000001ecabd94410, 0x000001ecabd94db0,
0x000001ecabd99110, 0x000001ecabd95c20, 0x000001ecabd98770, 0x000001ecabd97900,
0x000001ecabd960f0, 0x000001ecabd96a90, 0x000001ecabd96f60, 0x000001ecabd97430,
0x000001ecaefa02f0, 0x000001ecaefa3310, 0x000001ecaefa4650, 0x000001ecaef9e610,
0x000001ecaefa1fd0, 0x000001ecaef9dc70, 0x000001ecaefa0c90, 0x000001ecaef9f480,
0x000001ecaef9e140, 0x000001ecaefa07c0, 0x000001ecaefa1160, 0x000001ecaef9eae0,
0x000001ecaef9efb0, 0x000001ecaefa1630, 0x000001ecaef9f950, 0x000001ecaefa3cb0,
0x000001ecaefa1b00, 0x000001ecaefa24a0, 0x000001ecaef9fe20, 0x000001ecaefa2970,
0x000001ecaefa2e40, 0x000001ecaefa37e0, 0x000001ecaefa4180, 0x000001ecaefa4b20,
0x000001ecaefa4ff0, 0x000001ecaefa54c0, 0x000001ecaf3e7e60, 0x000001ecaf3ec1c0,
0x000001ecaf3e5cb0, 0x000001ecaf3ea4e0, 0x000001ecaf3e6180, 0x000001ecaf3ec690,
0x000001ecaf3e91a0
}

Java Threads: ( => current thread )
  0x000001ec8e0f6820 JavaThread "main" [_thread_blocked, id=316, stack(0x000000182fd00000,0x000000182fe00000)]
  0x000001eca9edba60 JavaThread "Reference Handler" daemon [_thread_blocked, id=6312, stack(0x0000001830400000,0x0000001830500000)]
  0x000001eca9edc8d0 JavaThread "Finalizer" daemon [_thread_blocked, id=18748, stack(0x0000001830500000,0x0000001830600000)]
  0x000001ecaa824480 JavaThread "Signal Dispatcher" daemon [_thread_blocked, id=24500, stack(0x0000001830600000,0x0000001830700000)]
  0x000001ecaa8252f0 JavaThread "Attach Listener" daemon [_thread_blocked, id=14664, stack(0x0000001830700000,0x0000001830800000)]
  0x000001ecaa826db0 JavaThread "Service Thread" daemon [_thread_blocked, id=19712, stack(0x0000001830800000,0x0000001830900000)]
  0x000001ecaa838d70 JavaThread "Monitor Deflation Thread" daemon [_thread_blocked, id=17004, stack(0x0000001830900000,0x0000001830a00000)]
=>0x000001ecaa846280 JavaThread "C2 CompilerThread0" daemon [_thread_in_native, id=19864, stack(0x0000001830a00000,0x0000001830b00000)]
  0x000001ecaa847c80 JavaThread "C1 CompilerThread0" daemon [_thread_in_native, id=22648, stack(0x0000001830b00000,0x0000001830c00000)]
  0x000001ecaa848670 JavaThread "Sweeper thread" daemon [_thread_blocked, id=4912, stack(0x0000001830c00000,0x0000001830d00000)]
  0x000001ecaa99ad60 JavaThread "Common-Cleaner" daemon [_thread_blocked, id=20800, stack(0x0000001830d00000,0x0000001830e00000)]
  0x000001ecaa99b230 JavaThread "Notification Thread" daemon [_thread_blocked, id=19520, stack(0x0000001830e00000,0x0000001830f00000)]
  0x000001ecac30a010 JavaThread "Daemon health stats" [_thread_blocked, id=592, stack(0x0000001831600000,0x0000001831700000)]
  0x000001ecad806f60 JavaThread "Incoming local TCP Connector on port 57582" [_thread_in_native, id=15652, stack(0x0000001831000000,0x0000001831100000)]
  0x000001ecad8060f0 JavaThread "Daemon periodic checks" [_thread_blocked, id=19152, stack(0x0000001831500000,0x0000001831600000)]
  0x000001ecad805c20 JavaThread "Daemon" [_thread_blocked, id=20436, stack(0x0000001831700000,0x0000001831800000)]
  0x000001ecad8065c0 JavaThread "Handler for socket connection from /127.0.0.1:57582 to /127.0.0.1:57583" [_thread_in_native, id=27616, stack(0x0000001831800000,0x0000001831900000)]
  0x000001ecad806a90 JavaThread "Cancel handler" [_thread_blocked, id=28532, stack(0x0000001831900000,0x0000001831a00000)]
  0x000001ecad805750 JavaThread "Daemon worker" [_thread_in_vm, id=25028, stack(0x0000001831a00000,0x0000001831b00000)]
  0x000001ecad787050 JavaThread "Asynchronous log dispatcher for DefaultDaemonConnection: socket connection from /127.0.0.1:57582 to /127.0.0.1:57583" [_thread_blocked, id=28056, stack(0x0000001831b00000,0x0000001831c00000)]
  0x000001ecad78da30 JavaThread "Stdin handler" [_thread_blocked, id=25476, stack(0x0000001831c00000,0x0000001831d00000)]
  0x000001ecad7896d0 JavaThread "Daemon client event forwarder" [_thread_in_Java, id=17452, stack(0x0000001831d00000,0x0000001831e00000)]
  0x000001ecad78df00 JavaThread "Cache worker for journal cache (C:\Users\ducdu\.gradle\caches\journal-1)" [_thread_blocked, id=27004, stack(0x0000001832200000,0x0000001832300000)]
  0x000001ecad7879f0 JavaThread "File lock request listener" [_thread_in_native, id=15332, stack(0x0000001832300000,0x0000001832400000)]
  0x000001ecad78bd50 JavaThread "Cache worker for file hash cache (C:\Users\ducdu\.gradle\caches\8.0\fileHashes)" [_thread_blocked, id=10456, stack(0x0000001832400000,0x0000001832500000)]
  0x000001ecad7866b0 JavaThread "File watcher server" daemon [_thread_in_native, id=10792, stack(0x0000001832600000,0x0000001832700000)]
  0x000001ecad786b80 JavaThread "File watcher consumer" daemon [_thread_blocked, id=9488, stack(0x0000001832700000,0x0000001832800000)]
  0x000001ecad78cbc0 JavaThread "Cache worker for checksums cache (E:\Air-Care-App\Air-Care-App\.gradle\8.0\checksums)" [_thread_blocked, id=23384, stack(0x0000001832500000,0x0000001832600000)]
  0x000001ecad787520 JavaThread "Cache worker for cache directory md-rule (C:\Users\ducdu\.gradle\caches\8.0\md-rule)" [_thread_blocked, id=20948, stack(0x0000001832800000,0x0000001832900000)]
  0x000001ecad788860 JavaThread "Cache worker for file content cache (C:\Users\ducdu\.gradle\caches\8.0\fileContent)" [_thread_blocked, id=26212, stack(0x0000001832900000,0x0000001832a00000)]
  0x000001ecad788390 JavaThread "Cache worker for file hash cache (E:\Air-Care-App\Air-Care-App\.gradle\8.0\fileHashes)" [_thread_blocked, id=19964, stack(0x0000001832a00000,0x0000001832b00000)]
  0x000001ecad788d30 JavaThread "Cache worker for cache directory md-supplier (C:\Users\ducdu\.gradle\caches\8.0\md-supplier)" [_thread_blocked, id=4932, stack(0x0000001832b00000,0x0000001832c00000)]
  0x000001ecad78b3b0 JavaThread "Cache worker for execution history cache (C:\Users\ducdu\.gradle\caches\8.0\executionHistory)" [_thread_blocked, id=7904, stack(0x0000001832c00000,0x0000001832d00000)]
  0x000001ecad787ec0 JavaThread "jar transforms" [_thread_blocked, id=27336, stack(0x0000001832d00000,0x0000001832e00000)]
  0x000001ecad789200 JavaThread "jar transforms Thread 2" [_thread_blocked, id=24404, stack(0x0000001832f00000,0x0000001833000000)]
  0x000001ecad78a070 JavaThread "Cache worker for kotlin-dsl (C:\Users\ducdu\.gradle\caches\8.0\kotlin-dsl)" [_thread_blocked, id=23644, stack(0x0000001833100000,0x0000001833200000)]
  0x000001ecad78aee0 JavaThread "jar transforms Thread 3" [_thread_blocked, id=16304, stack(0x0000001833200000,0x0000001833300000)]
  0x000001ecad78d090 JavaThread "jar transforms Thread 4" [_thread_blocked, id=7596, stack(0x0000001833300000,0x0000001833400000)]
  0x000001ecad78d560 JavaThread "Cache worker for dependencies-accessors (E:\Air-Care-App\Air-Care-App\.gradle\8.0\dependencies-accessors)" [_thread_blocked, id=5276, stack(0x0000001832e00000,0x0000001832f00000)]
  0x000001ecaf38fe80 JavaThread "Cache worker for Build Output Cleanup Cache (E:\Air-Care-App\Air-Care-App\.gradle\buildOutputCleanup)" [_thread_blocked, id=9748, stack(0x0000001833400000,0x0000001833500000)]
  0x000001ecaf38e670 JavaThread "jar transforms Thread 5" [_thread_blocked, id=18728, stack(0x0000001833500000,0x0000001833600000)]
  0x000001ecaf3911c0 JavaThread "Unconstrained build operations" [_thread_blocked, id=7800, stack(0x0000001833600000,0x0000001833700000)]
  0x000001ecaf3946b0 JavaThread "Unconstrained build operations Thread 2" [_thread_blocked, id=9728, stack(0x0000001833700000,0x0000001833800000)]
  0x000001ecaf38f4e0 JavaThread "Unconstrained build operations Thread 3" [_thread_blocked, id=15216, stack(0x0000001833800000,0x0000001833900000)]
  0x000001ecaf391b60 JavaThread "Unconstrained build operations Thread 4" [_thread_blocked, id=24196, stack(0x0000001833900000,0x0000001833a00000)]
  0x000001ecaf392030 JavaThread "Unconstrained build operations Thread 5" [_thread_blocked, id=13684, stack(0x0000001833a00000,0x0000001833b00000)]
  0x000001ecaf38d330 JavaThread "Unconstrained build operations Thread 6" [_thread_blocked, id=24132, stack(0x0000001833b00000,0x0000001833c00000)]
  0x000001ecaf3929d0 JavaThread "Unconstrained build operations Thread 7" [_thread_blocked, id=19372, stack(0x0000001833c00000,0x0000001833d00000)]
  0x000001ecaf38f9b0 JavaThread "Unconstrained build operations Thread 8" [_thread_blocked, id=27276, stack(0x0000001833d00000,0x0000001833e00000)]
  0x000001ecaf390350 JavaThread "Unconstrained build operations Thread 9" [_thread_blocked, id=27656, stack(0x0000001833e00000,0x0000001833f00000)]
  0x000001ecaf392500 JavaThread "Unconstrained build operations Thread 10" [_thread_blocked, id=10936, stack(0x0000001833f00000,0x0000001834000000)]
  0x000001ecaf390820 JavaThread "Unconstrained build operations Thread 11" [_thread_blocked, id=23684, stack(0x0000001834000000,0x0000001834100000)]
  0x000001ecaf391690 JavaThread "Unconstrained build operations Thread 12" [_thread_blocked, id=28616, stack(0x0000001834100000,0x0000001834200000)]
  0x000001ecaf38ce60 JavaThread "Unconstrained build operations Thread 13" [_thread_blocked, id=26476, stack(0x0000001834200000,0x0000001834300000)]
  0x000001ecaf392ea0 JavaThread "Unconstrained build operations Thread 14" [_thread_blocked, id=24760, stack(0x0000001834300000,0x0000001834400000)]
  0x000001ecaf38d800 JavaThread "Unconstrained build operations Thread 15" [_thread_blocked, id=26248, stack(0x0000001834400000,0x0000001834500000)]
  0x000001ecaf393840 JavaThread "Unconstrained build operations Thread 16" [_thread_blocked, id=27128, stack(0x0000001834500000,0x0000001834600000)]
  0x000001ecaf393d10 JavaThread "Unconstrained build operations Thread 17" [_thread_blocked, id=4356, stack(0x0000001834600000,0x0000001834700000)]
  0x000001ecaf3941e0 JavaThread "Unconstrained build operations Thread 18" [_thread_blocked, id=16260, stack(0x0000001834700000,0x0000001834800000)]
  0x000001ecaf38eb40 JavaThread "Unconstrained build operations Thread 19" [_thread_blocked, id=14136, stack(0x0000001834800000,0x0000001834900000)]
  0x000001ecaf38dcd0 JavaThread "Unconstrained build operations Thread 20" [_thread_blocked, id=3172, stack(0x0000001834900000,0x0000001834a00000)]
  0x000001ecaf38e1a0 JavaThread "Unconstrained build operations Thread 21" [_thread_blocked, id=9668, stack(0x0000001834a00000,0x0000001834b00000)]
  0x000001ecabd948e0 JavaThread "Unconstrained build operations Thread 22" [_thread_blocked, id=9932, stack(0x0000001834b00000,0x0000001834c00000)]
  0x000001ecabd965c0 JavaThread "Unconstrained build operations Thread 23" [_thread_blocked, id=20284, stack(0x0000001834c00000,0x0000001834d00000)]
  0x000001ecabd99ab0 JavaThread "Unconstrained build operations Thread 24" [_thread_blocked, id=15744, stack(0x0000001834d00000,0x0000001834e00000)]
  0x000001ecabd99f80 JavaThread "Unconstrained build operations Thread 25" [_thread_blocked, id=3808, stack(0x0000001834e00000,0x0000001834f00000)]
  0x000001ecabd93a70 JavaThread "Unconstrained build operations Thread 26" [_thread_blocked, id=8200, stack(0x0000001834f00000,0x0000001835000000)]
  0x000001ecabd92730 JavaThread "Unconstrained build operations Thread 27" [_thread_blocked, id=14292, stack(0x0000001835000000,0x0000001835100000)]
  0x000001ecabd98c40 JavaThread "Unconstrained build operations Thread 28" [_thread_blocked, id=13776, stack(0x0000001835100000,0x0000001835200000)]
  0x000001ecabd982a0 JavaThread "Unconstrained build operations Thread 29" [_thread_blocked, id=8488, stack(0x0000001835200000,0x0000001835300000)]
  0x000001ecabd995e0 JavaThread "Unconstrained build operations Thread 30" [_thread_blocked, id=2012, stack(0x0000001835300000,0x0000001835400000)]
  0x000001ecabd935a0 JavaThread "Unconstrained build operations Thread 31" [_thread_blocked, id=23652, stack(0x0000001835400000,0x0000001835500000)]
  0x000001ecabd92c00 JavaThread "Unconstrained build operations Thread 32" [_thread_blocked, id=1796, stack(0x0000001835500000,0x0000001835600000)]
  0x000001ecabd930d0 JavaThread "Unconstrained build operations Thread 33" [_thread_blocked, id=288, stack(0x0000001835600000,0x0000001835700000)]
  0x000001ecabd95280 JavaThread "Unconstrained build operations Thread 34" [_thread_blocked, id=10600, stack(0x0000001835700000,0x0000001835800000)]
  0x000001ecabd95750 JavaThread "Unconstrained build operations Thread 35" [_thread_blocked, id=27884, stack(0x0000001835800000,0x0000001835900000)]
  0x000001ecabd97dd0 JavaThread "Unconstrained build operations Thread 36" [_thread_blocked, id=7252, stack(0x0000001835900000,0x0000001835a00000)]
  0x000001ecabd93f40 JavaThread "Unconstrained build operations Thread 37" [_thread_blocked, id=19540, stack(0x0000001835a00000,0x0000001835b00000)]
  0x000001ecabd94410 JavaThread "Unconstrained build operations Thread 38" [_thread_blocked, id=19340, stack(0x0000001835b00000,0x0000001835c00000)]
  0x000001ecabd94db0 JavaThread "Unconstrained build operations Thread 39" [_thread_blocked, id=8032, stack(0x0000001835c00000,0x0000001835d00000)]
  0x000001ecabd99110 JavaThread "Unconstrained build operations Thread 40" [_thread_blocked, id=12392, stack(0x0000001835d00000,0x0000001835e00000)]
  0x000001ecabd95c20 JavaThread "Unconstrained build operations Thread 41" [_thread_blocked, id=25116, stack(0x0000001835e00000,0x0000001835f00000)]
  0x000001ecabd98770 JavaThread "Unconstrained build operations Thread 42" [_thread_blocked, id=18752, stack(0x0000001835f00000,0x0000001836000000)]
  0x000001ecabd97900 JavaThread "Unconstrained build operations Thread 43" [_thread_blocked, id=27432, stack(0x0000001836000000,0x0000001836100000)]
  0x000001ecabd960f0 JavaThread "Unconstrained build operations Thread 44" [_thread_blocked, id=26632, stack(0x0000001836100000,0x0000001836200000)]
  0x000001ecabd96a90 JavaThread "Unconstrained build operations Thread 45" [_thread_blocked, id=5760, stack(0x0000001836200000,0x0000001836300000)]
  0x000001ecabd96f60 JavaThread "Unconstrained build operations Thread 46" [_thread_blocked, id=6588, stack(0x0000001836300000,0x0000001836400000)]
  0x000001ecabd97430 JavaThread "Unconstrained build operations Thread 47" [_thread_blocked, id=1296, stack(0x0000001836400000,0x0000001836500000)]
  0x000001ecaefa02f0 JavaThread "Unconstrained build operations Thread 48" [_thread_blocked, id=25996, stack(0x0000001836500000,0x0000001836600000)]
  0x000001ecaefa3310 JavaThread "Unconstrained build operations Thread 49" [_thread_blocked, id=19608, stack(0x0000001836600000,0x0000001836700000)]
  0x000001ecaefa4650 JavaThread "Unconstrained build operations Thread 50" [_thread_blocked, id=28128, stack(0x0000001836700000,0x0000001836800000)]
  0x000001ecaef9e610 JavaThread "Unconstrained build operations Thread 51" [_thread_blocked, id=6496, stack(0x0000001836800000,0x0000001836900000)]
  0x000001ecaefa1fd0 JavaThread "Unconstrained build operations Thread 52" [_thread_blocked, id=10380, stack(0x0000001836900000,0x0000001836a00000)]
  0x000001ecaef9dc70 JavaThread "Unconstrained build operations Thread 53" [_thread_blocked, id=26660, stack(0x0000001836a00000,0x0000001836b00000)]
  0x000001ecaefa0c90 JavaThread "Unconstrained build operations Thread 54" [_thread_blocked, id=10788, stack(0x0000001836b00000,0x0000001836c00000)]
  0x000001ecaef9f480 JavaThread "Unconstrained build operations Thread 55" [_thread_blocked, id=14720, stack(0x0000001836c00000,0x0000001836d00000)]
  0x000001ecaef9e140 JavaThread "Unconstrained build operations Thread 56" [_thread_blocked, id=28136, stack(0x0000001836d00000,0x0000001836e00000)]
  0x000001ecaefa07c0 JavaThread "Unconstrained build operations Thread 57" [_thread_blocked, id=21204, stack(0x0000001836e00000,0x0000001836f00000)]
  0x000001ecaefa1160 JavaThread "Unconstrained build operations Thread 58" [_thread_blocked, id=9632, stack(0x0000001836f00000,0x0000001837000000)]
  0x000001ecaef9eae0 JavaThread "Unconstrained build operations Thread 59" [_thread_blocked, id=24524, stack(0x0000001837000000,0x0000001837100000)]
  0x000001ecaef9efb0 JavaThread "Unconstrained build operations Thread 60" [_thread_blocked, id=22056, stack(0x0000001837100000,0x0000001837200000)]
  0x000001ecaefa1630 JavaThread "Unconstrained build operations Thread 61" [_thread_blocked, id=19260, stack(0x0000001837200000,0x0000001837300000)]
  0x000001ecaef9f950 JavaThread "Unconstrained build operations Thread 62" [_thread_blocked, id=11516, stack(0x0000001837300000,0x0000001837400000)]
  0x000001ecaefa3cb0 JavaThread "Unconstrained build operations Thread 63" [_thread_blocked, id=20920, stack(0x0000001837400000,0x0000001837500000)]
  0x000001ecaefa1b00 JavaThread "Unconstrained build operations Thread 64" [_thread_blocked, id=22132, stack(0x0000001837500000,0x0000001837600000)]
  0x000001ecaefa24a0 JavaThread "Unconstrained build operations Thread 65" [_thread_blocked, id=9052, stack(0x0000001837600000,0x0000001837700000)]
  0x000001ecaef9fe20 JavaThread "Unconstrained build operations Thread 66" [_thread_blocked, id=5268, stack(0x0000001837700000,0x0000001837800000)]
  0x000001ecaefa2970 JavaThread "Unconstrained build operations Thread 67" [_thread_blocked, id=16824, stack(0x0000001837800000,0x0000001837900000)]
  0x000001ecaefa2e40 JavaThread "Unconstrained build operations Thread 68" [_thread_blocked, id=17200, stack(0x0000001837900000,0x0000001837a00000)]
  0x000001ecaefa37e0 JavaThread "Unconstrained build operations Thread 69" [_thread_blocked, id=26808, stack(0x0000001837a00000,0x0000001837b00000)]
  0x000001ecaefa4180 JavaThread "Unconstrained build operations Thread 70" [_thread_blocked, id=19756, stack(0x0000001837b00000,0x0000001837c00000)]
  0x000001ecaefa4b20 JavaThread "Unconstrained build operations Thread 71" [_thread_blocked, id=21908, stack(0x0000001837c00000,0x0000001837d00000)]
  0x000001ecaefa4ff0 JavaThread "Unconstrained build operations Thread 72" [_thread_blocked, id=11332, stack(0x0000001837d00000,0x0000001837e00000)]
  0x000001ecaefa54c0 JavaThread "Unconstrained build operations Thread 73" [_thread_blocked, id=23612, stack(0x0000001837e00000,0x0000001837f00000)]
  0x000001ecaf3e7e60 JavaThread "Unconstrained build operations Thread 74" [_thread_blocked, id=10672, stack(0x0000001837f00000,0x0000001838000000)]
  0x000001ecaf3ec1c0 JavaThread "Unconstrained build operations Thread 75" [_thread_blocked, id=26228, stack(0x0000001838000000,0x0000001838100000)]
  0x000001ecaf3e5cb0 JavaThread "Unconstrained build operations Thread 76" [_thread_blocked, id=8388, stack(0x0000001838100000,0x0000001838200000)]
  0x000001ecaf3ea4e0 JavaThread "Unconstrained build operations Thread 77" [_thread_blocked, id=16964, stack(0x0000001838200000,0x0000001838300000)]
  0x000001ecaf3e6180 JavaThread "Unconstrained build operations Thread 78" [_thread_blocked, id=27364, stack(0x0000001838300000,0x0000001838400000)]
  0x000001ecaf3ec690 JavaThread "Unconstrained build operations Thread 79" [_thread_blocked, id=9084, stack(0x0000001838400000,0x0000001838500000)]
  0x000001ecaf3e91a0 JavaThread "Unconstrained build operations Thread 80" [_thread_blocked, id=4940, stack(0x0000001838500000,0x0000001838600000)]

Other Threads:
  0x000001eca9ef5320 VMThread "VM Thread" [stack: 0x0000001830300000,0x0000001830400000] [id=27612]
  0x000001ec8e1782b0 WatcherThread [stack: 0x0000001830f00000,0x0000001831000000] [id=13108]
  0x000001ec8e154960 GCTaskThread "GC Thread#0" [stack: 0x000000182fe00000,0x000000182ff00000] [id=840]
  0x000001ecab1f01c0 GCTaskThread "GC Thread#1" [stack: 0x0000001831100000,0x0000001831200000] [id=16316]
  0x000001ecab1f0470 GCTaskThread "GC Thread#2" [stack: 0x0000001831200000,0x0000001831300000] [id=1184]
  0x000001ecab9bdc60 GCTaskThread "GC Thread#3" [stack: 0x0000001831300000,0x0000001831400000] [id=23476]
  0x000001ecac18a560 GCTaskThread "GC Thread#4" [stack: 0x0000001831400000,0x0000001831500000] [id=10168]
  0x000001ecadc9a950 GCTaskThread "GC Thread#5" [stack: 0x0000001831e00000,0x0000001831f00000] [id=19984]
  0x000001ecac00cea0 GCTaskThread "GC Thread#6" [stack: 0x0000001831f00000,0x0000001832000000] [id=19224]
  0x000001ecab9bc430 GCTaskThread "GC Thread#7" [stack: 0x0000001832000000,0x0000001832100000] [id=25340]
  0x000001ec8e166650 ConcurrentGCThread "G1 Main Marker" [stack: 0x000000182ff00000,0x0000001830000000] [id=28044]
  0x000001ec8e168070 ConcurrentGCThread "G1 Conc#0" [stack: 0x0000001830000000,0x0000001830100000] [id=22100]
  0x000001ecaae98ec0 ConcurrentGCThread "G1 Conc#1" [stack: 0x0000001832100000,0x0000001832200000] [id=9988]
  0x000001eca9d424c0 ConcurrentGCThread "G1 Refine#0" [stack: 0x0000001830100000,0x0000001830200000] [id=8816]
  0x000001ecafb2e190 ConcurrentGCThread "G1 Refine#1" [stack: 0x0000001833000000,0x0000001833100000] [id=21176]
  0x000001eca9d42ee0 ConcurrentGCThread "G1 Service" [stack: 0x0000001830200000,0x0000001830300000] [id=1304]

Threads with active compile tasks:
C2 CompilerThread0    16601 5383   !   4       sun.nio.fs.WindowsPath::initOffsets (153 bytes)
C1 CompilerThread0    16601 5461       1       java.lang.StackTraceElement::getFileName (5 bytes)

VM state: not at safepoint (normal execution)

VM Mutex/Monitor currently owned by a thread: None

OutOfMemory and StackOverflow Exception counts:
StackOverflowErrors=2
LinkageErrors=106

Heap address: 0x0000000080000000, size: 2048 MB, Compressed Oops mode: 32-bit

CDS archive(s) not mapped
Compressed class space mapped at: 0x0000000100000000-0x0000000140000000, reserved size: 1073741824
Narrow klass base: 0x0000000000000000, Narrow klass shift: 3, Narrow klass range: 0x140000000

GC Precious Log:
 CPUs: 8 total, 8 available
 Memory: 8072M
 Large Page Support: Disabled
 NUMA Support: Disabled
 Compressed Oops: Enabled (32-bit)
 Heap Region Size: 1M
 Heap Min Capacity: 8M
 Heap Initial Capacity: 128M
 Heap Max Capacity: 2G
 Pre-touch: Disabled
 Parallel Workers: 8
 Concurrent Workers: 2
 Concurrent Refinement Workers: 8
 Periodic GC: Disabled

Heap:
 garbage-first heap   total 68608K, used 49926K [0x0000000080000000, 0x0000000100000000)
  region size 1024K, 18 young (18432K), 3 survivors (3072K)
 Metaspace       used 53091K, committed 53568K, reserved 1097728K
  class space    used 7107K, committed 7296K, reserved 1048576K

Heap Regions: E=young(eden), S=young(survivor), O=old, HS=humongous(starts), HC=humongous(continues), CS=collection set, F=free, OA=open archive, CA=closed archive, TAMS=top-at-mark-start (previous, next)
|   0|0x0000000080000000, 0x0000000080100000, 0x0000000080100000|100%|HS|  |TAMS 0x0000000080100000, 0x0000000080000000| Complete 
|   1|0x0000000080100000, 0x0000000080200000, 0x0000000080200000|100%|HC|  |TAMS 0x0000000080200000, 0x0000000080100000| Complete 
|   2|0x0000000080200000, 0x0000000080300000, 0x0000000080300000|100%|HC|  |TAMS 0x0000000080300000, 0x0000000080200000| Complete 
|   3|0x0000000080300000, 0x0000000080400000, 0x0000000080400000|100%|HC|  |TAMS 0x0000000080400000, 0x0000000080300000| Complete 
|   4|0x0000000080400000, 0x0000000080500000, 0x0000000080500000|100%| O|  |TAMS 0x0000000080500000, 0x0000000080400000| Untracked 
|   5|0x0000000080500000, 0x0000000080600000, 0x0000000080600000|100%| O|  |TAMS 0x0000000080600000, 0x0000000080500000| Untracked 
|   6|0x0000000080600000, 0x0000000080700000, 0x0000000080700000|100%| O|  |TAMS 0x0000000080700000, 0x0000000080600000| Untracked 
|   7|0x0000000080700000, 0x0000000080800000, 0x0000000080800000|100%| O|  |TAMS 0x0000000080800000, 0x0000000080700000| Untracked 
|   8|0x0000000080800000, 0x0000000080900000, 0x0000000080900000|100%| O|  |TAMS 0x0000000080900000, 0x0000000080800000| Untracked 
|   9|0x0000000080900000, 0x0000000080a00000, 0x0000000080a00000|100%| O|  |TAMS 0x0000000080a00000, 0x0000000080900000| Untracked 
|  10|0x0000000080a00000, 0x0000000080b00000, 0x0000000080b00000|100%| O|  |TAMS 0x0000000080b00000, 0x0000000080a00000| Untracked 
|  11|0x0000000080b00000, 0x0000000080b72200, 0x0000000080c00000| 44%| O|  |TAMS 0x0000000080b72200, 0x0000000080b00000| Complete 
|  12|0x0000000080c00000, 0x0000000080d00000, 0x0000000080d00000|100%| O|  |TAMS 0x0000000080d00000, 0x0000000080c00000| Untracked 
|  13|0x0000000080d00000, 0x0000000080e00000, 0x0000000080e00000|100%| O|  |TAMS 0x0000000080e00000, 0x0000000080d00000| Untracked 
|  14|0x0000000080e00000, 0x0000000080f00000, 0x0000000080f00000|100%| O|  |TAMS 0x0000000080f00000, 0x0000000080e00000| Untracked 
|  15|0x0000000080f00000, 0x0000000081000000, 0x0000000081000000|100%| O|  |TAMS 0x0000000081000000, 0x0000000080f00000| Untracked 
|  16|0x0000000081000000, 0x0000000081100000, 0x0000000081100000|100%| O|  |TAMS 0x0000000081100000, 0x0000000081000000| Untracked 
|  17|0x0000000081100000, 0x0000000081200000, 0x0000000081200000|100%| O|  |TAMS 0x0000000081200000, 0x0000000081100000| Untracked 
|  18|0x0000000081200000, 0x0000000081300000, 0x0000000081300000|100%| O|  |TAMS 0x0000000081300000, 0x0000000081200000| Untracked 
|  19|0x0000000081300000, 0x0000000081400000, 0x0000000081400000|100%| O|  |TAMS 0x0000000081400000, 0x0000000081300000| Untracked 
|  20|0x0000000081400000, 0x0000000081500000, 0x0000000081500000|100%| O|  |TAMS 0x0000000081500000, 0x0000000081400000| Untracked 
|  21|0x0000000081500000, 0x0000000081600000, 0x0000000081600000|100%| O|  |TAMS 0x0000000081600000, 0x0000000081500000| Untracked 
|  22|0x0000000081600000, 0x0000000081700000, 0x0000000081700000|100%| O|  |TAMS 0x0000000081700000, 0x0000000081600000| Untracked 
|  23|0x0000000081700000, 0x0000000081800000, 0x0000000081800000|100%| O|  |TAMS 0x0000000081800000, 0x0000000081700000| Untracked 
|  24|0x0000000081800000, 0x0000000081900000, 0x0000000081900000|100%| O|  |TAMS 0x0000000081900000, 0x0000000081800000| Untracked 
|  25|0x0000000081900000, 0x0000000081a00000, 0x0000000081a00000|100%| O|  |TAMS 0x0000000081a00000, 0x0000000081900000| Untracked 
|  26|0x0000000081a00000, 0x0000000081b00000, 0x0000000081b00000|100%| O|  |TAMS 0x0000000081b00000, 0x0000000081a00000| Untracked 
|  27|0x0000000081b00000, 0x0000000081c00000, 0x0000000081c00000|100%| O|  |TAMS 0x0000000081c00000, 0x0000000081b00000| Untracked 
|  28|0x0000000081c00000, 0x0000000081d00000, 0x0000000081d00000|100%| O|  |TAMS 0x0000000081d00000, 0x0000000081c00000| Untracked 
|  29|0x0000000081d00000, 0x0000000081e00000, 0x0000000081e00000|100%| O|  |TAMS 0x0000000081e00000, 0x0000000081d00000| Untracked 
|  30|0x0000000081e00000, 0x0000000081f00000, 0x0000000081f00000|100%| O|  |TAMS 0x0000000081f00000, 0x0000000081e00000| Untracked 
|  31|0x0000000081f00000, 0x0000000082000000, 0x0000000082000000|100%| O|  |TAMS 0x0000000081f3d200, 0x0000000081f00000| Untracked 
|  32|0x0000000082000000, 0x00000000820b8800, 0x0000000082100000| 72%| O|  |TAMS 0x0000000082000000, 0x0000000082000000| Untracked 
|  33|0x0000000082100000, 0x0000000082100000, 0x0000000082200000|  0%| F|  |TAMS 0x0000000082100000, 0x0000000082100000| Untracked 
|  34|0x0000000082200000, 0x0000000082200000, 0x0000000082300000|  0%| F|  |TAMS 0x0000000082200000, 0x0000000082200000| Untracked 
|  35|0x0000000082300000, 0x0000000082300000, 0x0000000082400000|  0%| F|  |TAMS 0x0000000082300000, 0x0000000082300000| Untracked 
|  36|0x0000000082400000, 0x0000000082400000, 0x0000000082500000|  0%| F|  |TAMS 0x0000000082400000, 0x0000000082400000| Untracked 
|  37|0x0000000082500000, 0x0000000082500000, 0x0000000082600000|  0%| F|  |TAMS 0x0000000082500000, 0x0000000082500000| Untracked 
|  38|0x0000000082600000, 0x0000000082600000, 0x0000000082700000|  0%| F|  |TAMS 0x0000000082600000, 0x0000000082600000| Untracked 
|  39|0x0000000082700000, 0x0000000082700000, 0x0000000082800000|  0%| F|  |TAMS 0x0000000082700000, 0x0000000082700000| Untracked 
|  40|0x0000000082800000, 0x0000000082800000, 0x0000000082900000|  0%| F|  |TAMS 0x0000000082800000, 0x0000000082800000| Untracked 
|  41|0x0000000082900000, 0x0000000082900000, 0x0000000082a00000|  0%| F|  |TAMS 0x0000000082900000, 0x0000000082900000| Untracked 
|  42|0x0000000082a00000, 0x0000000082a00000, 0x0000000082b00000|  0%| F|  |TAMS 0x0000000082a00000, 0x0000000082a00000| Untracked 
|  43|0x0000000082b00000, 0x0000000082b00000, 0x0000000082c00000|  0%| F|  |TAMS 0x0000000082b00000, 0x0000000082b00000| Untracked 
|  44|0x0000000082c00000, 0x0000000082c96f10, 0x0000000082d00000| 58%| S|CS|TAMS 0x0000000082c00000, 0x0000000082c00000| Complete 
|  45|0x0000000082d00000, 0x0000000082d00000, 0x0000000082e00000|  0%| F|  |TAMS 0x0000000082d00000, 0x0000000082d00000| Untracked 
|  46|0x0000000082e00000, 0x0000000082f00000, 0x0000000082f00000|100%| S|CS|TAMS 0x0000000082e00000, 0x0000000082e00000| Complete 
|  47|0x0000000082f00000, 0x0000000083000000, 0x0000000083000000|100%| S|CS|TAMS 0x0000000082f00000, 0x0000000082f00000| Complete 
|  48|0x0000000083000000, 0x0000000083000000, 0x0000000083100000|  0%| F|  |TAMS 0x0000000083000000, 0x0000000083000000| Untracked 
|  49|0x0000000083100000, 0x0000000083100000, 0x0000000083200000|  0%| F|  |TAMS 0x0000000083100000, 0x0000000083100000| Untracked 
|  50|0x0000000083200000, 0x0000000083200000, 0x0000000083300000|  0%| F|  |TAMS 0x0000000083200000, 0x0000000083200000| Untracked 
|  51|0x0000000083300000, 0x0000000083300000, 0x0000000083400000|  0%| F|  |TAMS 0x0000000083300000, 0x0000000083300000| Untracked 
|  52|0x0000000083400000, 0x0000000083452bb0, 0x0000000083500000| 32%| E|  |TAMS 0x0000000083400000, 0x0000000083400000| Complete 
|  53|0x0000000083500000, 0x0000000083600000, 0x0000000083600000|100%| E|CS|TAMS 0x0000000083500000, 0x0000000083500000| Complete 
|  54|0x0000000083600000, 0x0000000083700000, 0x0000000083700000|100%| E|CS|TAMS 0x0000000083600000, 0x0000000083600000| Complete 
|  55|0x0000000083700000, 0x00000000837ffff8, 0x0000000083800000| 99%| E|CS|TAMS 0x0000000083700000, 0x0000000083700000| Complete 
|  56|0x0000000083800000, 0x0000000083900000, 0x0000000083900000|100%| E|CS|TAMS 0x0000000083800000, 0x0000000083800000| Complete 
|  57|0x0000000083900000, 0x0000000083a00000, 0x0000000083a00000|100%| E|CS|TAMS 0x0000000083900000, 0x0000000083900000| Complete 
|  79|0x0000000084f00000, 0x0000000085000000, 0x0000000085000000|100%| E|CS|TAMS 0x0000000084f00000, 0x0000000084f00000| Complete 
|  80|0x0000000085000000, 0x0000000085100000, 0x0000000085100000|100%| E|CS|TAMS 0x0000000085000000, 0x0000000085000000| Complete 
|  81|0x0000000085100000, 0x0000000085200000, 0x0000000085200000|100%| E|CS|TAMS 0x0000000085100000, 0x0000000085100000| Complete 
|  82|0x0000000085200000, 0x0000000085300000, 0x0000000085300000|100%| E|CS|TAMS 0x0000000085200000, 0x0000000085200000| Complete 
|  83|0x0000000085300000, 0x0000000085400000, 0x0000000085400000|100%| E|CS|TAMS 0x0000000085300000, 0x0000000085300000| Complete 
|  84|0x0000000085400000, 0x0000000085500000, 0x0000000085500000|100%| E|CS|TAMS 0x0000000085400000, 0x0000000085400000| Complete 
|  85|0x0000000085500000, 0x0000000085600000, 0x0000000085600000|100%| E|CS|TAMS 0x0000000085500000, 0x0000000085500000| Complete 
|  86|0x0000000085600000, 0x0000000085700000, 0x0000000085700000|100%| E|CS|TAMS 0x0000000085600000, 0x0000000085600000| Complete 
| 127|0x0000000087f00000, 0x0000000088000000, 0x0000000088000000|100%| E|CS|TAMS 0x0000000087f00000, 0x0000000087f00000| Complete 

Card table byte_map: [0x000001eca2c00000,0x000001eca3000000] _byte_map_base: 0x000001eca2800000

Marking Bits (Prev, Next): (CMBitMap*) 0x000001ec8e154fb0, (CMBitMap*) 0x000001ec8e154f70
 Prev Bits: [0x000001eca5400000, 0x000001eca7400000)
 Next Bits: [0x000001eca3400000, 0x000001eca5400000)

Polling page: 0x000001ec8e1c0000

Metaspace:

Usage:
  Non-class:     44.94 MB used.
      Class:      6.94 MB used.
       Both:     51.89 MB used.

Virtual space:
  Non-class space:       48.00 MB reserved,      45.19 MB ( 94%) committed,  6 nodes.
      Class space:        1.00 GB reserved,       7.12 MB ( <1%) committed,  1 nodes.
             Both:        1.05 GB reserved,      52.31 MB (  5%) committed. 

Chunk freelists:
   Non-Class:  2.72 MB
       Class:  855.00 KB
        Both:  3.55 MB

MaxMetaspaceSize: unlimited
CompressedClassSpaceSize: 1.00 GB
Initial GC threshold: 21.00 MB
Current GC threshold: 86.38 MB
CDS: off
MetaspaceReclaimPolicy: balanced
 - commit_granule_bytes: 65536.
 - commit_granule_words: 8192.
 - virtual_space_node_default_size: 1048576.
 - enlarge_chunks_in_place: 1.
 - new_chunks_are_fully_committed: 0.
 - uncommit_free_chunks: 1.
 - use_allocation_guard: 0.
 - handle_deallocations: 1.


Internal statistics:

num_allocs_failed_limit: 6.
num_arena_births: 574.
num_arena_deaths: 0.
num_vsnodes_births: 7.
num_vsnodes_deaths: 0.
num_space_committed: 837.
num_space_uncommitted: 0.
num_chunks_returned_to_freelist: 6.
num_chunks_taken_from_freelist: 2248.
num_chunk_merges: 6.
num_chunk_splits: 1517.
num_chunks_enlarged: 1053.
num_purges: 0.
num_inconsistent_stats: 0.

CodeHeap 'non-profiled nmethods': size=120000Kb used=3157Kb max_used=3157Kb free=116842Kb
 bounds [0x000001ec9a860000, 0x000001ec9ab80000, 0x000001eca1d90000]
CodeHeap 'profiled nmethods': size=120000Kb used=10475Kb max_used=10475Kb free=109524Kb
 bounds [0x000001ec92d90000, 0x000001ec937d0000, 0x000001ec9a2c0000]
CodeHeap 'non-nmethods': size=5760Kb used=2319Kb max_used=2379Kb free=3440Kb
 bounds [0x000001ec9a2c0000, 0x000001ec9a530000, 0x000001ec9a860000]
 total_blobs=6275 nmethods=5440 adapters=747
 compilation: enabled
              stopped_count=0, restarted_count=0
 full_count=0

Compilation events (20 events):
Event: 16.541 Thread 0x000001ecaa847c80 nmethod 5391 0x000001ec9ab72790 code [0x000001ec9ab72920, 0x000001ec9ab729f8]
Event: 16.541 Thread 0x000001ecaa847c80 5392       3       org.gradle.tooling.internal.provider.runner.ClientBuildEventGenerator$Disabled::accept (20 bytes)
Event: 16.541 Thread 0x000001ecaa847c80 nmethod 5392 0x000001ec937a8890 code [0x000001ec937a8a40, 0x000001ec937a8c78]
Event: 16.543 Thread 0x000001ecaa847c80 5393       1       org.gradle.internal.operations.OperationFinishEvent::getResult (5 bytes)
Event: 16.544 Thread 0x000001ecaa847c80 nmethod 5393 0x000001ec9ab72a90 code [0x000001ec9ab72c20, 0x000001ec9ab72cf8]
Event: 16.544 Thread 0x000001ecaa847c80 5394       1       org.gradle.internal.resources.AbstractResourceLockRegistry$ThreadLockDetails::access$100 (5 bytes)
Event: 16.544 Thread 0x000001ecaa847c80 nmethod 5394 0x000001ec9ab72d90 code [0x000001ec9ab72f20, 0x000001ec9ab72fd8]
Event: 16.549 Thread 0x000001ecaa847c80 5395       1       org.gradle.internal.operations.DefaultBuildOperationQueue::access$600 (5 bytes)
Event: 16.549 Thread 0x000001ecaa847c80 nmethod 5395 0x000001ec9ab73090 code [0x000001ec9ab73220, 0x000001ec9ab732d8]
Event: 16.550 Thread 0x000001ecaa847c80 5396       3       org.gradle.internal.logging.progress.DefaultProgressLoggerFactory$ProgressLoggerImpl::ensureNotNull (11 bytes)
Event: 16.550 Thread 0x000001ecaa847c80 nmethod 5396 0x000001ec937a8d90 code [0x000001ec937a8f20, 0x000001ec937a9078]
Event: 16.550 Thread 0x000001ecaa847c80 5397       3       org.gradle.internal.operations.logging.LoggingBuildOperationProgressBroadcaster::onOutput (105 bytes)
Event: 16.551 Thread 0x000001ecaa847c80 nmethod 5397 0x000001ec937a9110 code [0x000001ec937a9320, 0x000001ec937a9d98]
Event: 16.551 Thread 0x000001ecaa847c80 5398       3       java.util.concurrent.atomic.AtomicBoolean::set (14 bytes)
Event: 16.551 Thread 0x000001ecaa847c80 nmethod 5398 0x000001ec937a9f10 code [0x000001ec937aa0a0, 0x000001ec937aa218]
Event: 16.551 Thread 0x000001ecaa847c80 5399       3       org.gradle.internal.operations.BuildOperationState::setRunning (9 bytes)
Event: 16.551 Thread 0x000001ecaa847c80 nmethod 5399 0x000001ec937aa290 code [0x000001ec937aa420, 0x000001ec937aa5f8]
Event: 16.552 Thread 0x000001ecaa847c80 5400       3       org.gradle.internal.operations.DefaultBuildOperationListenerManager$ProgressShieldingBuildOperationListener::finished (26 bytes)
Event: 16.552 Thread 0x000001ecaa847c80 nmethod 5400 0x000001ec937aa710 code [0x000001ec937aa8c0, 0x000001ec937aab98]
Event: 16.552 Thread 0x000001ecaa847c80 5401       3       org.gradle.internal.operations.DefaultBuildOperationRunner::assertParentRunning (47 bytes)

GC Heap History (20 events):
Event: 4.459 GC heap before
{Heap before GC invocations=4 (full 0):
 garbage-first heap   total 68608K, used 51656K [0x0000000080000000, 0x0000000100000000)
  region size 1024K, 40 young (40960K), 8 survivors (8192K)
 Metaspace       used 26207K, committed 26496K, reserved 1073152K
  class space    used 3443K, committed 3584K, reserved 1048576K
}
Event: 4.466 GC heap after
{Heap after GC invocations=5 (full 0):
 garbage-first heap   total 68608K, used 21147K [0x0000000080000000, 0x0000000100000000)
  region size 1024K, 3 young (3072K), 3 survivors (3072K)
 Metaspace       used 26207K, committed 26496K, reserved 1073152K
  class space    used 3443K, committed 3584K, reserved 1048576K
}
Event: 5.776 GC heap before
{Heap before GC invocations=5 (full 0):
 garbage-first heap   total 68608K, used 46747K [0x0000000080000000, 0x0000000100000000)
  region size 1024K, 28 young (28672K), 3 survivors (3072K)
 Metaspace       used 30176K, committed 30464K, reserved 1081344K
  class space    used 4093K, committed 4224K, reserved 1048576K
}
Event: 5.782 GC heap after
{Heap after GC invocations=6 (full 0):
 garbage-first heap   total 68608K, used 22450K [0x0000000080000000, 0x0000000100000000)
  region size 1024K, 4 young (4096K), 4 survivors (4096K)
 Metaspace       used 30176K, committed 30464K, reserved 1081344K
  class space    used 4093K, committed 4224K, reserved 1048576K
}
Event: 8.250 GC heap before
{Heap before GC invocations=6 (full 0):
 garbage-first heap   total 68608K, used 49074K [0x0000000080000000, 0x0000000100000000)
  region size 1024K, 30 young (30720K), 4 survivors (4096K)
 Metaspace       used 34649K, committed 35072K, reserved 1081344K
  class space    used 4788K, committed 4992K, reserved 1048576K
}
Event: 8.257 GC heap after
{Heap after GC invocations=7 (full 0):
 garbage-first heap   total 68608K, used 24012K [0x0000000080000000, 0x0000000100000000)
  region size 1024K, 4 young (4096K), 4 survivors (4096K)
 Metaspace       used 34649K, committed 35072K, reserved 1081344K
  class space    used 4788K, committed 4992K, reserved 1048576K
}
Event: 8.634 GC heap before
{Heap before GC invocations=7 (full 0):
 garbage-first heap   total 68608K, used 28108K [0x0000000080000000, 0x0000000100000000)
  region size 1024K, 9 young (9216K), 4 survivors (4096K)
 Metaspace       used 35587K, committed 35968K, reserved 1081344K
  class space    used 4871K, committed 5056K, reserved 1048576K
}
Event: 8.639 GC heap after
{Heap after GC invocations=8 (full 0):
 garbage-first heap   total 68608K, used 24780K [0x0000000080000000, 0x0000000100000000)
  region size 1024K, 3 young (3072K), 3 survivors (3072K)
 Metaspace       used 35587K, committed 35968K, reserved 1081344K
  class space    used 4871K, committed 5056K, reserved 1048576K
}
Event: 9.758 GC heap before
{Heap before GC invocations=9 (full 0):
 garbage-first heap   total 68608K, used 48332K [0x0000000080000000, 0x0000000100000000)
  region size 1024K, 27 young (27648K), 3 survivors (3072K)
 Metaspace       used 40409K, committed 40768K, reserved 1089536K
  class space    used 5354K, committed 5504K, reserved 1048576K
}
Event: 9.764 GC heap after
{Heap after GC invocations=10 (full 0):
 garbage-first heap   total 68608K, used 28576K [0x0000000080000000, 0x0000000100000000)
  region size 1024K, 4 young (4096K), 4 survivors (4096K)
 Metaspace       used 40409K, committed 40768K, reserved 1089536K
  class space    used 5354K, committed 5504K, reserved 1048576K
}
Event: 10.396 GC heap before
{Heap before GC invocations=10 (full 0):
 garbage-first heap   total 68608K, used 54176K [0x0000000080000000, 0x0000000100000000)
  region size 1024K, 26 young (26624K), 4 survivors (4096K)
 Metaspace       used 42867K, committed 43200K, reserved 1089536K
  class space    used 5625K, committed 5760K, reserved 1048576K
}
Event: 10.404 GC heap after
{Heap after GC invocations=11 (full 0):
 garbage-first heap   total 68608K, used 30042K [0x0000000080000000, 0x0000000100000000)
  region size 1024K, 3 young (3072K), 3 survivors (3072K)
 Metaspace       used 42867K, committed 43200K, reserved 1089536K
  class space    used 5625K, committed 5760K, reserved 1048576K
}
Event: 11.191 GC heap before
{Heap before GC invocations=11 (full 0):
 garbage-first heap   total 68608K, used 51546K [0x0000000080000000, 0x0000000100000000)
  region size 1024K, 24 young (24576K), 3 survivors (3072K)
 Metaspace       used 44824K, committed 45248K, reserved 1089536K
  class space    used 5825K, committed 6016K, reserved 1048576K
}
Event: 11.196 GC heap after
{Heap after GC invocations=12 (full 0):
 garbage-first heap   total 68608K, used 31755K [0x0000000080000000, 0x0000000100000000)
  region size 1024K, 2 young (2048K), 2 survivors (2048K)
 Metaspace       used 44824K, committed 45248K, reserved 1089536K
  class space    used 5825K, committed 6016K, reserved 1048576K
}
Event: 12.896 GC heap before
{Heap before GC invocations=12 (full 0):
 garbage-first heap   total 68608K, used 52235K [0x0000000080000000, 0x0000000100000000)
  region size 1024K, 22 young (22528K), 2 survivors (2048K)
 Metaspace       used 47414K, committed 47872K, reserved 1097728K
  class space    used 6264K, committed 6464K, reserved 1048576K
}
Event: 12.901 GC heap after
{Heap after GC invocations=13 (full 0):
 garbage-first heap   total 68608K, used 32936K [0x0000000080000000, 0x0000000100000000)
  region size 1024K, 3 young (3072K), 3 survivors (3072K)
 Metaspace       used 47414K, committed 47872K, reserved 1097728K
  class space    used 6264K, committed 6464K, reserved 1048576K
}
Event: 14.147 GC heap before
{Heap before GC invocations=13 (full 0):
 garbage-first heap   total 68608K, used 53416K [0x0000000080000000, 0x0000000100000000)
  region size 1024K, 23 young (23552K), 3 survivors (3072K)
 Metaspace       used 50297K, committed 50752K, reserved 1097728K
  class space    used 6728K, committed 6912K, reserved 1048576K
}
Event: 14.157 GC heap after
{Heap after GC invocations=14 (full 0):
 garbage-first heap   total 68608K, used 34176K [0x0000000080000000, 0x0000000100000000)
  region size 1024K, 3 young (3072K), 3 survivors (3072K)
 Metaspace       used 50297K, committed 50752K, reserved 1097728K
  class space    used 6728K, committed 6912K, reserved 1048576K
}
Event: 15.304 GC heap before
{Heap before GC invocations=14 (full 0):
 garbage-first heap   total 68608K, used 53632K [0x0000000080000000, 0x0000000100000000)
  region size 1024K, 22 young (22528K), 3 survivors (3072K)
 Metaspace       used 52571K, committed 53056K, reserved 1097728K
  class space    used 7044K, committed 7232K, reserved 1048576K
}
Event: 15.309 GC heap after
{Heap after GC invocations=15 (full 0):
 garbage-first heap   total 68608K, used 35590K [0x0000000080000000, 0x0000000100000000)
  region size 1024K, 3 young (3072K), 3 survivors (3072K)
 Metaspace       used 52571K, committed 53056K, reserved 1097728K
  class space    used 7044K, committed 7232K, reserved 1048576K
}

Dll operation events (2 events):
Event: 0.012 Loaded shared library C:\Program Files\Android\Android Studio\jbr\bin\java.dll
Event: 0.437 Loaded shared library C:\Program Files\Android\Android Studio\jbr\bin\verify.dll

Deoptimization events (20 events):
Event: 16.162 Thread 0x000001ecaf3946b0 DEOPT PACKING pc=0x000001ec9aa71e5c sp=0x00000018337fdde0
Event: 16.162 Thread 0x000001ecaf3946b0 DEOPT UNPACKING pc=0x000001ec9a3169a3 sp=0x00000018337fdd78 mode 2
Event: 16.164 Thread 0x000001ecad805750 Uncommon trap: trap_request=0xffffff45 fr.pc=0x000001ec9ab3424c relative=0x00000000000000ac
Event: 16.164 Thread 0x000001ecad805750 Uncommon trap: reason=unstable_if action=reinterpret pc=0x000001ec9ab3424c method=java.util.concurrent.locks.AbstractQueuedSynchronizer.signalNext(Ljava/util/concurrent/locks/AbstractQueuedSynchronizer$Node;)V @ 17 c2
Event: 16.164 Thread 0x000001ecad805750 DEOPT PACKING pc=0x000001ec9ab3424c sp=0x0000001831af8d10
Event: 16.164 Thread 0x000001ecad805750 DEOPT UNPACKING pc=0x000001ec9a3169a3 sp=0x0000001831af8ca0 mode 2
Event: 16.165 Thread 0x000001ecaf391b60 Uncommon trap: trap_request=0xffffff45 fr.pc=0x000001ec9a9759cc relative=0x0000000000000fac
Event: 16.165 Thread 0x000001ecaf391b60 Uncommon trap: reason=unstable_if action=reinterpret pc=0x000001ec9a9759cc method=java.util.concurrent.ConcurrentHashMap.addCount(JI)V @ 34 c2
Event: 16.165 Thread 0x000001ecaf391b60 DEOPT PACKING pc=0x000001ec9a9759cc sp=0x00000018339fe850
Event: 16.165 Thread 0x000001ecaf391b60 DEOPT UNPACKING pc=0x000001ec9a3169a3 sp=0x00000018339fe720 mode 2
Event: 16.165 Thread 0x000001ecaf392030 Uncommon trap: trap_request=0xffffff45 fr.pc=0x000001ec9a900e94 relative=0x0000000000000154
Event: 16.165 Thread 0x000001ecaf392030 Uncommon trap: reason=unstable_if action=reinterpret pc=0x000001ec9a900e94 method=java.util.concurrent.ConcurrentHashMap.addCount(JI)V @ 7 c2
Event: 16.165 Thread 0x000001ecaf392030 DEOPT PACKING pc=0x000001ec9a900e94 sp=0x0000001833afe3c0
Event: 16.165 Thread 0x000001ecaf392030 DEOPT UNPACKING pc=0x000001ec9a3169a3 sp=0x0000001833afe320 mode 2
Event: 16.244 Thread 0x000001ecaf3911c0 DEOPT PACKING pc=0x000001ec9310c554 sp=0x00000018336fd900
Event: 16.244 Thread 0x000001ecaf3911c0 DEOPT UNPACKING pc=0x000001ec9a317143 sp=0x00000018336fce58 mode 0
Event: 16.382 Thread 0x000001ecaf3911c0 DEOPT PACKING pc=0x000001ec9310c554 sp=0x00000018336fd000
Event: 16.382 Thread 0x000001ecaf3911c0 DEOPT UNPACKING pc=0x000001ec9a317143 sp=0x00000018336fc558 mode 0
Event: 16.521 Thread 0x000001ecaf38f9b0 DEOPT PACKING pc=0x000001ec9310c554 sp=0x0000001833dfd100
Event: 16.521 Thread 0x000001ecaf38f9b0 DEOPT UNPACKING pc=0x000001ec9a317143 sp=0x0000001833dfc658 mode 0

Classes unloaded (0 events):
No events

Classes redefined (0 events):
No events

Internal exceptions (20 events):
Event: 11.029 Thread 0x000001ecad805750 Exception <a 'java/lang/IncompatibleClassChangeError'{0x00000000831e9738}: Found class java.lang.Object, but interface was expected> (0x00000000831e9738) 
thrown [s\src\hotspot\share\interpreter\linkResolver.cpp, line 838]
Event: 11.086 Thread 0x000001ecad805750 Exception <a 'java/lang/NoSuchMethodError'{0x0000000082f42cc0}: 'int java.lang.invoke.DirectMethodHandle$Holder.invokeStaticInit(java.lang.Object, java.lang.Object, java.lang.Object, java.lang.Object, java.lang.Object)'> (0x0000000082f42cc0) 
thrown [s\src\hotspot\share\interpreter\linkResolver.cpp, line 771]
Event: 11.395 Thread 0x000001ecad805750 Implicit null exception at 0x000001ec9a9f2cec to 0x000001ec9a9f2d90
Event: 11.936 Thread 0x000001ecad805750 Exception <a 'java/lang/NoSuchMethodError'{0x00000000839baf98}: 'void java.lang.invoke.DirectMethodHandle$Holder.invokeInterface(java.lang.Object, java.lang.Object)'> (0x00000000839baf98) 
thrown [s\src\hotspot\share\interpreter\linkResolver.cpp, line 771]
Event: 11.944 Thread 0x000001ecad805750 Exception <a 'java/lang/IncompatibleClassChangeError'{0x00000000839db0a0}: Found class java.lang.Object, but interface was expected> (0x00000000839db0a0) 
thrown [s\src\hotspot\share\interpreter\linkResolver.cpp, line 838]
Event: 11.996 Thread 0x000001ecad805750 Exception <a 'java/lang/NoSuchMethodError'{0x00000000837616a0}: 'java.lang.Object java.lang.invoke.DirectMethodHandle$Holder.newInvokeSpecial(java.lang.Object, int, java.lang.Object)'> (0x00000000837616a0) 
thrown [s\src\hotspot\share\interpreter\linkResolver.cpp, line 771]
Event: 13.089 Thread 0x000001ecad7896d0 Exception <a 'java/lang/NoSuchMethodError'{0x0000000085572580}: static Lorg/gradle/internal/build/event/types/DefaultOperationStartedProgressEvent;.<clinit>()V> (0x0000000085572580) 
thrown [s\src\hotspot\share\prims\jni.cpp, line 1108]
Event: 13.090 Thread 0x000001ecad7896d0 Exception <a 'java/lang/NoSuchMethodError'{0x0000000085574098}: static Lorg/gradle/internal/build/event/types/AbstractProgressEvent;.<clinit>()V> (0x0000000085574098) 
thrown [s\src\hotspot\share\prims\jni.cpp, line 1108]
Event: 13.093 Thread 0x000001ecad7896d0 Exception <a 'java/lang/NoSuchMethodError'{0x0000000085586b68}: static Lorg/gradle/internal/build/event/types/DefaultProjectConfigurationDescriptor;.<clinit>()V> (0x0000000085586b68) 
thrown [s\src\hotspot\share\prims\jni.cpp, line 1108]
Event: 13.093 Thread 0x000001ecad7896d0 Exception <a 'java/lang/NoSuchMethodError'{0x0000000085589578}: static Lorg/gradle/internal/build/event/types/DefaultOperationDescriptor;.<clinit>()V> (0x0000000085589578) 
thrown [s\src\hotspot\share\prims\jni.cpp, line 1108]
Event: 13.098 Thread 0x000001ecad7896d0 Exception <a 'java/lang/NoSuchMethodError'{0x00000000855a13f8}: static Lorg/gradle/internal/operations/OperationIdentifier;.<clinit>()V> (0x00000000855a13f8) 
thrown [s\src\hotspot\share\prims\jni.cpp, line 1108]
Event: 14.827 Thread 0x000001ecad805750 Exception <a 'java/lang/NoSuchMethodError'{0x00000000837504e8}: 'int java.lang.invoke.DirectMethodHandle$Holder.invokeStatic(java.lang.Object)'> (0x00000000837504e8) 
thrown [s\src\hotspot\share\interpreter\linkResolver.cpp, line 771]
Event: 14.827 Thread 0x000001ecad805750 Exception <a 'java/lang/NoSuchMethodError'{0x0000000083754b80}: 'int java.lang.invoke.DirectMethodHandle$Holder.invokeStaticInit(java.lang.Object)'> (0x0000000083754b80) 
thrown [s\src\hotspot\share\interpreter\linkResolver.cpp, line 771]
Event: 14.847 Thread 0x000001ecad805750 Exception <a 'java/lang/NoSuchMethodError'{0x00000000837c96b8}: 'java.lang.Object java.lang.invoke.DirectMethodHandle$Holder.newInvokeSpecial(java.lang.Object, java.lang.Object, java.lang.Object, java.lang.Object, java.lang.Object, int)'> (0x00000000837c96b8) 
thrown [s\src\hotspot\share\interpreter\linkResolver.cpp, line 771]
Event: 14.848 Thread 0x000001ecad805750 Exception <a 'java/lang/NoSuchMethodError'{0x00000000837ced10}: 'java.lang.Object java.lang.invoke.DirectMethodHandle$Holder.invokeSpecial(java.lang.Object, java.lang.Object, java.lang.Object, java.lang.Object, java.lang.Object, java.lang.Object, int)'> (0x00000000837ced10) 
thrown [s\src\hotspot\share\interpreter\linkResolver.cpp, line 771]
Event: 14.883 Thread 0x000001ecad805750 Exception <a 'java/lang/NoSuchMethodError'{0x00000000836a0850}: 'void java.lang.invoke.DirectMethodHandle$Holder.invokeStatic(java.lang.Object, java.lang.Object, java.lang.Object, int, java.lang.Object)'> (0x00000000836a0850) 
thrown [s\src\hotspot\share\interpreter\linkResolver.cpp, line 771]
Event: 16.540 Thread 0x000001ecaf392ea0 StackOverflowError at 0x000001ec935ca120
Event: 16.540 Thread 0x000001ecaf392ea0 Exception <a 'java/lang/StackOverflowError'{0x0000000085142a50}> (0x0000000085142a50) 
thrown [s\src\hotspot\share\runtime\sharedRuntime.cpp, line 628]
Event: 16.541 Thread 0x000001ecaefa02f0 StackOverflowError at 0x000001ec9aa20f20
Event: 16.541 Thread 0x000001ecaefa02f0 Exception <a 'java/lang/StackOverflowError'{0x00000000850ba678}> (0x00000000850ba678) 
thrown [s\src\hotspot\share\runtime\sharedRuntime.cpp, line 628]

VM Operations (20 events):
Event: 12.861 Executing VM operation: HandshakeAllThreads
Event: 12.861 Executing VM operation: HandshakeAllThreads done
Event: 12.896 Executing VM operation: G1CollectForAllocation
Event: 12.901 Executing VM operation: G1CollectForAllocation done
Event: 13.024 Executing VM operation: HandshakeAllThreads
Event: 13.024 Executing VM operation: HandshakeAllThreads done
Event: 13.178 Executing VM operation: HandshakeAllThreads
Event: 13.178 Executing VM operation: HandshakeAllThreads done
Event: 14.147 Executing VM operation: G1CollectForAllocation
Event: 14.159 Executing VM operation: G1CollectForAllocation done
Event: 15.165 Executing VM operation: Cleanup
Event: 15.167 Executing VM operation: Cleanup done
Event: 15.304 Executing VM operation: G1CollectForAllocation
Event: 15.313 Executing VM operation: G1CollectForAllocation done
Event: 15.353 Executing VM operation: G1Concurrent
Event: 15.356 Executing VM operation: G1Concurrent done
Event: 15.378 Executing VM operation: G1Concurrent
Event: 15.378 Executing VM operation: G1Concurrent done
Event: 15.895 Executing VM operation: HandshakeAllThreads
Event: 15.895 Executing VM operation: HandshakeAllThreads done

Events (20 events):
Event: 16.176 Thread 0x000001ecaefa1630 Thread added: 0x000001ecaefa1630
Event: 16.176 Thread 0x000001ecaef9f950 Thread added: 0x000001ecaef9f950
Event: 16.176 Thread 0x000001ecaefa3cb0 Thread added: 0x000001ecaefa3cb0
Event: 16.176 Thread 0x000001ecaefa1b00 Thread added: 0x000001ecaefa1b00
Event: 16.176 Thread 0x000001ecaefa24a0 Thread added: 0x000001ecaefa24a0
Event: 16.177 Thread 0x000001ecaef9fe20 Thread added: 0x000001ecaef9fe20
Event: 16.177 Thread 0x000001ecaefa2970 Thread added: 0x000001ecaefa2970
Event: 16.177 Thread 0x000001ecaefa2e40 Thread added: 0x000001ecaefa2e40
Event: 16.177 Thread 0x000001ecaefa37e0 Thread added: 0x000001ecaefa37e0
Event: 16.178 Thread 0x000001ecaefa4180 Thread added: 0x000001ecaefa4180
Event: 16.178 Thread 0x000001ecaefa4b20 Thread added: 0x000001ecaefa4b20
Event: 16.178 Thread 0x000001ecaefa4ff0 Thread added: 0x000001ecaefa4ff0
Event: 16.178 Thread 0x000001ecaefa54c0 Thread added: 0x000001ecaefa54c0
Event: 16.178 Thread 0x000001ecaf3e7e60 Thread added: 0x000001ecaf3e7e60
Event: 16.179 Thread 0x000001ecaf3ec1c0 Thread added: 0x000001ecaf3ec1c0
Event: 16.179 Thread 0x000001ecaf3e5cb0 Thread added: 0x000001ecaf3e5cb0
Event: 16.179 Thread 0x000001ecaf3ea4e0 Thread added: 0x000001ecaf3ea4e0
Event: 16.180 Thread 0x000001ecaf3e6180 Thread added: 0x000001ecaf3e6180
Event: 16.180 Thread 0x000001ecaf3ec690 Thread added: 0x000001ecaf3ec690
Event: 16.181 Thread 0x000001ecaf3e91a0 Thread added: 0x000001ecaf3e91a0


Dynamic libraries:
0x00007ff7362f0000 - 0x00007ff7362fa000 	C:\Program Files\Android\Android Studio\jbr\bin\java.exe
0x00007ff9b9410000 - 0x00007ff9b9627000 	C:\Windows\SYSTEM32\ntdll.dll
0x00007ff9b90b0000 - 0x00007ff9b9174000 	C:\Windows\System32\KERNEL32.DLL
0x00007ff9b6a10000 - 0x00007ff9b6db6000 	C:\Windows\System32\KERNELBASE.dll
0x00007ff9b6fa0000 - 0x00007ff9b70b1000 	C:\Windows\System32\ucrtbase.dll
0x00007ff99fe90000 - 0x00007ff99fea7000 	C:\Program Files\Android\Android Studio\jbr\bin\jli.dll
0x00007ff9923f0000 - 0x00007ff99240b000 	C:\Program Files\Android\Android Studio\jbr\bin\VCRUNTIME140.dll
0x00007ff9b8260000 - 0x00007ff9b840e000 	C:\Windows\System32\USER32.dll
0x00007ff9a01c0000 - 0x00007ff9a0453000 	C:\Windows\WinSxS\amd64_microsoft.windows.common-controls_6595b64144ccf1df_6.0.22621.2506_none_270c5ae97388e100\COMCTL32.dll
0x00007ff9b6dc0000 - 0x00007ff9b6de6000 	C:\Windows\System32\win32u.dll
0x00007ff9b7950000 - 0x00007ff9b79f7000 	C:\Windows\System32\msvcrt.dll
0x00007ff9b7e80000 - 0x00007ff9b7ea9000 	C:\Windows\System32\GDI32.dll
0x00007ff9b6780000 - 0x00007ff9b6898000 	C:\Windows\System32\gdi32full.dll
0x00007ff9b70c0000 - 0x00007ff9b715a000 	C:\Windows\System32\msvcp_win.dll
0x00007ff9b9070000 - 0x00007ff9b90a1000 	C:\Windows\System32\IMM32.DLL
0x00007ff99e8f0000 - 0x00007ff99e8fc000 	C:\Program Files\Android\Android Studio\jbr\bin\vcruntime140_1.dll
0x00007ff98b1a0000 - 0x00007ff98b22d000 	C:\Program Files\Android\Android Studio\jbr\bin\msvcp140.dll
0x00007ff929c40000 - 0x00007ff92a8ae000 	C:\Program Files\Android\Android Studio\jbr\bin\server\jvm.dll
0x00007ff9b8470000 - 0x00007ff9b8521000 	C:\Windows\System32\ADVAPI32.dll
0x00007ff9b9230000 - 0x00007ff9b92d5000 	C:\Windows\System32\sechost.dll
0x00007ff9b72b0000 - 0x00007ff9b73c7000 	C:\Windows\System32\RPCRT4.dll
0x00007ff9b1cd0000 - 0x00007ff9b1cd9000 	C:\Windows\SYSTEM32\WSOCK32.dll
0x00007ff9aea70000 - 0x00007ff9aeaa4000 	C:\Windows\SYSTEM32\WINMM.dll
0x00007ff9b81e0000 - 0x00007ff9b8251000 	C:\Windows\System32\WS2_32.dll
0x00007ff9af720000 - 0x00007ff9af72a000 	C:\Windows\SYSTEM32\VERSION.dll
0x00007ff9b5870000 - 0x00007ff9b5888000 	C:\Windows\SYSTEM32\kernel.appcore.dll
0x00007ff9b1850000 - 0x00007ff9b185a000 	C:\Program Files\Android\Android Studio\jbr\bin\jimage.dll
0x00007ff9b4090000 - 0x00007ff9b42c3000 	C:\Windows\SYSTEM32\DBGHELP.DLL
0x00007ff9b7af0000 - 0x00007ff9b7e79000 	C:\Windows\System32\combase.dll
0x00007ff9b7a10000 - 0x00007ff9b7ae7000 	C:\Windows\System32\OLEAUT32.dll
0x00007ff991a80000 - 0x00007ff991ab2000 	C:\Windows\SYSTEM32\dbgcore.DLL
0x00007ff9b6df0000 - 0x00007ff9b6e6a000 	C:\Windows\System32\bcryptPrimitives.dll
0x00007ff9a1290000 - 0x00007ff9a12b5000 	C:\Program Files\Android\Android Studio\jbr\bin\java.dll
0x00007ff9a6c10000 - 0x00007ff9a6c28000 	C:\Program Files\Android\Android Studio\jbr\bin\zip.dll
0x00007ff9b8530000 - 0x00007ff9b8d8a000 	C:\Windows\System32\SHELL32.dll
0x00007ff9b46b0000 - 0x00007ff9b4fa6000 	C:\Windows\SYSTEM32\windows.storage.dll
0x00007ff9b4570000 - 0x00007ff9b46ae000 	C:\Windows\SYSTEM32\wintypes.dll
0x00007ff9b7160000 - 0x00007ff9b7253000 	C:\Windows\System32\SHCORE.dll
0x00007ff9b8410000 - 0x00007ff9b846e000 	C:\Windows\System32\shlwapi.dll
0x00007ff9b66b0000 - 0x00007ff9b66d6000 	C:\Windows\SYSTEM32\profapi.dll
0x00007ff9a66c0000 - 0x00007ff9a66d9000 	C:\Program Files\Android\Android Studio\jbr\bin\net.dll
0x00007ff9aeab0000 - 0x00007ff9aebe7000 	C:\Windows\SYSTEM32\WINHTTP.dll
0x00007ff9b5cf0000 - 0x00007ff9b5d59000 	C:\Windows\system32\mswsock.dll
0x00007ff99feb0000 - 0x00007ff99fec6000 	C:\Program Files\Android\Android Studio\jbr\bin\nio.dll
0x00007ff9b17c0000 - 0x00007ff9b17d0000 	C:\Program Files\Android\Android Studio\jbr\bin\verify.dll
0x00007ff99e0e0000 - 0x00007ff99e107000 	C:\Users\ducdu\.gradle\native\68d5fa5c4cc2d200863cafc0d521ce42e7d3e7ee720ec0a83991735586a16f82\windows-amd64\native-platform.dll
0x00007ff955cd0000 - 0x00007ff955e14000 	C:\Users\ducdu\.gradle\native\e376f236ea51e6404a007f0833ffe2c6e607c4080706a723a18a27aeea778392\windows-amd64\native-platform-file-events.dll
0x00007ff9b1590000 - 0x00007ff9b1599000 	C:\Program Files\Android\Android Studio\jbr\bin\management.dll
0x00007ff9ab730000 - 0x00007ff9ab73b000 	C:\Program Files\Android\Android Studio\jbr\bin\management_ext.dll
0x00007ff9b8070000 - 0x00007ff9b8078000 	C:\Windows\System32\PSAPI.DLL
0x00007ff9b5f40000 - 0x00007ff9b5f5b000 	C:\Windows\SYSTEM32\CRYPTSP.dll
0x00007ff9b57d0000 - 0x00007ff9b5805000 	C:\Windows\system32\rsaenh.dll
0x00007ff9b5de0000 - 0x00007ff9b5e0c000 	C:\Windows\SYSTEM32\USERENV.dll
0x00007ff9b6130000 - 0x00007ff9b6158000 	C:\Windows\SYSTEM32\bcrypt.dll
0x00007ff9b5f60000 - 0x00007ff9b5f6c000 	C:\Windows\SYSTEM32\CRYPTBASE.dll
0x00007ff9b5280000 - 0x00007ff9b52ad000 	C:\Windows\SYSTEM32\IPHLPAPI.DLL
0x00007ff9b81d0000 - 0x00007ff9b81d9000 	C:\Windows\System32\NSI.dll
0x00007ff9b0320000 - 0x00007ff9b0339000 	C:\Windows\SYSTEM32\dhcpcsvc6.DLL
0x00007ff9af730000 - 0x00007ff9af74f000 	C:\Windows\SYSTEM32\dhcpcsvc.DLL
0x00007ff9b52f0000 - 0x00007ff9b53e9000 	C:\Windows\SYSTEM32\DNSAPI.dll
0x00007ff9a3070000 - 0x00007ff9a3078000 	C:\Windows\system32\wshunix.dll

dbghelp: loaded successfully - version: 4.0.5 - missing functions: none
symbol engine: initialized successfully - sym options: 0x614 - pdb path: .;C:\Program Files\Android\Android Studio\jbr\bin;C:\Windows\SYSTEM32;C:\Windows\WinSxS\amd64_microsoft.windows.common-controls_6595b64144ccf1df_6.0.22621.2506_none_270c5ae97388e100;C:\Program Files\Android\Android Studio\jbr\bin\server;C:\Users\ducdu\.gradle\native\68d5fa5c4cc2d200863cafc0d521ce42e7d3e7ee720ec0a83991735586a16f82\windows-amd64;C:\Users\ducdu\.gradle\native\e376f236ea51e6404a007f0833ffe2c6e607c4080706a723a18a27aeea778392\windows-amd64

VM Arguments:
jvm_args: --add-opens=java.base/java.util=ALL-UNNAMED --add-opens=java.base/java.lang=ALL-UNNAMED --add-opens=java.base/java.lang.invoke=ALL-UNNAMED --add-opens=java.prefs/java.util.prefs=ALL-UNNAMED --add-opens=java.base/java.nio.charset=ALL-UNNAMED --add-opens=java.base/java.net=ALL-UNNAMED --add-opens=java.base/java.util.concurrent.atomic=ALL-UNNAMED -Xmx2048m -Dfile.encoding=UTF-8 -Duser.country=US -Duser.language=en -Duser.variant 
java_command: org.gradle.launcher.daemon.bootstrap.GradleDaemon 8.0
java_class_path (initial): C:\Users\ducdu\.gradle\wrapper\dists\gradle-8.0-bin\ca5e32bp14vu59qr306oxotwh\gradle-8.0\lib\gradle-launcher-8.0.jar
Launcher Type: SUN_STANDARD

[Global flags]
     intx CICompilerCount                          = 4                                         {product} {ergonomic}
     uint ConcGCThreads                            = 2                                         {product} {ergonomic}
     uint G1ConcRefinementThreads                  = 8                                         {product} {ergonomic}
   size_t G1HeapRegionSize                         = 1048576                                   {product} {ergonomic}
    uintx GCDrainStackTargetSize                   = 64                                        {product} {ergonomic}
   size_t InitialHeapSize                          = 134217728                                 {product} {ergonomic}
   size_t MarkStackSize                            = 4194304                                   {product} {ergonomic}
   size_t MaxHeapSize                              = 2147483648                                {product} {command line}
   size_t MaxNewSize                               = 1287651328                                {product} {ergonomic}
   size_t MinHeapDeltaBytes                        = 1048576                                   {product} {ergonomic}
   size_t MinHeapSize                              = 8388608                                   {product} {ergonomic}
    uintx NonNMethodCodeHeapSize                   = 5839372                                {pd product} {ergonomic}
    uintx NonProfiledCodeHeapSize                  = 122909434                              {pd product} {ergonomic}
    uintx ProfiledCodeHeapSize                     = 122909434                              {pd product} {ergonomic}
    uintx ReservedCodeCacheSize                    = 251658240                              {pd product} {ergonomic}
     bool SegmentedCodeCache                       = true                                      {product} {ergonomic}
   size_t SoftMaxHeapSize                          = 2147483648                             {manageable} {ergonomic}
     bool UseCompressedClassPointers               = true                           {product lp64_product} {ergonomic}
     bool UseCompressedOops                        = true                           {product lp64_product} {ergonomic}
     bool UseG1GC                                  = true                                      {product} {ergonomic}
     bool UseLargePagesIndividualAllocation        = false                                  {pd product} {ergonomic}

Logging:
Log output configuration:
 #0: stdout all=warning uptime,level,tags
 #1: stderr all=off uptime,level,tags

Environment Variables:
PATH=C:\Windows\system32;C:\Windows;C:\Windows\System32\Wbem;C:\Windows\System32\WindowsPowerShell\v1.0\;C:\Windows\System32\OpenSSH\;C:\Program Files\Git\cmd;C:\Program Files\nodejs\;E:\Android\Sdk\tools\bin;C:\Users\ducdu\AppData\Local\Programs\Python\Python312\Scripts\;C:\Users\ducdu\AppData\Local\Programs\Python\Python312\;C:\Users\ducdu\AppData\Local\Microsoft\WindowsApps;C:\Users\ducdu\AppData\Roaming\npm;C:\Users\ducdu\AppData\Local\Programs\Microsoft VS Code\bin;E:\Android\Sdk\tools\bin;C:\Users\ducdu\AppData\Local\Programs\Python\Python312;
USERNAME=ducdu
OS=Windows_NT
PROCESSOR_IDENTIFIER=Intel64 Family 6 Model 142 Stepping 12, GenuineIntel
TMP=C:\Users\ducdu\AppData\Local\Temp
TEMP=C:\Users\ducdu\AppData\Local\Temp


JNI global refs:
JNI global refs: 25, weak refs: 1

JNI global refs memory usage: 843, weak refs: 841


---------------  S Y S T E M  ---------------

OS:
 Windows 11 , 64 bit Build 22621 (10.0.22621.2506)
OS uptime: 1 days 6:17 hours

CPU: total 8 (initial active 8) (4 cores per cpu, 2 threads per core) family 6 model 142 stepping 12 microcode 0xea, cx8, cmov, fxsr, ht, mmx, 3dnowpref, sse, sse2, sse3, ssse3, sse4.1, sse4.2, popcnt, lzcnt, tsc, tscinvbit, avx, avx2, aes, erms, clmul, bmi1, bmi2, adx, fma, vzeroupper, clflush, clflushopt

Memory: 4k page, system-wide physical 8072M (256M free)
TotalPageFile size 20899M (AvailPageFile size 2M)
current process WorkingSet (physical memory assigned to process): 220M, peak: 231M
current process commit charge ("private bytes"): 256M, peak: 271M

vm_info: OpenJDK 64-Bit Server VM (17.0.6+0-b2043.56-10027231) for windows-amd64 JRE (17.0.6+0-b2043.56-10027231), built on Apr 28 2023 00:43:19 by "androidbuild" with MS VC++ 16.10 / 16.11 (VS2019)

END.
