#
# There is insufficient memory for the Java Runtime Environment to continue.
# Native memory allocation (mmap) failed to map 65536 bytes for Failed to commit metaspace.
# Possible reasons:
#   The system is out of physical RAM or swap space
#   The process is running with CompressedOops enabled, and the Java Heap may be blocking the growth of the native heap
# Possible solutions:
#   Reduce memory load on the system
#   Increase physical memory or swap space
#   Check if swap backing store is full
#   Decrease Java heap size (-Xmx/-Xms)
#   Decrease number of Java threads
#   Decrease Java thread stack sizes (-Xss)
#   Set larger code cache with -XX:ReservedCodeCacheSize=
#   JVM is running with Unscaled Compressed Oops mode in which the Java heap is
#     placed in the first 4GB address space. The Java Heap base address is the
#     maximum limit for the native heap growth. Please use -XX:HeapBaseMinAddress
#     to set the Java Heap base and to place the Java Heap above 4GB virtual address.
# This output file may be truncated or incomplete.
#
#  Out of Memory Error (virtualSpaceNode.cpp:110), pid=2204, tid=13936
#
# JRE version: OpenJDK Runtime Environment (17.0.6) (build 17.0.6+0-b2043.56-10027231)
# Java VM: OpenJDK 64-Bit Server VM (17.0.6+0-b2043.56-10027231, mixed mode, tiered, compressed oops, compressed class ptrs, g1 gc, windows-amd64)
# No core dump will be written. Minidumps are not enabled by default on client versions of Windows
#

---------------  S U M M A R Y ------------

Command Line: --add-opens=java.base/java.util=ALL-UNNAMED --add-opens=java.base/java.lang=ALL-UNNAMED --add-opens=java.base/java.lang.invoke=ALL-UNNAMED --add-opens=java.prefs/java.util.prefs=ALL-UNNAMED --add-opens=java.base/java.nio.charset=ALL-UNNAMED --add-opens=java.base/java.net=ALL-UNNAMED --add-opens=java.base/java.util.concurrent.atomic=ALL-UNNAMED -Xmx2048m -Dfile.encoding=UTF-8 -Duser.country=US -Duser.language=en -Duser.variant org.gradle.launcher.daemon.bootstrap.GradleDaemon 8.0

Host: Intel(R) Core(TM) i5-8265U CPU @ 1.60GHz, 8 cores, 7G,  Windows 11 , 64 bit Build 22621 (10.0.22621.2506)
Time: Thu Dec  7 23:27:32 2023 SE Asia Standard Time elapsed time: 11.481337 seconds (0d 0h 0m 11s)

---------------  T H R E A D  ---------------

Current thread (0x0000027cea0233a0):  JavaThread "Daemon worker" [_thread_in_vm, id=13936, stack(0x000000e20d900000,0x000000e20da00000)]

Stack: [0x000000e20d900000,0x000000e20da00000]
Native frames: (J=compiled Java code, j=interpreted, Vv=VM code, C=native code)
V  [jvm.dll+0x683c9a]
V  [jvm.dll+0x8427a4]
V  [jvm.dll+0x843f9e]
V  [jvm.dll+0x844603]
V  [jvm.dll+0x249b75]
V  [jvm.dll+0x83e7fb]
V  [jvm.dll+0x628006]
V  [jvm.dll+0x1c194e]
V  [jvm.dll+0x62a941]
V  [jvm.dll+0x6289a6]
V  [jvm.dll+0x6327d7]
V  [jvm.dll+0x1eda2b]
V  [jvm.dll+0x1edf65]
V  [jvm.dll+0x1ee884]
V  [jvm.dll+0x1e3dcc]
V  [jvm.dll+0x547fed]
V  [jvm.dll+0x1f46eb]
V  [jvm.dll+0x7bc7cb]
V  [jvm.dll+0x7bdc12]
V  [jvm.dll+0x7be3a9]
V  [jvm.dll+0x1eecf4]
V  [jvm.dll+0x1e3de5]
V  [jvm.dll+0x547fed]
V  [jvm.dll+0x1f46eb]
V  [jvm.dll+0x7bc7cb]
V  [jvm.dll+0x7bdc12]
V  [jvm.dll+0x7bdf48]
V  [jvm.dll+0x75c351]
V  [jvm.dll+0x6cb6b7]
V  [jvm.dll+0x6ccfc8]
V  [jvm.dll+0x41102a]
V  [jvm.dll+0x41c6ce]
C  0x0000027cda852a77

Java frames: (J=compiled Java code, j=interpreted, Vv=VM code)
J 2710  java.lang.Class.getDeclaredMethods0(Z)[Ljava/lang/reflect/Method; java.base@17.0.6 (0 bytes) @ 0x0000027cda8529db [0x0000027cda8529a0+0x000000000000003b]
J 2093 c1 java.lang.Class.privateGetDeclaredMethods(Z)[Ljava/lang/reflect/Method; java.base@17.0.6 (64 bytes) @ 0x0000027cd3062b54 [0x0000027cd30629c0+0x0000000000000194]
J 2863 c1 java.lang.Class.getDeclaredMethods()[Ljava/lang/reflect/Method; java.base@17.0.6 (27 bytes) @ 0x0000027cd3223ac4 [0x0000027cd3223900+0x00000000000001c4]
j  org.codehaus.groovy.reflection.stdclasses.CachedSAMClass$$Lambda$398+0x00000001004f5770.run()Ljava/lang/Object;+4
J 1916 c1 java.security.AccessController.doPrivileged(Ljava/security/PrivilegedAction;)Ljava/lang/Object; java.base@17.0.6 (9 bytes) @ 0x0000027cd2ff523c [0x0000027cd2ff50e0+0x000000000000015c]
j  org.codehaus.groovy.reflection.stdclasses.CachedSAMClass.getDeclaredMethods(Ljava/lang/Class;)[Ljava/lang/reflect/Method;+11
j  org.codehaus.groovy.reflection.stdclasses.CachedSAMClass.getAbstractMethods(Ljava/lang/Class;Ljava/util/List;)V+59
j  org.codehaus.groovy.reflection.stdclasses.CachedSAMClass.getSAMMethodImpl(Ljava/lang/Class;)Ljava/lang/reflect/Method;+123
j  org.codehaus.groovy.reflection.stdclasses.CachedSAMClass.getSAMMethod(Ljava/lang/Class;)Ljava/lang/reflect/Method;+1
j  org.codehaus.groovy.reflection.ClassInfo.isSAM(Ljava/lang/Class;)Z+1
j  org.codehaus.groovy.reflection.ClassInfo.createCachedClass(Ljava/lang/Class;Lorg/codehaus/groovy/reflection/ClassInfo;)Lorg/codehaus/groovy/reflection/CachedClass;+483
j  org.codehaus.groovy.reflection.ClassInfo.access$300(Ljava/lang/Class;Lorg/codehaus/groovy/reflection/ClassInfo;)Lorg/codehaus/groovy/reflection/CachedClass;+2
j  org.codehaus.groovy.reflection.ClassInfo$LazyCachedClassRef.initValue()Lorg/codehaus/groovy/reflection/CachedClass;+17
j  org.codehaus.groovy.reflection.ClassInfo$LazyCachedClassRef.initValue()Ljava/lang/Object;+1
J 3024 c1 org.codehaus.groovy.util.LazyReference.getLocked(Z)Ljava/lang/Object; (85 bytes) @ 0x0000027cd325da84 [0x0000027cd325d7c0+0x00000000000002c4]
J 2906 c1 org.codehaus.groovy.util.LazyReference.get()Ljava/lang/Object; (44 bytes) @ 0x0000027cd323491c [0x0000027cd3234680+0x000000000000029c]
J 3077 c1 org.codehaus.groovy.reflection.ReflectionCache.getCachedClass(Ljava/lang/Class;)Lorg/codehaus/groovy/reflection/CachedClass; (14 bytes) @ 0x0000027cd3276cb4 [0x0000027cd3276980+0x0000000000000334]
j  org.codehaus.groovy.reflection.CachedClass$4.initValue()Lorg/codehaus/groovy/reflection/CachedClass;+20
j  org.codehaus.groovy.reflection.CachedClass$4.initValue()Ljava/lang/Object;+1
J 3024 c1 org.codehaus.groovy.util.LazyReference.getLocked(Z)Ljava/lang/Object; (85 bytes) @ 0x0000027cd325da84 [0x0000027cd325d7c0+0x00000000000002c4]
J 2906 c1 org.codehaus.groovy.util.LazyReference.get()Ljava/lang/Object; (44 bytes) @ 0x0000027cd323491c [0x0000027cd3234680+0x000000000000029c]
J 3045 c1 org.codehaus.groovy.reflection.CachedClass.getCachedSuperClass()Lorg/codehaus/groovy/reflection/CachedClass; (11 bytes) @ 0x0000027cd3267634 [0x0000027cd3267540+0x00000000000000f4]
j  org.codehaus.groovy.reflection.CachedClass$8.initValue()Ljava/util/Set;+106
j  org.codehaus.groovy.reflection.CachedClass$8.initValue()Ljava/lang/Object;+1
J 3024 c1 org.codehaus.groovy.util.LazyReference.getLocked(Z)Ljava/lang/Object; (85 bytes) @ 0x0000027cd325da84 [0x0000027cd325d7c0+0x00000000000002c4]
J 2906 c1 org.codehaus.groovy.util.LazyReference.get()Ljava/lang/Object; (44 bytes) @ 0x0000027cd323491c [0x0000027cd3234680+0x000000000000029c]
J 3030 c1 org.codehaus.groovy.reflection.CachedClass.getInterfaces()Ljava/util/Set; (11 bytes) @ 0x0000027cd3260534 [0x0000027cd3260440+0x00000000000000f4]
j  org.codehaus.groovy.reflection.CachedClass.<init>(Ljava/lang/Class;Lorg/codehaus/groovy/reflection/ClassInfo;)V+182
j  org.codehaus.groovy.reflection.ClassInfo.createCachedClass(Ljava/lang/Class;Lorg/codehaus/groovy/reflection/ClassInfo;)Lorg/codehaus/groovy/reflection/CachedClass;+508
j  org.codehaus.groovy.reflection.ClassInfo.access$300(Ljava/lang/Class;Lorg/codehaus/groovy/reflection/ClassInfo;)Lorg/codehaus/groovy/reflection/CachedClass;+2
j  org.codehaus.groovy.reflection.ClassInfo$LazyCachedClassRef.initValue()Lorg/codehaus/groovy/reflection/CachedClass;+17
j  org.codehaus.groovy.reflection.ClassInfo$LazyCachedClassRef.initValue()Ljava/lang/Object;+1
J 3024 c1 org.codehaus.groovy.util.LazyReference.getLocked(Z)Ljava/lang/Object; (85 bytes) @ 0x0000027cd325da84 [0x0000027cd325d7c0+0x00000000000002c4]
J 2906 c1 org.codehaus.groovy.util.LazyReference.get()Ljava/lang/Object; (44 bytes) @ 0x0000027cd323491c [0x0000027cd3234680+0x000000000000029c]
J 3080 c1 org.codehaus.groovy.reflection.ParameterTypes.getParametersTypes0()V (89 bytes) @ 0x0000027cd3278ebc [0x0000027cd3278800+0x00000000000006bc]
J 3042 c1 org.codehaus.groovy.reflection.CachedMethod.compareToCachedMethod(Lorg/codehaus/groovy/reflection/CachedMethod;)I (160 bytes) @ 0x0000027cd3265e74 [0x0000027cd32657e0+0x0000000000000694]
J 3041 c1 org.codehaus.groovy.reflection.CachedMethod.compareTo(Ljava/lang/Object;)I (25 bytes) @ 0x0000027cd3265154 [0x0000027cd3264ee0+0x0000000000000274]
j  java.util.ComparableTimSort.countRunAndMakeAscending([Ljava/lang/Object;II)I+42 java.base@17.0.6
J 1155 c1 java.util.ComparableTimSort.sort([Ljava/lang/Object;II[Ljava/lang/Object;II)V java.base@17.0.6 (219 bytes) @ 0x0000027cd2e9a034 [0x0000027cd2e99e60+0x00000000000001d4]
j  java.util.Arrays.sort([Ljava/lang/Object;II)V+28 java.base@17.0.6
j  java.util.Arrays.sort([Ljava/lang/Object;IILjava/util/Comparator;)V+7 java.base@17.0.6
j  java.util.ArrayList.sort(Ljava/util/Comparator;)V+15 java.base@17.0.6
j  java.util.Collections.sort(Ljava/util/List;)V+2 java.base@17.0.6
j  org.codehaus.groovy.reflection.CachedClass$3.initValue()[Lorg/codehaus/groovy/reflection/CachedMethod;+117
j  org.codehaus.groovy.reflection.CachedClass$3.initValue()Ljava/lang/Object;+1
J 3024 c1 org.codehaus.groovy.util.LazyReference.getLocked(Z)Ljava/lang/Object; (85 bytes) @ 0x0000027cd325da84 [0x0000027cd325d7c0+0x00000000000002c4]
J 2906 c1 org.codehaus.groovy.util.LazyReference.get()Ljava/lang/Object; (44 bytes) @ 0x0000027cd323491c [0x0000027cd3234680+0x000000000000029c]
j  org.codehaus.groovy.reflection.CachedClass.getMethods()[Lorg/codehaus/groovy/reflection/CachedMethod;+4
j  org.codehaus.groovy.runtime.m12n.SimpleExtensionModule.createMetaMethods(Ljava/lang/Class;Ljava/util/List;Z)V+6
j  org.codehaus.groovy.runtime.m12n.SimpleExtensionModule.getMetaMethods()Ljava/util/List;+44
j  org.codehaus.groovy.runtime.metaclass.MetaClassRegistryImpl$DefaultModuleListener.onModule(Lorg/codehaus/groovy/runtime/m12n/ExtensionModule;)V+113
j  org.codehaus.groovy.runtime.m12n.ExtensionModuleScanner.scanExtensionModuleFromProperties(Ljava/util/Properties;)V+23
j  org.codehaus.groovy.runtime.m12n.ExtensionModuleScanner.scanExtensionModuleFromMetaInf(Ljava/net/URL;)V+52
j  org.codehaus.groovy.runtime.m12n.ExtensionModuleScanner.scanClasspathModulesFrom(Ljava/lang/String;)V+30
j  org.codehaus.groovy.runtime.m12n.ExtensionModuleScanner.scanClasspathModules()V+3
j  org.codehaus.groovy.runtime.metaclass.MetaClassRegistryImpl.<init>(IZ)V+279
j  org.codehaus.groovy.runtime.metaclass.MetaClassRegistryImpl.<init>()V+3
j  groovy.lang.GroovySystem.<clinit>()V+8
v  ~StubRoutines::call_stub
j  org.codehaus.groovy.runtime.InvokerHelper.<clinit>()V+34
v  ~StubRoutines::call_stub
j  groovy.lang.GroovyObjectSupport.getDefaultMetaClass()Lgroovy/lang/MetaClass;+4
j  groovy.lang.GroovyObjectSupport.<init>()V+6
j  groovy.lang.Binding.<init>()V+1
j  groovy.lang.Script.<init>()V+5
j  org.gradle.groovy.scripts.Script.<init>()V+1
j  org.gradle.groovy.scripts.BasicScript.<init>()V+1
j  org.gradle.groovy.scripts.DefaultScript.<init>()V+1
j  org.gradle.initialization.InitScript.<init>()V+1
j  ijtestinit_csas02p2g1ixg98flsq27b12g.<init>()V+6
v  ~StubRoutines::call_stub
J 2499  jdk.internal.reflect.NativeConstructorAccessorImpl.newInstance0(Ljava/lang/reflect/Constructor;[Ljava/lang/Object;)Ljava/lang/Object; java.base@17.0.6 (0 bytes) @ 0x0000027cda83a886 [0x0000027cda83a820+0x0000000000000066]
J 2197 c1 jdk.internal.reflect.NativeConstructorAccessorImpl.newInstance([Ljava/lang/Object;)Ljava/lang/Object; java.base@17.0.6 (122 bytes) @ 0x0000027cd309cf64 [0x0000027cd309c660+0x0000000000000904]
J 2259 c1 jdk.internal.reflect.DelegatingConstructorAccessorImpl.newInstance([Ljava/lang/Object;)Ljava/lang/Object; java.base@17.0.6 (9 bytes) @ 0x0000027cd30c7f3c [0x0000027cd30c7e40+0x00000000000000fc]
J 2079 c1 java.lang.reflect.Constructor.newInstanceWithCaller([Ljava/lang/Object;ZLjava/lang/Class;)Ljava/lang/Object; java.base@17.0.6 (75 bytes) @ 0x0000027cd305a14c [0x0000027cd3059f00+0x000000000000024c]
J 2088 c1 java.lang.reflect.Constructor.newInstance([Ljava/lang/Object;)Ljava/lang/Object; java.base@17.0.6 (34 bytes) @ 0x0000027cd305f52c [0x0000027cd305f3c0+0x000000000000016c]
j  org.gradle.internal.instantiation.generator.AsmBackedClassGenerator$InvokeConstructorStrategy.newInstance(Lorg/gradle/internal/service/ServiceLookup;Lorg/gradle/internal/instantiation/InstanceGenerator;Lorg/gradle/api/Describable;[Ljava/lang/Object;)Ljava/lang/Object;+37
j  org.gradle.internal.instantiation.generator.AbstractClassGenerator$GeneratedClassImpl$GeneratedConstructorImpl.lambda$newInstance$0(Lorg/gradle/internal/service/ServiceLookup;Lorg/gradle/internal/instantiation/InstanceGenerator;Lorg/gradle/api/Describable;[Ljava/lang/Object;)Ljava/lang/Object;+9
j  org.gradle.internal.instantiation.generator.AbstractClassGenerator$GeneratedClassImpl$GeneratedConstructorImpl$$Lambda$135+0x00000001002807d0.create()Ljava/lang/Object;+20
j  org.gradle.internal.deprecation.DeprecationLogger$4.create()Ljava/lang/Object;+6
j  org.gradle.internal.deprecation.DeprecationLogger.whileDisabledThrowing(Lorg/gradle/internal/deprecation/DeprecationLogger$ThrowingFactory;)Ljava/lang/Object;+14
j  org.gradle.internal.instantiation.generator.AbstractClassGenerator$GeneratedClassImpl$GeneratedConstructorImpl.newInstance(Lorg/gradle/internal/service/ServiceLookup;Lorg/gradle/internal/instantiation/InstanceGenerator;Lorg/gradle/api/Describable;[Ljava/lang/Object;)Ljava/lang/Object;+11
j  org.gradle.internal.instantiation.generator.DependencyInjectingInstantiator.doCreate(Ljava/lang/Class;Lorg/gradle/api/Describable;[Ljava/lang/Object;)Ljava/lang/Object;+37
j  org.gradle.internal.instantiation.generator.DependencyInjectingInstantiator.newInstance(Ljava/lang/Class;[Ljava/lang/Object;)Ljava/lang/Object;+4
j  org.gradle.groovy.scripts.internal.DefaultScriptRunnerFactory$ScriptRunnerImpl.getScript()Lorg/gradle/groovy/scripts/Script;+30
j  org.gradle.groovy.scripts.internal.DefaultScriptRunnerFactory$ScriptRunnerImpl.run(Ljava/lang/Object;Lorg/gradle/internal/service/ServiceRegistry;)V+21
j  org.gradle.configuration.DefaultScriptPluginFactory$ScriptPluginImpl.lambda$apply$0(Lorg/gradle/groovy/scripts/ScriptRunner;Ljava/lang/Object;Lorg/gradle/internal/service/DefaultServiceRegistry;)V+3
j  org.gradle.configuration.DefaultScriptPluginFactory$ScriptPluginImpl$$Lambda$387+0x00000001004da4b0.run()V+12
j  org.gradle.configuration.DefaultScriptTarget.addConfiguration(Ljava/lang/Runnable;Z)V+1
j  org.gradle.configuration.DefaultScriptPluginFactory$ScriptPluginImpl.apply(Ljava/lang/Object;)V+389
j  org.gradle.configuration.BuildOperationScriptPlugin$1.run(Lorg/gradle/internal/operations/BuildOperationContext;)V+11
j  org.gradle.internal.operations.DefaultBuildOperationRunner$1.execute(Lorg/gradle/internal/operations/RunnableBuildOperation;Lorg/gradle/internal/operations/BuildOperationContext;)V+2
j  org.gradle.internal.operations.DefaultBuildOperationRunner$1.execute(Lorg/gradle/internal/operations/BuildOperation;Lorg/gradle/internal/operations/BuildOperationContext;)V+6
j  org.gradle.internal.operations.DefaultBuildOperationRunner$2.execute(Lorg/gradle/internal/operations/BuildOperationDescriptor;Lorg/gradle/internal/operations/BuildOperationState;Lorg/gradle/internal/operations/BuildOperationState;Lorg/gradle/internal/operations/DefaultBuildOperationRunner$ReadableBuildOperationContext;Lorg/gradle/internal/operations/DefaultBuildOperationRunner$BuildOperationExecutionListener;)Lorg/gradle/internal/operations/BuildOperation;+22
j  org.gradle.internal.operations.DefaultBuildOperationRunner$2.execute(Lorg/gradle/internal/operations/BuildOperationDescriptor;Lorg/gradle/internal/operations/BuildOperationState;Lorg/gradle/internal/operations/BuildOperationState;Lorg/gradle/internal/operations/DefaultBuildOperationRunner$ReadableBuildOperationContext;Lorg/gradle/internal/operations/DefaultBuildOperationRunner$BuildOperationExecutionListener;)Ljava/lang/Object;+8
j  org.gradle.internal.operations.DefaultBuildOperationRunner.execute(Lorg/gradle/internal/operations/BuildOperationDescriptor$Builder;Lorg/gradle/internal/operations/BuildOperationState;Lorg/gradle/internal/operations/DefaultBuildOperationRunner$BuildOperationExecution;)Ljava/lang/Object;+141
j  org.gradle.internal.operations.DefaultBuildOperationRunner.execute(Lorg/gradle/internal/operations/BuildOperation;Lorg/gradle/internal/operations/BuildOperationWorker;Lorg/gradle/internal/operations/BuildOperationState;)V+18
j  org.gradle.internal.operations.DefaultBuildOperationRunner.run(Lorg/gradle/internal/operations/RunnableBuildOperation;)V+9
j  org.gradle.internal.operations.DefaultBuildOperationExecutor.run(Lorg/gradle/internal/operations/RunnableBuildOperation;)V+5
j  org.gradle.configuration.BuildOperationScriptPlugin.lambda$apply$0(Ljava/lang/Object;Lorg/gradle/configuration/internal/UserCodeApplicationId;)V+14
j  org.gradle.configuration.BuildOperationScriptPlugin$$Lambda$335+0x00000001004b04a0.execute(Ljava/lang/Object;)V+12
j  org.gradle.configuration.internal.DefaultUserCodeApplicationContext.apply(Lorg/gradle/internal/DisplayName;Lorg/gradle/api/Action;)V+37
j  org.gradle.configuration.BuildOperationScriptPlugin.apply(Ljava/lang/Object;)V+61
j  org.gradle.configuration.DefaultInitScriptProcessor.process(Lorg/gradle/groovy/scripts/ScriptSource;Lorg/gradle/api/internal/GradleInternal;)V+119
j  org.gradle.initialization.InitScriptHandler$1.run(Lorg/gradle/internal/operations/BuildOperationContext;)V+66
j  org.gradle.internal.operations.DefaultBuildOperationRunner$1.execute(Lorg/gradle/internal/operations/RunnableBuildOperation;Lorg/gradle/internal/operations/BuildOperationContext;)V+2
j  org.gradle.internal.operations.DefaultBuildOperationRunner$1.execute(Lorg/gradle/internal/operations/BuildOperation;Lorg/gradle/internal/operations/BuildOperationContext;)V+6
j  org.gradle.internal.operations.DefaultBuildOperationRunner$2.execute(Lorg/gradle/internal/operations/BuildOperationDescriptor;Lorg/gradle/internal/operations/BuildOperationState;Lorg/gradle/internal/operations/BuildOperationState;Lorg/gradle/internal/operations/DefaultBuildOperationRunner$ReadableBuildOperationContext;Lorg/gradle/internal/operations/DefaultBuildOperationRunner$BuildOperationExecutionListener;)Lorg/gradle/internal/operations/BuildOperation;+22
j  org.gradle.internal.operations.DefaultBuildOperationRunner$2.execute(Lorg/gradle/internal/operations/BuildOperationDescriptor;Lorg/gradle/internal/operations/BuildOperationState;Lorg/gradle/internal/operations/BuildOperationState;Lorg/gradle/internal/operations/DefaultBuildOperationRunner$ReadableBuildOperationContext;Lorg/gradle/internal/operations/DefaultBuildOperationRunner$BuildOperationExecutionListener;)Ljava/lang/Object;+8
j  org.gradle.internal.operations.DefaultBuildOperationRunner.execute(Lorg/gradle/internal/operations/BuildOperationDescriptor$Builder;Lorg/gradle/internal/operations/BuildOperationState;Lorg/gradle/internal/operations/DefaultBuildOperationRunner$BuildOperationExecution;)Ljava/lang/Object;+141
j  org.gradle.internal.operations.DefaultBuildOperationRunner.execute(Lorg/gradle/internal/operations/BuildOperation;Lorg/gradle/internal/operations/BuildOperationWorker;Lorg/gradle/internal/operations/BuildOperationState;)V+18
j  org.gradle.internal.operations.DefaultBuildOperationRunner.run(Lorg/gradle/internal/operations/RunnableBuildOperation;)V+9
j  org.gradle.internal.operations.DefaultBuildOperationExecutor.run(Lorg/gradle/internal/operations/RunnableBuildOperation;)V+5
j  org.gradle.initialization.InitScriptHandler.executeScripts(Lorg/gradle/api/internal/GradleInternal;)V+34
j  org.gradle.initialization.InitScriptHandlingSettingsLoader.findAndLoadSettings(Lorg/gradle/api/internal/GradleInternal;)Lorg/gradle/initialization/SettingsState;+5
j  org.gradle.api.internal.initialization.CacheConfigurationsHandlingSettingsLoader.findAndLoadSettings(Lorg/gradle/api/internal/GradleInternal;)Lorg/gradle/initialization/SettingsState;+15
j  org.gradle.initialization.GradlePropertiesHandlingSettingsLoader.findAndLoadSettings(Lorg/gradle/api/internal/GradleInternal;)Lorg/gradle/initialization/SettingsState;+39
j  org.gradle.initialization.DefaultSettingsPreparer.prepareSettings(Lorg/gradle/api/internal/GradleInternal;)V+33
j  org.gradle.initialization.BuildOperationFiringSettingsPreparer$LoadBuild.doLoadBuild()V+11
j  org.gradle.initialization.BuildOperationFiringSettingsPreparer$LoadBuild.run(Lorg/gradle/internal/operations/BuildOperationContext;)V+1
j  org.gradle.internal.operations.DefaultBuildOperationRunner$1.execute(Lorg/gradle/internal/operations/RunnableBuildOperation;Lorg/gradle/internal/operations/BuildOperationContext;)V+2
j  org.gradle.internal.operations.DefaultBuildOperationRunner$1.execute(Lorg/gradle/internal/operations/BuildOperation;Lorg/gradle/internal/operations/BuildOperationContext;)V+6
j  org.gradle.internal.operations.DefaultBuildOperationRunner$2.execute(Lorg/gradle/internal/operations/BuildOperationDescriptor;Lorg/gradle/internal/operations/BuildOperationState;Lorg/gradle/internal/operations/BuildOperationState;Lorg/gradle/internal/operations/DefaultBuildOperationRunner$ReadableBuildOperationContext;Lorg/gradle/internal/operations/DefaultBuildOperationRunner$BuildOperationExecutionListener;)Lorg/gradle/internal/operations/BuildOperation;+22
j  org.gradle.internal.operations.DefaultBuildOperationRunner$2.execute(Lorg/gradle/internal/operations/BuildOperationDescriptor;Lorg/gradle/internal/operations/BuildOperationState;Lorg/gradle/internal/operations/BuildOperationState;Lorg/gradle/internal/operations/DefaultBuildOperationRunner$ReadableBuildOperationContext;Lorg/gradle/internal/operations/DefaultBuildOperationRunner$BuildOperationExecutionListener;)Ljava/lang/Object;+8
j  org.gradle.internal.operations.DefaultBuildOperationRunner.execute(Lorg/gradle/internal/operations/BuildOperationDescriptor$Builder;Lorg/gradle/internal/operations/BuildOperationState;Lorg/gradle/internal/operations/DefaultBuildOperationRunner$BuildOperationExecution;)Ljava/lang/Object;+141
j  org.gradle.internal.operations.DefaultBuildOperationRunner.execute(Lorg/gradle/internal/operations/BuildOperation;Lorg/gradle/internal/operations/BuildOperationWorker;Lorg/gradle/internal/operations/BuildOperationState;)V+18
j  org.gradle.internal.operations.DefaultBuildOperationRunner.run(Lorg/gradle/internal/operations/RunnableBuildOperation;)V+9
j  org.gradle.internal.operations.DefaultBuildOperationExecutor.run(Lorg/gradle/internal/operations/RunnableBuildOperation;)V+5
j  org.gradle.initialization.BuildOperationFiringSettingsPreparer.prepareSettings(Lorg/gradle/api/internal/GradleInternal;)V+31
j  org.gradle.initialization.VintageBuildModelController.lambda$prepareSettings$1()V+8
j  org.gradle.initialization.VintageBuildModelController$$Lambda$254+0x0000000100400000.run()V+4
j  org.gradle.internal.model.StateTransitionController.lambda$doTransition$13(Ljava/lang/Runnable;)Lorg/gradle/internal/build/ExecutionResult;+1
j  org.gradle.internal.model.StateTransitionController$$Lambda$253+0x00000001003fbc10.get()Ljava/lang/Object;+4
j  org.gradle.internal.model.StateTransitionController.doTransition(Lorg/gradle/internal/model/StateTransitionController$State;Lorg/gradle/internal/model/StateTransitionController$State;Ljava/util/function/Supplier;)Lorg/gradle/internal/build/ExecutionResult;+24
j  org.gradle.internal.model.StateTransitionController.doTransition(Lorg/gradle/internal/model/StateTransitionController$State;Lorg/gradle/internal/model/StateTransitionController$State;Ljava/lang/Runnable;)V+9
j  org.gradle.internal.model.StateTransitionController.lambda$transitionIfNotPreviously$11(Lorg/gradle/internal/model/StateTransitionController$State;Lorg/gradle/internal/model/StateTransitionController$State;Ljava/lang/Runnable;)V+16
j  org.gradle.internal.model.StateTransitionController$$Lambda$255+0x0000000100400248.run()V+16
j  org.gradle.internal.work.DefaultSynchronizer.withLock(Ljava/lang/Runnable;)V+6
j  org.gradle.internal.model.StateTransitionController.transitionIfNotPreviously(Lorg/gradle/internal/model/StateTransitionController$State;Lorg/gradle/internal/model/StateTransitionController$State;Ljava/lang/Runnable;)V+13
j  org.gradle.initialization.VintageBuildModelController.prepareSettings()V+16
j  org.gradle.initialization.VintageBuildModelController.prepareToScheduleTasks()V+1
j  org.gradle.internal.build.DefaultBuildLifecycleController.lambda$prepareToScheduleTasks$3()V+9
j  org.gradle.internal.build.DefaultBuildLifecycleController$$Lambda$251+0x00000001003fb780.run()V+4
j  org.gradle.internal.model.StateTransitionController.lambda$doTransition$13(Ljava/lang/Runnable;)Lorg/gradle/internal/build/ExecutionResult;+1
j  org.gradle.internal.model.StateTransitionController$$Lambda$253+0x00000001003fbc10.get()Ljava/lang/Object;+4
j  org.gradle.internal.model.StateTransitionController.doTransition(Lorg/gradle/internal/model/StateTransitionController$State;Lorg/gradle/internal/model/StateTransitionController$State;Ljava/util/function/Supplier;)Lorg/gradle/internal/build/ExecutionResult;+24
j  org.gradle.internal.model.StateTransitionController.doTransition(Lorg/gradle/internal/model/StateTransitionController$State;Lorg/gradle/internal/model/StateTransitionController$State;Ljava/lang/Runnable;)V+9
j  org.gradle.internal.model.StateTransitionController.lambda$maybeTransition$9(Lorg/gradle/internal/model/StateTransitionController$State;Lorg/gradle/internal/model/StateTransitionController$State;Ljava/lang/Runnable;)V+16
j  org.gradle.internal.model.StateTransitionController$$Lambda$252+0x00000001003fb9c8.run()V+16
j  org.gradle.internal.work.DefaultSynchronizer.withLock(Ljava/lang/Runnable;)V+6
j  org.gradle.internal.model.StateTransitionController.maybeTransition(Lorg/gradle/internal/model/StateTransitionController$State;Lorg/gradle/internal/model/StateTransitionController$State;Ljava/lang/Runnable;)V+13
j  org.gradle.internal.build.DefaultBuildLifecycleController.prepareToScheduleTasks()V+16
j  org.gradle.internal.buildtree.DefaultBuildTreeWorkPreparer.scheduleRequestedTasks(Lorg/gradle/internal/buildtree/BuildTreeWorkGraph;Lorg/gradle/execution/EntryTaskSelector;)Lorg/gradle/internal/buildtree/BuildTreeWorkGraph$FinalizedGraph;+4
j  org.gradle.configurationcache.VintageBuildTreeWorkController$scheduleAndRunRequestedTasks$1.apply(Lorg/gradle/internal/buildtree/BuildTreeWorkGraph;)Lorg/gradle/internal/build/ExecutionResult;+18
j  org.gradle.configurationcache.VintageBuildTreeWorkController$scheduleAndRunRequestedTasks$1.apply(Ljava/lang/Object;)Ljava/lang/Object;+5
j  org.gradle.composite.internal.DefaultIncludedBuildTaskGraph.withNewWorkGraph(Ljava/util/function/Function;)Ljava/lang/Object;+30
j  org.gradle.configurationcache.VintageBuildTreeWorkController.scheduleAndRunRequestedTasks(Lorg/gradle/execution/EntryTaskSelector;)Lorg/gradle/internal/build/ExecutionResult;+16
j  org.gradle.internal.buildtree.DefaultBuildTreeLifecycleController.lambda$scheduleAndRunTasks$1(Lorg/gradle/execution/EntryTaskSelector;)Lorg/gradle/internal/build/ExecutionResult;+5
j  org.gradle.internal.buildtree.DefaultBuildTreeLifecycleController$$Lambda$246+0x00000001003fa800.get()Ljava/lang/Object;+8
j  org.gradle.internal.buildtree.DefaultBuildTreeLifecycleController.lambda$runBuild$4(Ljava/util/function/Supplier;)Ljava/lang/Object;+1
j  org.gradle.internal.buildtree.DefaultBuildTreeLifecycleController$$Lambda$247+0x00000001003faa48.get()Ljava/lang/Object;+8
j  org.gradle.internal.model.StateTransitionController.lambda$transition$6(Ljava/util/function/Supplier;)Lorg/gradle/internal/build/ExecutionResult;+1
j  org.gradle.internal.model.StateTransitionController$$Lambda$249+0x00000001003faed8.get()Ljava/lang/Object;+4
j  org.gradle.internal.model.StateTransitionController.doTransition(Lorg/gradle/internal/model/StateTransitionController$State;Lorg/gradle/internal/model/StateTransitionController$State;Ljava/util/function/Supplier;)Lorg/gradle/internal/build/ExecutionResult;+24
j  org.gradle.internal.model.StateTransitionController.lambda$transition$7(Lorg/gradle/internal/model/StateTransitionController$State;Lorg/gradle/internal/model/StateTransitionController$State;Ljava/util/function/Supplier;)Ljava/lang/Object;+9
j  org.gradle.internal.model.StateTransitionController$$Lambda$248+0x00000001003fac90.create()Ljava/lang/Object;+16
j  org.gradle.internal.work.DefaultSynchronizer.withLock(Lorg/gradle/internal/Factory;)Ljava/lang/Object;+6
j  org.gradle.internal.model.StateTransitionController.transition(Lorg/gradle/internal/model/StateTransitionController$State;Lorg/gradle/internal/model/StateTransitionController$State;Ljava/util/function/Supplier;)Ljava/lang/Object;+13
j  org.gradle.internal.buildtree.DefaultBuildTreeLifecycleController.runBuild(Ljava/util/function/Supplier;)Ljava/lang/Object;+17
j  org.gradle.internal.buildtree.DefaultBuildTreeLifecycleController.scheduleAndRunTasks(Lorg/gradle/execution/EntryTaskSelector;)V+8
j  org.gradle.internal.buildtree.DefaultBuildTreeLifecycleController.scheduleAndRunTasks()V+2
j  org.gradle.tooling.internal.provider.runner.BuildModelActionRunner.run(Lorg/gradle/internal/invocation/BuildAction;Lorg/gradle/internal/buildtree/BuildTreeLifecycleController;)Lorg/gradle/internal/buildtree/BuildActionRunner$Result;+65
j  org.gradle.launcher.exec.ChainingBuildActionRunner.run(Lorg/gradle/internal/invocation/BuildAction;Lorg/gradle/internal/buildtree/BuildTreeLifecycleController;)Lorg/gradle/internal/buildtree/BuildActionRunner$Result;+34
j  org.gradle.internal.buildtree.ProblemReportingBuildActionRunner.run(Lorg/gradle/internal/invocation/BuildAction;Lorg/gradle/internal/buildtree/BuildTreeLifecycleController;)Lorg/gradle/internal/buildtree/BuildActionRunner$Result;+12
j  org.gradle.launcher.exec.BuildOutcomeReportingBuildActionRunner.run(Lorg/gradle/internal/invocation/BuildAction;Lorg/gradle/internal/buildtree/BuildTreeLifecycleController;)Lorg/gradle/internal/buildtree/BuildActionRunner$Result;+69
j  org.gradle.tooling.internal.provider.FileSystemWatchingBuildActionRunner.run(Lorg/gradle/internal/invocation/BuildAction;Lorg/gradle/internal/buildtree/BuildTreeLifecycleController;)Lorg/gradle/internal/buildtree/BuildActionRunner$Result;+335
j  org.gradle.launcher.exec.BuildCompletionNotifyingBuildActionRunner.run(Lorg/gradle/internal/invocation/BuildAction;Lorg/gradle/internal/buildtree/BuildTreeLifecycleController;)Lorg/gradle/internal/buildtree/BuildActionRunner$Result;+6
j  org.gradle.launcher.exec.RootBuildLifecycleBuildActionExecutor.lambda$execute$0(Lorg/gradle/internal/invocation/BuildAction;Lorg/gradle/internal/buildtree/BuildTreeLifecycleController;)Lorg/gradle/internal/buildtree/BuildActionRunner$Result;+6
j  org.gradle.launcher.exec.RootBuildLifecycleBuildActionExecutor$$Lambda$205+0x00000001003dd958.apply(Ljava/lang/Object;)Ljava/lang/Object;+12
j  org.gradle.composite.internal.DefaultRootBuildState.run(Ljava/util/function/Function;)Ljava/lang/Object;+87
j  org.gradle.launcher.exec.RootBuildLifecycleBuildActionExecutor.execute(Lorg/gradle/internal/invocation/BuildAction;Lorg/gradle/internal/buildtree/BuildTreeContext;)Lorg/gradle/internal/buildtree/BuildActionRunner$Result;+28
j  org.gradle.internal.buildtree.DefaultBuildTreeContext.execute(Lorg/gradle/internal/invocation/BuildAction;)Lorg/gradle/internal/buildtree/BuildActionRunner$Result;+64
j  org.gradle.launcher.exec.BuildTreeLifecycleBuildActionExecutor.lambda$execute$0(Lorg/gradle/internal/invocation/BuildAction;Lorg/gradle/internal/buildtree/BuildTreeContext;)Lorg/gradle/internal/buildtree/BuildActionRunner$Result;+2
j  org.gradle.launcher.exec.BuildTreeLifecycleBuildActionExecutor$$Lambda$158+0x0000000100330690.apply(Ljava/lang/Object;)Ljava/lang/Object;+8
j  org.gradle.internal.buildtree.BuildTreeState.run(Ljava/util/function/Function;)Ljava/lang/Object;+5
j  org.gradle.launcher.exec.BuildTreeLifecycleBuildActionExecutor.execute(Lorg/gradle/internal/invocation/BuildAction;Lorg/gradle/internal/session/BuildSessionContext;)Lorg/gradle/internal/buildtree/BuildActionRunner$Result;+181
j  org.gradle.launcher.exec.RunAsBuildOperationBuildActionExecutor$3.call(Lorg/gradle/internal/operations/BuildOperationContext;)Lorg/gradle/internal/buildtree/BuildActionRunner$Result;+25
j  org.gradle.launcher.exec.RunAsBuildOperationBuildActionExecutor$3.call(Lorg/gradle/internal/operations/BuildOperationContext;)Ljava/lang/Object;+2
j  org.gradle.internal.operations.DefaultBuildOperationRunner$CallableBuildOperationWorker.execute(Lorg/gradle/internal/operations/CallableBuildOperation;Lorg/gradle/internal/operations/BuildOperationContext;)V+3
j  org.gradle.internal.operations.DefaultBuildOperationRunner$CallableBuildOperationWorker.execute(Lorg/gradle/internal/operations/BuildOperation;Lorg/gradle/internal/operations/BuildOperationContext;)V+6
j  org.gradle.internal.operations.DefaultBuildOperationRunner$2.execute(Lorg/gradle/internal/operations/BuildOperationDescriptor;Lorg/gradle/internal/operations/BuildOperationState;Lorg/gradle/internal/operations/BuildOperationState;Lorg/gradle/internal/operations/DefaultBuildOperationRunner$ReadableBuildOperationContext;Lorg/gradle/internal/operations/DefaultBuildOperationRunner$BuildOperationExecutionListener;)Lorg/gradle/internal/operations/BuildOperation;+22
j  org.gradle.internal.operations.DefaultBuildOperationRunner$2.execute(Lorg/gradle/internal/operations/BuildOperationDescriptor;Lorg/gradle/internal/operations/BuildOperationState;Lorg/gradle/internal/operations/BuildOperationState;Lorg/gradle/internal/operations/DefaultBuildOperationRunner$ReadableBuildOperationContext;Lorg/gradle/internal/operations/DefaultBuildOperationRunner$BuildOperationExecutionListener;)Ljava/lang/Object;+8
j  org.gradle.internal.operations.DefaultBuildOperationRunner.execute(Lorg/gradle/internal/operations/BuildOperationDescriptor$Builder;Lorg/gradle/internal/operations/BuildOperationState;Lorg/gradle/internal/operations/DefaultBuildOperationRunner$BuildOperationExecution;)Ljava/lang/Object;+141
j  org.gradle.internal.operations.DefaultBuildOperationRunner.execute(Lorg/gradle/internal/operations/BuildOperation;Lorg/gradle/internal/operations/BuildOperationWorker;Lorg/gradle/internal/operations/BuildOperationState;)V+18
j  org.gradle.internal.operations.DefaultBuildOperationRunner.call(Lorg/gradle/internal/operations/CallableBuildOperation;)Ljava/lang/Object;+16
j  org.gradle.internal.operations.DefaultBuildOperationExecutor.call(Lorg/gradle/internal/operations/CallableBuildOperation;)Ljava/lang/Object;+5
j  org.gradle.launcher.exec.RunAsBuildOperationBuildActionExecutor.execute(Lorg/gradle/internal/invocation/BuildAction;Lorg/gradle/internal/session/BuildSessionContext;)Lorg/gradle/internal/buildtree/BuildActionRunner$Result;+23
j  org.gradle.launcher.exec.RunAsWorkerThreadBuildActionExecutor.lambda$execute$0(Lorg/gradle/internal/invocation/BuildAction;Lorg/gradle/internal/session/BuildSessionContext;)Lorg/gradle/internal/buildtree/BuildActionRunner$Result;+6
j  org.gradle.launcher.exec.RunAsWorkerThreadBuildActionExecutor$$Lambda$157+0x00000001003154a8.create()Ljava/lang/Object;+12
j  org.gradle.internal.work.DefaultWorkerLeaseService.withLocks(Ljava/util/Collection;Lorg/gradle/internal/Factory;)Ljava/lang/Object;+28
j  org.gradle.internal.work.DefaultWorkerLeaseService.runAsWorkerThread(Lorg/gradle/internal/Factory;)Ljava/lang/Object;+33
j  org.gradle.launcher.exec.RunAsWorkerThreadBuildActionExecutor.execute(Lorg/gradle/internal/invocation/BuildAction;Lorg/gradle/internal/session/BuildSessionContext;)Lorg/gradle/internal/buildtree/BuildActionRunner$Result;+12
j  org.gradle.tooling.internal.provider.continuous.ContinuousBuildActionExecutor.execute(Lorg/gradle/internal/invocation/BuildAction;Lorg/gradle/internal/session/BuildSessionContext;)Lorg/gradle/internal/buildtree/BuildActionRunner$Result;+58
j  org.gradle.tooling.internal.provider.SubscribableBuildActionExecutor.execute(Lorg/gradle/internal/invocation/BuildAction;Lorg/gradle/internal/session/BuildSessionContext;)Lorg/gradle/internal/buildtree/BuildActionRunner$Result;+30
j  org.gradle.internal.session.DefaultBuildSessionContext.execute(Lorg/gradle/internal/invocation/BuildAction;)Lorg/gradle/internal/buildtree/BuildActionRunner$Result;+64
j  org.gradle.tooling.internal.provider.BuildSessionLifecycleBuildActionExecuter$ActionImpl.apply(Lorg/gradle/internal/session/BuildSessionContext;)Lorg/gradle/launcher/exec/BuildActionResult;+6
j  org.gradle.tooling.internal.provider.BuildSessionLifecycleBuildActionExecuter$ActionImpl.apply(Ljava/lang/Object;)Ljava/lang/Object;+5
j  org.gradle.internal.session.BuildSessionState.run(Ljava/util/function/Function;)Ljava/lang/Object;+5
j  org.gradle.tooling.internal.provider.BuildSessionLifecycleBuildActionExecuter.execute(Lorg/gradle/internal/invocation/BuildAction;Lorg/gradle/launcher/exec/BuildActionParameters;Lorg/gradle/initialization/BuildRequestContext;)Lorg/gradle/launcher/exec/BuildActionResult;+95
j  org.gradle.tooling.internal.provider.BuildSessionLifecycleBuildActionExecuter.execute(Lorg/gradle/internal/invocation/BuildAction;Ljava/lang/Object;Ljava/lang/Object;)Lorg/gradle/launcher/exec/BuildActionResult;+10
j  org.gradle.tooling.internal.provider.StartParamsValidatingActionExecuter.execute(Lorg/gradle/internal/invocation/BuildAction;Lorg/gradle/launcher/exec/BuildActionParameters;Lorg/gradle/initialization/BuildRequestContext;)Lorg/gradle/launcher/exec/BuildActionResult;+177
j  org.gradle.tooling.internal.provider.StartParamsValidatingActionExecuter.execute(Lorg/gradle/internal/invocation/BuildAction;Ljava/lang/Object;Ljava/lang/Object;)Lorg/gradle/launcher/exec/BuildActionResult;+10
j  org.gradle.tooling.internal.provider.SessionFailureReportingActionExecuter.execute(Lorg/gradle/internal/invocation/BuildAction;Lorg/gradle/launcher/exec/BuildActionParameters;Lorg/gradle/initialization/BuildRequestContext;)Lorg/gradle/launcher/exec/BuildActionResult;+7
j  org.gradle.tooling.internal.provider.SessionFailureReportingActionExecuter.execute(Lorg/gradle/internal/invocation/BuildAction;Ljava/lang/Object;Ljava/lang/Object;)Lorg/gradle/launcher/exec/BuildActionResult;+10
j  org.gradle.tooling.internal.provider.SetupLoggingActionExecuter.execute(Lorg/gradle/internal/invocation/BuildAction;Lorg/gradle/launcher/exec/BuildActionParameters;Lorg/gradle/initialization/BuildRequestContext;)Lorg/gradle/launcher/exec/BuildActionResult;+50
j  org.gradle.tooling.internal.provider.SetupLoggingActionExecuter.execute(Lorg/gradle/internal/invocation/BuildAction;Ljava/lang/Object;Ljava/lang/Object;)Lorg/gradle/launcher/exec/BuildActionResult;+10
j  org.gradle.launcher.daemon.server.exec.ExecuteBuild.doBuild(Lorg/gradle/launcher/daemon/server/api/DaemonCommandExecution;Lorg/gradle/launcher/daemon/protocol/Build;)V+117
j  org.gradle.launcher.daemon.server.exec.BuildCommandOnly.execute(Lorg/gradle/launcher/daemon/server/api/DaemonCommandExecution;)V+49
j  org.gradle.launcher.daemon.server.api.DaemonCommandExecution.proceed()Z+23
j  org.gradle.launcher.daemon.server.exec.WatchForDisconnection.execute(Lorg/gradle/launcher/daemon/server/api/DaemonCommandExecution;)V+19
j  org.gradle.launcher.daemon.server.api.DaemonCommandExecution.proceed()Z+23
j  org.gradle.launcher.daemon.server.exec.ResetDeprecationLogger.execute(Lorg/gradle/launcher/daemon/server/api/DaemonCommandExecution;)V+7
j  org.gradle.launcher.daemon.server.api.DaemonCommandExecution.proceed()Z+23
j  org.gradle.launcher.daemon.server.exec.RequestStopIfSingleUsedDaemon.execute(Lorg/gradle/launcher/daemon/server/api/DaemonCommandExecution;)V+33
j  org.gradle.launcher.daemon.server.api.DaemonCommandExecution.proceed()Z+23
j  org.gradle.launcher.daemon.server.exec.ForwardClientInput$2.create()Ljava/lang/Void;+4
j  org.gradle.launcher.daemon.server.exec.ForwardClientInput$2.create()Ljava/lang/Object;+1
j  org.gradle.util.internal.Swapper.swap(Ljava/lang/Object;Lorg/gradle/internal/Factory;)Ljava/lang/Object;+21
j  org.gradle.launcher.daemon.server.exec.ForwardClientInput.execute(Lorg/gradle/launcher/daemon/server/api/DaemonCommandExecution;)V+63
j  org.gradle.launcher.daemon.server.api.DaemonCommandExecution.proceed()Z+23
j  org.gradle.launcher.daemon.server.exec.LogAndCheckHealth.execute(Lorg/gradle/launcher/daemon/server/api/DaemonCommandExecution;)V+51
j  org.gradle.launcher.daemon.server.api.DaemonCommandExecution.proceed()Z+23
j  org.gradle.launcher.daemon.server.exec.LogToClient.doBuild(Lorg/gradle/launcher/daemon/server/api/DaemonCommandExecution;Lorg/gradle/launcher/daemon/protocol/Build;)V+87
j  org.gradle.launcher.daemon.server.exec.BuildCommandOnly.execute(Lorg/gradle/launcher/daemon/server/api/DaemonCommandExecution;)V+49
j  org.gradle.launcher.daemon.server.api.DaemonCommandExecution.proceed()Z+23
j  org.gradle.launcher.daemon.server.exec.EstablishBuildEnvironment.doBuild(Lorg/gradle/launcher/daemon/server/api/DaemonCommandExecution;Lorg/gradle/launcher/daemon/protocol/Build;)V+356
j  org.gradle.launcher.daemon.server.exec.BuildCommandOnly.execute(Lorg/gradle/launcher/daemon/server/api/DaemonCommandExecution;)V+49
j  org.gradle.launcher.daemon.server.api.DaemonCommandExecution.proceed()Z+23
j  org.gradle.launcher.daemon.server.exec.StartBuildOrRespondWithBusy$1.run()V+44
j  org.gradle.launcher.daemon.server.DaemonStateCoordinator$1.run()V+4
j  org.gradle.internal.concurrent.ExecutorPolicy$CatchAndRecordFailures.onExecute(Ljava/lang/Runnable;)V+1
j  org.gradle.internal.concurrent.ManagedExecutorImpl$1.run()V+25
j  java.util.concurrent.ThreadPoolExecutor.runWorker(Ljava/util/concurrent/ThreadPoolExecutor$Worker;)V+92 java.base@17.0.6
j  java.util.concurrent.ThreadPoolExecutor$Worker.run()V+5 java.base@17.0.6
j  java.lang.Thread.run()V+11 java.base@17.0.6
v  ~StubRoutines::call_stub

---------------  P R O C E S S  ---------------

Threads class SMR info:
_java_thread_list=0x0000027ceea44b10, length=35, elements={
0x0000027ccf779b10, 0x0000027cea0012d0, 0x0000027cea002140, 0x0000027ce9607e20,
0x0000027cea02b360, 0x0000027cea020fb0, 0x0000027cea025080, 0x0000027cea036d30,
0x0000027cea038640, 0x0000027cea0397d0, 0x0000027cea0246e0, 0x0000027cea024bb0,
0x0000027cea025550, 0x0000027cea024210, 0x0000027cea025a20, 0x0000027cea022060,
0x0000027cea022a00, 0x0000027cea022530, 0x0000027cea0233a0, 0x0000027cea023870,
0x0000027cea023d40, 0x0000027ceb0c76e0, 0x0000027ceb0cb0a0, 0x0000027ceb0c7210,
0x0000027ceb0c93c0, 0x0000027ceb0cc8b0, 0x0000027ceb0c9d60, 0x0000027ceb0ca230,
0x0000027ceb0cc3e0, 0x0000027ceb0cb570, 0x0000027ceb0c5060, 0x0000027ceb0c5ed0,
0x0000027ceb0c5530, 0x0000027ceb0c6870, 0x0000027ceb0cba40
}

Java Threads: ( => current thread )
  0x0000027ccf779b10 JavaThread "main" [_thread_blocked, id=15904, stack(0x000000e20bc00000,0x000000e20bd00000)]
  0x0000027cea0012d0 JavaThread "Reference Handler" daemon [_thread_blocked, id=1984, stack(0x000000e20c300000,0x000000e20c400000)]
  0x0000027cea002140 JavaThread "Finalizer" daemon [_thread_blocked, id=3132, stack(0x000000e20c400000,0x000000e20c500000)]
  0x0000027ce9607e20 JavaThread "Signal Dispatcher" daemon [_thread_blocked, id=14060, stack(0x000000e20c500000,0x000000e20c600000)]
  0x0000027cea02b360 JavaThread "Attach Listener" daemon [_thread_blocked, id=12064, stack(0x000000e20c600000,0x000000e20c700000)]
  0x0000027cea020fb0 JavaThread "Service Thread" daemon [_thread_blocked, id=1800, stack(0x000000e20c700000,0x000000e20c800000)]
  0x0000027cea025080 JavaThread "Monitor Deflation Thread" daemon [_thread_blocked, id=20636, stack(0x000000e20c800000,0x000000e20c900000)]
  0x0000027cea036d30 JavaThread "C2 CompilerThread0" daemon [_thread_blocked, id=21392, stack(0x000000e20c900000,0x000000e20ca00000)]
  0x0000027cea038640 JavaThread "C1 CompilerThread0" daemon [_thread_blocked, id=20624, stack(0x000000e20ca00000,0x000000e20cb00000)]
  0x0000027cea0397d0 JavaThread "Sweeper thread" daemon [_thread_blocked, id=27624, stack(0x000000e20cb00000,0x000000e20cc00000)]
  0x0000027cea0246e0 JavaThread "Common-Cleaner" daemon [_thread_blocked, id=16864, stack(0x000000e20cc00000,0x000000e20cd00000)]
  0x0000027cea024bb0 JavaThread "Notification Thread" daemon [_thread_blocked, id=18864, stack(0x000000e20cd00000,0x000000e20ce00000)]
  0x0000027cea025550 JavaThread "Daemon health stats" [_thread_blocked, id=19732, stack(0x000000e20d300000,0x000000e20d400000)]
  0x0000027cea024210 JavaThread "Incoming local TCP Connector on port 61285" [_thread_in_native, id=5152, stack(0x000000e20d400000,0x000000e20d500000)]
  0x0000027cea025a20 JavaThread "Daemon periodic checks" [_thread_blocked, id=20444, stack(0x000000e20d500000,0x000000e20d600000)]
  0x0000027cea022060 JavaThread "Daemon" [_thread_blocked, id=6100, stack(0x000000e20d600000,0x000000e20d700000)]
  0x0000027cea022a00 JavaThread "Handler for socket connection from /127.0.0.1:61285 to /127.0.0.1:61286" [_thread_in_native, id=11336, stack(0x000000e20d700000,0x000000e20d800000)]
  0x0000027cea022530 JavaThread "Cancel handler" [_thread_blocked, id=25484, stack(0x000000e20d800000,0x000000e20d900000)]
=>0x0000027cea0233a0 JavaThread "Daemon worker" [_thread_in_vm, id=13936, stack(0x000000e20d900000,0x000000e20da00000)]
  0x0000027cea023870 JavaThread "Asynchronous log dispatcher for DefaultDaemonConnection: socket connection from /127.0.0.1:61285 to /127.0.0.1:61286" [_thread_blocked, id=21160, stack(0x000000e20da00000,0x000000e20db00000)]
  0x0000027cea023d40 JavaThread "Stdin handler" [_thread_blocked, id=16888, stack(0x000000e20db00000,0x000000e20dc00000)]
  0x0000027ceb0c76e0 JavaThread "Daemon client event forwarder" [_thread_blocked, id=17896, stack(0x000000e20dc00000,0x000000e20dd00000)]
  0x0000027ceb0cb0a0 JavaThread "Cache worker for journal cache (C:\Users\ducdu\.gradle\caches\journal-1)" [_thread_blocked, id=26008, stack(0x000000e20e100000,0x000000e20e200000)]
  0x0000027ceb0c7210 JavaThread "File lock request listener" [_thread_in_native, id=21356, stack(0x000000e20e200000,0x000000e20e300000)]
  0x0000027ceb0c93c0 JavaThread "Cache worker for file hash cache (C:\Users\ducdu\.gradle\caches\8.0\fileHashes)" [_thread_blocked, id=8648, stack(0x000000e20e300000,0x000000e20e400000)]
  0x0000027ceb0cc8b0 JavaThread "File watcher server" daemon [_thread_in_native, id=5588, stack(0x000000e20e400000,0x000000e20e500000)]
  0x0000027ceb0c9d60 JavaThread "File watcher consumer" daemon [_thread_blocked, id=28588, stack(0x000000e20e500000,0x000000e20e600000)]
  0x0000027ceb0ca230 JavaThread "Cache worker for checksums cache (E:\Air-Care-App\Air-Care-App\.gradle\8.0\checksums)" [_thread_blocked, id=17860, stack(0x000000e20e600000,0x000000e20e700000)]
  0x0000027ceb0cc3e0 JavaThread "Cache worker for cache directory md-rule (C:\Users\ducdu\.gradle\caches\8.0\md-rule)" [_thread_blocked, id=24656, stack(0x000000e20e700000,0x000000e20e800000)]
  0x0000027ceb0cb570 JavaThread "Cache worker for file content cache (C:\Users\ducdu\.gradle\caches\8.0\fileContent)" [_thread_blocked, id=7332, stack(0x000000e20e800000,0x000000e20e900000)]
  0x0000027ceb0c5060 JavaThread "Cache worker for file hash cache (E:\Air-Care-App\Air-Care-App\.gradle\8.0\fileHashes)" [_thread_blocked, id=7852, stack(0x000000e20e900000,0x000000e20ea00000)]
  0x0000027ceb0c5ed0 JavaThread "Cache worker for cache directory md-supplier (C:\Users\ducdu\.gradle\caches\8.0\md-supplier)" [_thread_blocked, id=18056, stack(0x000000e20ea00000,0x000000e20eb00000)]
  0x0000027ceb0c5530 JavaThread "Cache worker for execution history cache (C:\Users\ducdu\.gradle\caches\8.0\executionHistory)" [_thread_blocked, id=18564, stack(0x000000e20eb00000,0x000000e20ec00000)]
  0x0000027ceb0c6870 JavaThread "jar transforms" [_thread_blocked, id=11564, stack(0x000000e20ec00000,0x000000e20ed00000)]
  0x0000027ceb0cba40 JavaThread "jar transforms Thread 2" [_thread_blocked, id=16736, stack(0x000000e20ed00000,0x000000e20ee00000)]

Other Threads:
  0x0000027ce95e1870 VMThread "VM Thread" [stack: 0x000000e20c200000,0x000000e20c300000] [id=13776]
  0x0000027cea1a6460 WatcherThread [stack: 0x000000e20ce00000,0x000000e20cf00000] [id=15548]
  0x0000027ccf7d47f0 GCTaskThread "GC Thread#0" [stack: 0x000000e20bd00000,0x000000e20be00000] [id=22348]
  0x0000027ceac0aa70 GCTaskThread "GC Thread#1" [stack: 0x000000e20cf00000,0x000000e20d000000] [id=25236]
  0x0000027ceac0ad20 GCTaskThread "GC Thread#2" [stack: 0x000000e20d000000,0x000000e20d100000] [id=15144]
  0x0000027cead52290 GCTaskThread "GC Thread#3" [stack: 0x000000e20d100000,0x000000e20d200000] [id=24792]
  0x0000027cebabfcd0 GCTaskThread "GC Thread#4" [stack: 0x000000e20d200000,0x000000e20d300000] [id=9624]
  0x0000027ceb0db670 GCTaskThread "GC Thread#5" [stack: 0x000000e20dd00000,0x000000e20de00000] [id=2100]
  0x0000027cea32aa70 GCTaskThread "GC Thread#6" [stack: 0x000000e20de00000,0x000000e20df00000] [id=27308]
  0x0000027cea3d7040 GCTaskThread "GC Thread#7" [stack: 0x000000e20df00000,0x000000e20e000000] [id=17652]
  0x0000027ccf7e5730 ConcurrentGCThread "G1 Main Marker" [stack: 0x000000e20be00000,0x000000e20bf00000] [id=10668]
  0x0000027ccf7e7150 ConcurrentGCThread "G1 Conc#0" [stack: 0x000000e20bf00000,0x000000e20c000000] [id=13716]
  0x0000027ceb0dafb0 ConcurrentGCThread "G1 Conc#1" [stack: 0x000000e20e000000,0x000000e20e100000] [id=2996]
  0x0000027ce94424c0 ConcurrentGCThread "G1 Refine#0" [stack: 0x000000e20c000000,0x000000e20c100000] [id=24428]
  0x0000027ced0e0b20 ConcurrentGCThread "G1 Refine#1" [stack: 0x000000e20ee00000,0x000000e20ef00000] [id=5608]
  0x0000027ce9442df0 ConcurrentGCThread "G1 Service" [stack: 0x000000e20c100000,0x000000e20c200000] [id=23812]

Threads with active compile tasks:

VM state: not at safepoint (normal execution)

VM Mutex/Monitor currently owned by a thread:  ([mutex/lock_event])
[0x0000027ccf773700] Metaspace_lock - owner thread: 0x0000027cea0233a0

Heap address: 0x0000000080000000, size: 2048 MB, Compressed Oops mode: 32-bit

CDS archive(s) not mapped
Compressed class space mapped at: 0x0000000100000000-0x0000000140000000, reserved size: 1073741824
Narrow klass base: 0x0000000000000000, Narrow klass shift: 3, Narrow klass range: 0x140000000

GC Precious Log:
 CPUs: 8 total, 8 available
 Memory: 8072M
 Large Page Support: Disabled
 NUMA Support: Disabled
 Compressed Oops: Enabled (32-bit)
 Heap Region Size: 1M
 Heap Min Capacity: 8M
 Heap Initial Capacity: 128M
 Heap Max Capacity: 2G
 Pre-touch: Disabled
 Parallel Workers: 8
 Concurrent Workers: 2
 Concurrent Refinement Workers: 8
 Periodic GC: Disabled

Heap:
 garbage-first heap   total 68608K, used 28308K [0x0000000080000000, 0x0000000100000000)
  region size 1024K, 8 young (8192K), 3 survivors (3072K)
 Metaspace       used 37674K, committed 38016K, reserved 1089536K
  class space    used 5046K, committed 5248K, reserved 1048576K

Heap Regions: E=young(eden), S=young(survivor), O=old, HS=humongous(starts), HC=humongous(continues), CS=collection set, F=free, OA=open archive, CA=closed archive, TAMS=top-at-mark-start (previous, next)
|   0|0x0000000080000000, 0x0000000080100000, 0x0000000080100000|100%|HS|  |TAMS 0x0000000080100000, 0x0000000080000000| Complete 
|   1|0x0000000080100000, 0x0000000080200000, 0x0000000080200000|100%|HC|  |TAMS 0x0000000080200000, 0x0000000080100000| Complete 
|   2|0x0000000080200000, 0x0000000080300000, 0x0000000080300000|100%|HC|  |TAMS 0x0000000080300000, 0x0000000080200000| Complete 
|   3|0x0000000080300000, 0x0000000080400000, 0x0000000080400000|100%|HC|  |TAMS 0x0000000080400000, 0x0000000080300000| Complete 
|   4|0x0000000080400000, 0x0000000080500000, 0x0000000080500000|100%| O|  |TAMS 0x0000000080500000, 0x0000000080400000| Untracked 
|   5|0x0000000080500000, 0x0000000080600000, 0x0000000080600000|100%| O|  |TAMS 0x0000000080600000, 0x0000000080500000| Untracked 
|   6|0x0000000080600000, 0x0000000080700000, 0x0000000080700000|100%| O|  |TAMS 0x0000000080700000, 0x0000000080600000| Untracked 
|   7|0x0000000080700000, 0x0000000080800000, 0x0000000080800000|100%| O|  |TAMS 0x0000000080800000, 0x0000000080700000| Untracked 
|   8|0x0000000080800000, 0x0000000080900000, 0x0000000080900000|100%| O|  |TAMS 0x0000000080900000, 0x0000000080800000| Untracked 
|   9|0x0000000080900000, 0x0000000080a00000, 0x0000000080a00000|100%| O|  |TAMS 0x0000000080a00000, 0x0000000080900000| Untracked 
|  10|0x0000000080a00000, 0x0000000080b00000, 0x0000000080b00000|100%| O|  |TAMS 0x0000000080b00000, 0x0000000080a00000| Untracked 
|  11|0x0000000080b00000, 0x0000000080b2c600, 0x0000000080c00000| 17%| O|  |TAMS 0x0000000080b2c600, 0x0000000080b00000| Untracked 
|  12|0x0000000080c00000, 0x0000000080d00000, 0x0000000080d00000|100%| O|  |TAMS 0x0000000080d00000, 0x0000000080c00000| Untracked 
|  13|0x0000000080d00000, 0x0000000080e00000, 0x0000000080e00000|100%| O|  |TAMS 0x0000000080e00000, 0x0000000080d00000| Untracked 
|  14|0x0000000080e00000, 0x0000000080f00000, 0x0000000080f00000|100%| O|  |TAMS 0x0000000080f00000, 0x0000000080e00000| Untracked 
|  15|0x0000000080f00000, 0x0000000081000000, 0x0000000081000000|100%| O|  |TAMS 0x0000000081000000, 0x0000000080f00000| Untracked 
|  16|0x0000000081000000, 0x0000000081100000, 0x0000000081100000|100%| O|  |TAMS 0x0000000081100000, 0x0000000081000000| Untracked 
|  17|0x0000000081100000, 0x0000000081200000, 0x0000000081200000|100%| O|  |TAMS 0x0000000081200000, 0x0000000081100000| Untracked 
|  18|0x0000000081200000, 0x0000000081300000, 0x0000000081300000|100%| O|  |TAMS 0x0000000081300000, 0x0000000081200000| Untracked 
|  19|0x0000000081300000, 0x0000000081400000, 0x0000000081400000|100%| O|  |TAMS 0x0000000081400000, 0x0000000081300000| Untracked 
|  20|0x0000000081400000, 0x0000000081500000, 0x0000000081500000|100%| O|  |TAMS 0x00000000814a5400, 0x0000000081400000| Untracked 
|  21|0x0000000081500000, 0x0000000081600000, 0x0000000081600000|100%| O|  |TAMS 0x0000000081500000, 0x0000000081500000| Untracked 
|  22|0x0000000081600000, 0x000000008161ba00, 0x0000000081700000| 10%| O|  |TAMS 0x0000000081600000, 0x0000000081600000| Untracked 
|  23|0x0000000081700000, 0x0000000081700000, 0x0000000081800000|  0%| F|  |TAMS 0x0000000081700000, 0x0000000081700000| Untracked 
|  24|0x0000000081800000, 0x0000000081800000, 0x0000000081900000|  0%| F|  |TAMS 0x0000000081800000, 0x0000000081800000| Untracked 
|  25|0x0000000081900000, 0x0000000081900000, 0x0000000081a00000|  0%| F|  |TAMS 0x0000000081900000, 0x0000000081900000| Untracked 
|  26|0x0000000081a00000, 0x0000000081a00000, 0x0000000081b00000|  0%| F|  |TAMS 0x0000000081a00000, 0x0000000081a00000| Untracked 
|  27|0x0000000081b00000, 0x0000000081b00000, 0x0000000081c00000|  0%| F|  |TAMS 0x0000000081b00000, 0x0000000081b00000| Untracked 
|  28|0x0000000081c00000, 0x0000000081c00000, 0x0000000081d00000|  0%| F|  |TAMS 0x0000000081c00000, 0x0000000081c00000| Untracked 
|  29|0x0000000081d00000, 0x0000000081d00000, 0x0000000081e00000|  0%| F|  |TAMS 0x0000000081d00000, 0x0000000081d00000| Untracked 
|  30|0x0000000081e00000, 0x0000000081e00000, 0x0000000081f00000|  0%| F|  |TAMS 0x0000000081e00000, 0x0000000081e00000| Untracked 
|  31|0x0000000081f00000, 0x0000000081f00000, 0x0000000082000000|  0%| F|  |TAMS 0x0000000081f00000, 0x0000000081f00000| Untracked 
|  32|0x0000000082000000, 0x0000000082000000, 0x0000000082100000|  0%| F|  |TAMS 0x0000000082000000, 0x0000000082000000| Untracked 
|  33|0x0000000082100000, 0x0000000082100000, 0x0000000082200000|  0%| F|  |TAMS 0x0000000082100000, 0x0000000082100000| Untracked 
|  34|0x0000000082200000, 0x0000000082200000, 0x0000000082300000|  0%| F|  |TAMS 0x0000000082200000, 0x0000000082200000| Untracked 
|  35|0x0000000082300000, 0x0000000082300000, 0x0000000082400000|  0%| F|  |TAMS 0x0000000082300000, 0x0000000082300000| Untracked 
|  36|0x0000000082400000, 0x0000000082400000, 0x0000000082500000|  0%| F|  |TAMS 0x0000000082400000, 0x0000000082400000| Untracked 
|  37|0x0000000082500000, 0x0000000082500000, 0x0000000082600000|  0%| F|  |TAMS 0x0000000082500000, 0x0000000082500000| Untracked 
|  38|0x0000000082600000, 0x0000000082600000, 0x0000000082700000|  0%| F|  |TAMS 0x0000000082600000, 0x0000000082600000| Untracked 
|  39|0x0000000082700000, 0x0000000082700000, 0x0000000082800000|  0%| F|  |TAMS 0x0000000082700000, 0x0000000082700000| Untracked 
|  40|0x0000000082800000, 0x0000000082800000, 0x0000000082900000|  0%| F|  |TAMS 0x0000000082800000, 0x0000000082800000| Untracked 
|  41|0x0000000082900000, 0x0000000082900000, 0x0000000082a00000|  0%| F|  |TAMS 0x0000000082900000, 0x0000000082900000| Untracked 
|  42|0x0000000082a00000, 0x0000000082a00000, 0x0000000082b00000|  0%| F|  |TAMS 0x0000000082a00000, 0x0000000082a00000| Untracked 
|  43|0x0000000082b00000, 0x0000000082b00000, 0x0000000082c00000|  0%| F|  |TAMS 0x0000000082b00000, 0x0000000082b00000| Untracked 
|  44|0x0000000082c00000, 0x0000000082c00000, 0x0000000082d00000|  0%| F|  |TAMS 0x0000000082c00000, 0x0000000082c00000| Untracked 
|  45|0x0000000082d00000, 0x0000000082d00000, 0x0000000082e00000|  0%| F|  |TAMS 0x0000000082d00000, 0x0000000082d00000| Untracked 
|  46|0x0000000082e00000, 0x0000000082e00000, 0x0000000082f00000|  0%| F|  |TAMS 0x0000000082e00000, 0x0000000082e00000| Untracked 
|  47|0x0000000082f00000, 0x0000000082f00000, 0x0000000083000000|  0%| F|  |TAMS 0x0000000082f00000, 0x0000000082f00000| Untracked 
|  48|0x0000000083000000, 0x0000000083000000, 0x0000000083100000|  0%| F|  |TAMS 0x0000000083000000, 0x0000000083000000| Untracked 
|  49|0x0000000083100000, 0x0000000083100000, 0x0000000083200000|  0%| F|  |TAMS 0x0000000083100000, 0x0000000083100000| Untracked 
|  50|0x0000000083200000, 0x0000000083200000, 0x0000000083300000|  0%| F|  |TAMS 0x0000000083200000, 0x0000000083200000| Untracked 
|  51|0x0000000083300000, 0x0000000083300000, 0x0000000083400000|  0%| F|  |TAMS 0x0000000083300000, 0x0000000083300000| Untracked 
|  52|0x0000000083400000, 0x0000000083400000, 0x0000000083500000|  0%| F|  |TAMS 0x0000000083400000, 0x0000000083400000| Untracked 
|  53|0x0000000083500000, 0x0000000083500000, 0x0000000083600000|  0%| F|  |TAMS 0x0000000083500000, 0x0000000083500000| Untracked 
|  54|0x0000000083600000, 0x0000000083600000, 0x0000000083700000|  0%| F|  |TAMS 0x0000000083600000, 0x0000000083600000| Untracked 
|  55|0x0000000083700000, 0x0000000083700000, 0x0000000083800000|  0%| F|  |TAMS 0x0000000083700000, 0x0000000083700000| Untracked 
|  56|0x0000000083800000, 0x0000000083800000, 0x0000000083900000|  0%| F|  |TAMS 0x0000000083800000, 0x0000000083800000| Untracked 
|  57|0x0000000083900000, 0x0000000083900000, 0x0000000083a00000|  0%| F|  |TAMS 0x0000000083900000, 0x0000000083900000| Untracked 
|  78|0x0000000084e00000, 0x0000000084e00000, 0x0000000084f00000|  0%| F|  |TAMS 0x0000000084e00000, 0x0000000084e00000| Untracked 
|  79|0x0000000084f00000, 0x0000000084f5d1b0, 0x0000000085000000| 36%| S|CS|TAMS 0x0000000084f00000, 0x0000000084f00000| Complete 
|  80|0x0000000085000000, 0x0000000085100000, 0x0000000085100000|100%| S|CS|TAMS 0x0000000085000000, 0x0000000085000000| Complete 
|  81|0x0000000085100000, 0x0000000085200000, 0x0000000085200000|100%| S|CS|TAMS 0x0000000085100000, 0x0000000085100000| Complete 
|  82|0x0000000085200000, 0x0000000085264b40, 0x0000000085300000| 39%| E|  |TAMS 0x0000000085200000, 0x0000000085200000| Complete 
|  83|0x0000000085300000, 0x0000000085400000, 0x0000000085400000|100%| E|CS|TAMS 0x0000000085300000, 0x0000000085300000| Complete 
|  84|0x0000000085400000, 0x0000000085500000, 0x0000000085500000|100%| E|CS|TAMS 0x0000000085400000, 0x0000000085400000| Complete 
|  85|0x0000000085500000, 0x0000000085600000, 0x0000000085600000|100%| E|CS|TAMS 0x0000000085500000, 0x0000000085500000| Complete 
| 127|0x0000000087f00000, 0x0000000088000000, 0x0000000088000000|100%| E|CS|TAMS 0x0000000087f00000, 0x0000000087f00000| Complete 

Card table byte_map: [0x0000027ce2370000,0x0000027ce2770000] _byte_map_base: 0x0000027ce1f70000

Marking Bits (Prev, Next): (CMBitMap*) 0x0000027ccf7d4e00, (CMBitMap*) 0x0000027ccf7d4e40
 Prev Bits: [0x0000027ce2b70000, 0x0000027ce4b70000)
 Next Bits: [0x0000027ce4b70000, 0x0000027ce6b70000)

Polling page: 0x0000027ccef40000

Metaspace:

Usage:
  Non-class:     31.86 MB used.
      Class:      4.93 MB used.
       Both:     36.79 MB used.

Virtual space:
  Non-class space:       40.00 MB reserved,      32.00 MB ( 80%) committed,  5 nodes.
      Class space:        1.00 GB reserved,       5.12 MB ( <1%) committed,  1 nodes.
             Both:        1.04 GB reserved,      37.12 MB (  3%) committed. 

Chunk freelists:
   Non-Class:  3.00 MB
       Class:  2.92 MB
        Both:  5.92 MB

MaxMetaspaceSize: unlimited
CompressedClassSpaceSize: 1.00 GB
Initial GC threshold: 21.00 MB
Current GC threshold: 58.69 MB
CDS: off
MetaspaceReclaimPolicy: balanced
 - commit_granule_bytes: 65536.
 - commit_granule_words: 8192.
 - virtual_space_node_default_size: 1048576.
 - enlarge_chunks_in_place: 1.
 - new_chunks_are_fully_committed: 0.
 - uncommit_free_chunks: 1.
 - use_allocation_guard: 0.
 - handle_deallocations: 1.


Internal statistics:

num_allocs_failed_limit: 6.
num_arena_births: 300.
num_arena_deaths: 0.
num_vsnodes_births: 6.
num_vsnodes_deaths: 0.
num_space_committed: 594.
num_space_uncommitted: 0.
num_chunks_returned_to_freelist: 6.
num_chunks_taken_from_freelist: 1346.
num_chunk_merges: 6.
num_chunk_splits: 881.
num_chunks_enlarged: 633.
num_purges: 0.
num_inconsistent_stats: 0.

CodeHeap 'non-profiled nmethods': size=120000Kb used=1565Kb max_used=1565Kb free=118434Kb
 bounds [0x0000027cda710000, 0x0000027cda980000, 0x0000027ce1c40000]
CodeHeap 'profiled nmethods': size=120000Kb used=6439Kb max_used=6439Kb free=113561Kb
 bounds [0x0000027cd2c40000, 0x0000027cd3290000, 0x0000027cda170000]
CodeHeap 'non-nmethods': size=5760Kb used=1237Kb max_used=1302Kb free=4522Kb
 bounds [0x0000027cda170000, 0x0000027cda3e0000, 0x0000027cda710000]
 total_blobs=3629 nmethods=3081 adapters=460
 compilation: enabled
              stopped_count=0, restarted_count=0
 full_count=0

Compilation events (20 events):
Event: 11.261 Thread 0x0000027cea036d30 3110       4       java.util.LinkedHashMap::afterNodeInsertion (40 bytes)
Event: 11.262 Thread 0x0000027cea038640 3111       3       java.lang.PublicMethods::toArray (76 bytes)
Event: 11.262 Thread 0x0000027cea038640 nmethod 3111 0x0000027cd3285790 code [0x0000027cd32859a0, 0x0000027cd3286238]
Event: 11.262 Thread 0x0000027cea036d30 nmethod 3110 0x0000027cda896090 code [0x0000027cda896200, 0x0000027cda896298]
Event: 11.263 Thread 0x0000027cea038640 3112       1       java.util.stream.ReduceOps$Box::get (5 bytes)
Event: 11.263 Thread 0x0000027cea038640 nmethod 3112 0x0000027cda896390 code [0x0000027cda896520, 0x0000027cda8965f8]
Event: 11.264 Thread 0x0000027cea038640 3113       3       java.util.StringJoiner::<init> (63 bytes)
Event: 11.265 Thread 0x0000027cea038640 nmethod 3113 0x0000027cd3286490 code [0x0000027cd32866e0, 0x0000027cd3287008]
Event: 11.265 Thread 0x0000027cea038640 3114       3       java.util.StringJoiner::toString (53 bytes)
Event: 11.265 Thread 0x0000027cea038640 nmethod 3114 0x0000027cd3287310 code [0x0000027cd32874c0, 0x0000027cd32876e8]
Event: 11.265 Thread 0x0000027cea038640 3115       3       java.lang.System$2::join (11 bytes)
Event: 11.268 Thread 0x0000027cea038640 nmethod 3115 0x0000027cd3287790 code [0x0000027cd3287b00, 0x0000027cd3289118]
Event: 11.268 Thread 0x0000027cea038640 3116       1       java.net.JarURLConnection::getJarFileURL (5 bytes)
Event: 11.268 Thread 0x0000027cea038640 nmethod 3116 0x0000027cda896690 code [0x0000027cda896820, 0x0000027cda8968f8]
Event: 11.428 Thread 0x0000027cea038640 3117       1       java.util.stream.Collectors$CollectorImpl::supplier (5 bytes)
Event: 11.428 Thread 0x0000027cea038640 nmethod 3117 0x0000027cda896990 code [0x0000027cda896b20, 0x0000027cda896bf8]
Event: 11.428 Thread 0x0000027cea038640 3118       1       java.util.stream.Collectors$CollectorImpl::accumulator (5 bytes)
Event: 11.428 Thread 0x0000027cea038640 nmethod 3118 0x0000027cda896c90 code [0x0000027cda896e20, 0x0000027cda896ef8]
Event: 11.429 Thread 0x0000027cea038640 3119       1       java.util.stream.Collectors$CollectorImpl::combiner (5 bytes)
Event: 11.429 Thread 0x0000027cea038640 nmethod 3119 0x0000027cda896f90 code [0x0000027cda897120, 0x0000027cda8971f8]

GC Heap History (14 events):
Event: 1.475 GC heap before
{Heap before GC invocations=0 (full 0):
 garbage-first heap   total 131072K, used 26624K [0x0000000080000000, 0x0000000100000000)
  region size 1024K, 23 young (23552K), 0 survivors (0K)
 Metaspace       used 10256K, committed 10432K, reserved 1064960K
  class space    used 1058K, committed 1152K, reserved 1048576K
}
Event: 1.481 GC heap after
{Heap after GC invocations=1 (full 0):
 garbage-first heap   total 131072K, used 10230K [0x0000000080000000, 0x0000000100000000)
  region size 1024K, 3 young (3072K), 3 survivors (3072K)
 Metaspace       used 10256K, committed 10432K, reserved 1064960K
  class space    used 1058K, committed 1152K, reserved 1048576K
}
Event: 3.762 GC heap before
{Heap before GC invocations=1 (full 0):
 garbage-first heap   total 131072K, used 39926K [0x0000000080000000, 0x0000000100000000)
  region size 1024K, 31 young (31744K), 3 survivors (3072K)
 Metaspace       used 11203K, committed 11456K, reserved 1064960K
  class space    used 1161K, committed 1280K, reserved 1048576K
}
Event: 3.769 GC heap after
{Heap after GC invocations=2 (full 0):
 garbage-first heap   total 131072K, used 14513K [0x0000000080000000, 0x0000000100000000)
  region size 1024K, 4 young (4096K), 4 survivors (4096K)
 Metaspace       used 11203K, committed 11456K, reserved 1064960K
  class space    used 1161K, committed 1280K, reserved 1048576K
}
Event: 6.918 GC heap before
{Heap before GC invocations=2 (full 0):
 garbage-first heap   total 131072K, used 52401K [0x0000000080000000, 0x0000000100000000)
  region size 1024K, 42 young (43008K), 4 survivors (4096K)
 Metaspace       used 21176K, committed 21504K, reserved 1073152K
  class space    used 2565K, committed 2752K, reserved 1048576K
}
Event: 6.928 GC heap after
{Heap after GC invocations=3 (full 0):
 garbage-first heap   total 131072K, used 18364K [0x0000000080000000, 0x0000000100000000)
  region size 1024K, 8 young (8192K), 8 survivors (8192K)
 Metaspace       used 21176K, committed 21504K, reserved 1073152K
  class space    used 2565K, committed 2752K, reserved 1048576K
}
Event: 8.145 GC heap before
{Heap before GC invocations=4 (full 0):
 garbage-first heap   total 68608K, used 51132K [0x0000000080000000, 0x0000000100000000)
  region size 1024K, 40 young (40960K), 8 survivors (8192K)
 Metaspace       used 26236K, committed 26560K, reserved 1073152K
  class space    used 3444K, committed 3584K, reserved 1048576K
}
Event: 8.152 GC heap after
{Heap after GC invocations=5 (full 0):
 garbage-first heap   total 68608K, used 20643K [0x0000000080000000, 0x0000000100000000)
  region size 1024K, 3 young (3072K), 3 survivors (3072K)
 Metaspace       used 26236K, committed 26560K, reserved 1073152K
  class space    used 3444K, committed 3584K, reserved 1048576K
}
Event: 8.704 GC heap before
{Heap before GC invocations=5 (full 0):
 garbage-first heap   total 68608K, used 46243K [0x0000000080000000, 0x0000000100000000)
  region size 1024K, 28 young (28672K), 3 survivors (3072K)
 Metaspace       used 30178K, committed 30464K, reserved 1081344K
  class space    used 4092K, committed 4224K, reserved 1048576K
}
Event: 8.709 GC heap after
{Heap after GC invocations=6 (full 0):
 garbage-first heap   total 68608K, used 22017K [0x0000000080000000, 0x0000000100000000)
  region size 1024K, 4 young (4096K), 4 survivors (4096K)
 Metaspace       used 30178K, committed 30464K, reserved 1081344K
  class space    used 4092K, committed 4224K, reserved 1048576K
}
Event: 9.656 GC heap before
{Heap before GC invocations=6 (full 0):
 garbage-first heap   total 68608K, used 47617K [0x0000000080000000, 0x0000000100000000)
  region size 1024K, 30 young (30720K), 4 survivors (4096K)
 Metaspace       used 34601K, committed 35008K, reserved 1081344K
  class space    used 4782K, committed 4992K, reserved 1048576K
}
Event: 9.661 GC heap after
{Heap after GC invocations=7 (full 0):
 garbage-first heap   total 68608K, used 23525K [0x0000000080000000, 0x0000000100000000)
  region size 1024K, 4 young (4096K), 4 survivors (4096K)
 Metaspace       used 34601K, committed 35008K, reserved 1081344K
  class space    used 4782K, committed 4992K, reserved 1048576K
}
Event: 10.684 GC heap before
{Heap before GC invocations=7 (full 0):
 garbage-first heap   total 68608K, used 27621K [0x0000000080000000, 0x0000000100000000)
  region size 1024K, 9 young (9216K), 4 survivors (4096K)
 Metaspace       used 35658K, committed 35968K, reserved 1081344K
  class space    used 4874K, committed 5056K, reserved 1048576K
}
Event: 10.692 GC heap after
{Heap after GC invocations=8 (full 0):
 garbage-first heap   total 68608K, used 24212K [0x0000000080000000, 0x0000000100000000)
  region size 1024K, 3 young (3072K), 3 survivors (3072K)
 Metaspace       used 35658K, committed 35968K, reserved 1081344K
  class space    used 4874K, committed 5056K, reserved 1048576K
}

Dll operation events (2 events):
Event: 0.072 Loaded shared library C:\Program Files\Android\Android Studio\jbr\bin\java.dll
Event: 0.978 Loaded shared library C:\Program Files\Android\Android Studio\jbr\bin\verify.dll

Deoptimization events (20 events):
Event: 8.717 Thread 0x0000027cea0233a0 DEOPT PACKING pc=0x0000027cda773ebc sp=0x000000e20d9f7cd0
Event: 8.717 Thread 0x0000027cea0233a0 DEOPT UNPACKING pc=0x0000027cda1c69a3 sp=0x000000e20d9f7b78 mode 2
Event: 8.795 Thread 0x0000027cea0233a0 DEOPT PACKING pc=0x0000027cd2f78788 sp=0x000000e20d9f4cf0
Event: 8.795 Thread 0x0000027cea0233a0 DEOPT UNPACKING pc=0x0000027cda1c7143 sp=0x000000e20d9f41f8 mode 0
Event: 9.255 Thread 0x0000027cea0233a0 Uncommon trap: trap_request=0xffffff45 fr.pc=0x0000027cda85c724 relative=0x0000000000006024
Event: 9.255 Thread 0x0000027cea0233a0 Uncommon trap: reason=unstable_if action=reinterpret pc=0x0000027cda85c724 method=java.net.URLClassLoader.defineClass(Ljava/lang/String;Ljdk/internal/loader/Resource;)Ljava/lang/Class; @ 21 c2
Event: 9.255 Thread 0x0000027cea0233a0 DEOPT PACKING pc=0x0000027cda85c724 sp=0x000000e20d9fa770
Event: 9.255 Thread 0x0000027cea0233a0 DEOPT UNPACKING pc=0x0000027cda1c69a3 sp=0x000000e20d9fa570 mode 2
Event: 9.256 Thread 0x0000027cea0233a0 Uncommon trap: trap_request=0xffffff45 fr.pc=0x0000027cda819784 relative=0x0000000000005004
Event: 9.256 Thread 0x0000027cea0233a0 Uncommon trap: reason=unstable_if action=reinterpret pc=0x0000027cda819784 method=java.lang.ClassLoader.getClassLoadingLock(Ljava/lang/String;)Ljava/lang/Object; @ 6 c2
Event: 9.256 Thread 0x0000027cea0233a0 DEOPT PACKING pc=0x0000027cda819784 sp=0x000000e20d9f8b90
Event: 9.256 Thread 0x0000027cea0233a0 DEOPT UNPACKING pc=0x0000027cda1c69a3 sp=0x000000e20d9f8b80 mode 2
Event: 9.261 Thread 0x0000027cea0233a0 Uncommon trap: trap_request=0xffffff45 fr.pc=0x0000027cda7f370c relative=0x00000000000000ec
Event: 9.261 Thread 0x0000027cea0233a0 Uncommon trap: reason=unstable_if action=reinterpret pc=0x0000027cda7f370c method=java.lang.ClassLoader.getClassLoadingLock(Ljava/lang/String;)Ljava/lang/Object; @ 6 c2
Event: 9.261 Thread 0x0000027cea0233a0 DEOPT PACKING pc=0x0000027cda7f370c sp=0x000000e20d9f8e20
Event: 9.261 Thread 0x0000027cea0233a0 DEOPT UNPACKING pc=0x0000027cda1c69a3 sp=0x000000e20d9f8dc0 mode 2
Event: 9.261 Thread 0x0000027cea0233a0 Uncommon trap: trap_request=0xffffff45 fr.pc=0x0000027cda84c114 relative=0x0000000000000754
Event: 9.261 Thread 0x0000027cea0233a0 Uncommon trap: reason=unstable_if action=reinterpret pc=0x0000027cda84c114 method=java.lang.Class.getPackageName()Ljava/lang/String; @ 55 c2
Event: 9.261 Thread 0x0000027cea0233a0 DEOPT PACKING pc=0x0000027cda84c114 sp=0x000000e20d9fa340
Event: 9.261 Thread 0x0000027cea0233a0 DEOPT UNPACKING pc=0x0000027cda1c69a3 sp=0x000000e20d9fa300 mode 2

Classes unloaded (0 events):
No events

Classes redefined (0 events):
No events

Internal exceptions (20 events):
Event: 8.778 Thread 0x0000027cea0233a0 Exception <a 'java/lang/NoSuchMethodError'{0x0000000085493538}: 'java.lang.Object java.lang.invoke.Invokers$Holder.linkToTargetMethod(java.lang.Object, java.lang.Object, java.lang.Object, java.lang.Object, java.lang.Object, java.lang.Object, java.lang.Object, java.lang.Object, java.lang.Object, java.lang.Object, java.lang.Object)'> (0x0000000085493538) 
thrown [s\src\hotspot\share\interpreter\linkResolver.cpp, line 771]
Event: 8.784 Thread 0x0000027cea0233a0 Exception <a 'java/lang/NoSuchMethodError'{0x00000000854d9fc8}: 'java.lang.Object java.lang.invoke.DirectMethodHandle$Holder.invokeSpecial(java.lang.Object, java.lang.Object, java.lang.Object, java.lang.Object, java.lang.Object, java.lang.Object, java.lang.Object, java.lang.Object, java.lang.Object, java.lang.Object, java.lang.Object, java.lang.Object, java.lang.Object, java.lang.Object)'> (0x00000000854d9fc8) 
thrown [s\src\hotspot\share\interpreter\linkResolver.cpp, line 771]
Event: 8.785 Thread 0x0000027cea0233a0 Exception <a 'java/lang/NoSuchMethodError'{0x00000000854ec348}: 'java.lang.Object java.lang.invoke.DirectMethodHandle$Holder.newInvokeSpecial(java.lang.Object, java.lang.Object, java.lang.Object, java.lang.Object, java.lang.Object, java.lang.Object, java.lang.Object, java.lang.Object, java.lang.Object, java.lang.Object, java.lang.Object, java.lang.Object)'> (0x00000000854ec348) 
thrown [s\src\hotspot\share\interpreter\linkResolver.cpp, line 771]
Event: 8.785 Thread 0x0000027cea0233a0 Exception <a 'java/lang/NoSuchMethodError'{0x00000000854f1ce0}: 'java.lang.Object java.lang.invoke.Invokers$Holder.linkToTargetMethod(java.lang.Object, java.lang.Object, java.lang.Object, java.lang.Object, java.lang.Object, java.lang.Object, java.lang.Object, java.lang.Object, java.lang.Object, java.lang.Object, java.lang.Object, java.lang.Object)'> (0x00000000854f1ce0) 
thrown [s\src\hotspot\share\interpreter\linkResolver.cpp, line 771]
Event: 8.797 Thread 0x0000027cea0233a0 Exception <a 'java/lang/NoSuchMethodError'{0x0000000085396c08}: 'java.lang.Object java.lang.invoke.DirectMethodHandle$Holder.invokeStaticInit(java.lang.Object, java.lang.Object, java.lang.Object, java.lang.Object)'> (0x0000000085396c08) 
thrown [s\src\hotspot\share\interpreter\linkResolver.cpp, line 771]
Event: 8.974 Thread 0x0000027cea0233a0 Exception <a 'java/lang/NoSuchMethodError'{0x00000000836d2700}: 'java.lang.Object java.lang.invoke.DirectMethodHandle$Holder.newInvokeSpecial(java.lang.Object, java.lang.Object, java.lang.Object, java.lang.Object, java.lang.Object, java.lang.Object, java.lang.Object, java.lang.Object)'> (0x00000000836d2700) 
thrown [s\src\hotspot\share\interpreter\linkResolver.cpp, line 771]
Event: 8.975 Thread 0x0000027cea0233a0 Exception <a 'java/lang/NoSuchMethodError'{0x00000000836d84e0}: 'java.lang.Object java.lang.invoke.Invokers$Holder.linkToTargetMethod(java.lang.Object, java.lang.Object, java.lang.Object, java.lang.Object, java.lang.Object, java.lang.Object, java.lang.Object, java.lang.Object)'> (0x00000000836d84e0) 
thrown [s\src\hotspot\share\interpreter\linkResolver.cpp, line 771]
Event: 8.985 Thread 0x0000027cea0233a0 Exception <a 'java/lang/IncompatibleClassChangeError'{0x000000008353ce88}: Found class java.lang.Object, but interface was expected> (0x000000008353ce88) 
thrown [s\src\hotspot\share\interpreter\linkResolver.cpp, line 838]
Event: 9.125 Thread 0x0000027cea0233a0 Exception <a 'java/lang/NoSuchMethodError'{0x0000000082f83ed0}: 'int java.lang.invoke.DirectMethodHandle$Holder.invokeStaticInit(java.lang.Object, java.lang.Object, java.lang.Object)'> (0x0000000082f83ed0) 
thrown [s\src\hotspot\share\interpreter\linkResolver.cpp, line 771]
Event: 9.128 Thread 0x0000027cea0233a0 Exception <a 'java/lang/NoSuchMethodError'{0x0000000082f99110}: 'java.lang.Object java.lang.invoke.DirectMethodHandle$Holder.newInvokeSpecial(java.lang.Object, java.lang.Object, long)'> (0x0000000082f99110) 
thrown [s\src\hotspot\share\interpreter\linkResolver.cpp, line 771]
Event: 9.128 Thread 0x0000027cea0233a0 Exception <a 'java/lang/NoSuchMethodError'{0x0000000082f9d720}: 'java.lang.Object java.lang.invoke.Invokers$Holder.linkToTargetMethod(java.lang.Object, long, java.lang.Object)'> (0x0000000082f9d720) 
thrown [s\src\hotspot\share\interpreter\linkResolver.cpp, line 771]
Event: 9.149 Thread 0x0000027cea0233a0 Exception <a 'java/lang/NoSuchMethodError'{0x0000000082e9e318}: 'int java.lang.invoke.DirectMethodHandle$Holder.invokeInterface(java.lang.Object, java.lang.Object)'> (0x0000000082e9e318) 
thrown [s\src\hotspot\share\interpreter\linkResolver.cpp, line 771]
Event: 9.152 Thread 0x0000027cea0233a0 Exception <a 'java/lang/NoSuchMethodError'{0x0000000082ec2738}: 'java.lang.Object java.lang.invoke.DirectMethodHandle$Holder.invokeStatic(java.lang.Object, java.lang.Object, int, java.lang.Object)'> (0x0000000082ec2738) 
thrown [s\src\hotspot\share\interpreter\linkResolver.cpp, line 771]
Event: 9.153 Thread 0x0000027cea0233a0 Exception <a 'java/lang/NoSuchMethodError'{0x0000000082eca2f0}: 'java.lang.Object java.lang.invoke.DirectMethodHandle$Holder.newInvokeSpecial(java.lang.Object, java.lang.Object, int, java.lang.Object)'> (0x0000000082eca2f0) 
thrown [s\src\hotspot\share\interpreter\linkResolver.cpp, line 771]
Event: 9.153 Thread 0x0000027cea0233a0 Exception <a 'java/lang/NoSuchMethodError'{0x0000000082ecebd8}: 'java.lang.Object java.lang.invoke.DirectMethodHandle$Holder.invokeSpecial(java.lang.Object, java.lang.Object, java.lang.Object, int, java.lang.Object)'> (0x0000000082ecebd8) 
thrown [s\src\hotspot\share\interpreter\linkResolver.cpp, line 771]
Event: 9.315 Thread 0x0000027cea0233a0 Exception <a 'java/lang/NoSuchMethodError'{0x0000000082a175c8}: 'java.lang.Object java.lang.invoke.DirectMethodHandle$Holder.invokeSpecial(java.lang.Object, java.lang.Object, java.lang.Object, int, java.lang.Object, java.lang.Object)'> (0x0000000082a175c8) 
thrown [s\src\hotspot\share\interpreter\linkResolver.cpp, line 771]
Event: 10.260 Thread 0x0000027cea0233a0 Exception <a 'java/lang/NoSuchMethodError'{0x000000008546c818}: 'void java.lang.invoke.DirectMethodHandle$Holder.invokeStaticInit(java.lang.Object, java.lang.Object, java.lang.Object)'> (0x000000008546c818) 
thrown [s\src\hotspot\share\interpreter\linkResolver.cpp, line 771]
Event: 10.261 Thread 0x0000027cea0233a0 Exception <a 'java/lang/NoSuchMethodError'{0x0000000085473f60}: 'void java.lang.invoke.DirectMethodHandle$Holder.invokeStaticInit(java.lang.Object, java.lang.Object, java.lang.Object, java.lang.Object)'> (0x0000000085473f60) 
thrown [s\src\hotspot\share\interpreter\linkResolver.cpp, line 771]
Event: 10.265 Thread 0x0000027cea0233a0 Exception <a 'java/lang/NoSuchMethodError'{0x0000000085496128}: 'void java.lang.invoke.DirectMethodHandle$Holder.invokeStaticInit(java.lang.Object, java.lang.Object, java.lang.Object, java.lang.Object, java.lang.Object)'> (0x0000000085496128) 
thrown [s\src\hotspot\share\interpreter\linkResolver.cpp, line 771]
Event: 10.288 Thread 0x0000027cea0233a0 Exception <a 'java/lang/NoSuchMethodError'{0x00000000854f07c0}: 'int java.lang.invoke.DirectMethodHandle$Holder.invokeStaticInit(java.lang.Object, java.lang.Object, java.lang.Object, java.lang.Object)'> (0x00000000854f07c0) 
thrown [s\src\hotspot\share\interpreter\linkResolver.cpp, line 771]

VM Operations (20 events):
Event: 8.964 Executing VM operation: HandshakeAllThreads
Event: 8.964 Executing VM operation: HandshakeAllThreads done
Event: 9.172 Executing VM operation: HandshakeAllThreads
Event: 9.172 Executing VM operation: HandshakeAllThreads done
Event: 9.656 Executing VM operation: G1CollectForAllocation
Event: 9.661 Executing VM operation: G1CollectForAllocation done
Event: 9.753 Executing VM operation: HandshakeAllThreads
Event: 9.753 Executing VM operation: HandshakeAllThreads done
Event: 10.684 Executing VM operation: CollectForMetadataAllocation
Event: 10.692 Executing VM operation: CollectForMetadataAllocation done
Event: 10.717 Executing VM operation: G1Concurrent
Event: 10.728 Executing VM operation: G1Concurrent done
Event: 10.739 Executing VM operation: G1Concurrent
Event: 10.739 Executing VM operation: G1Concurrent done
Event: 11.168 Executing VM operation: HandshakeAllThreads
Event: 11.168 Executing VM operation: HandshakeAllThreads done
Event: 11.195 Executing VM operation: HandshakeAllThreads
Event: 11.195 Executing VM operation: HandshakeAllThreads done
Event: 11.452 Executing VM operation: HandshakeAllThreads
Event: 11.452 Executing VM operation: HandshakeAllThreads done

Events (20 events):
Event: 11.457 loading class java/awt/Point
Event: 11.458 loading class java/awt/geom/Point2D
Event: 11.461 loading class java/awt/geom/Point2D done
Event: 11.461 loading class java/awt/Point done
Event: 11.461 loading class java/awt/Dimension
Event: 11.464 loading class java/awt/geom/Dimension2D
Event: 11.467 loading class java/awt/geom/Dimension2D done
Event: 11.467 loading class java/awt/Dimension done
Event: 11.470 loading class javax/swing/event/AncestorListener
Event: 11.471 loading class javax/swing/event/AncestorListener done
Event: 11.471 loading class javax/swing/plaf/ComponentUI
Event: 11.473 loading class javax/swing/plaf/ComponentUI done
Event: 11.473 loading class java/awt/event/KeyEvent
Event: 11.476 loading class java/awt/event/InputEvent
Event: 11.476 loading class java/awt/event/ComponentEvent
Event: 11.476 loading class java/awt/event/ComponentEvent done
Event: 11.476 loading class java/awt/event/InputEvent done
Event: 11.477 loading class java/awt/event/KeyEvent done
Event: 11.477 loading class javax/swing/KeyStroke
Event: 11.478 loading class java/awt/AWTKeyStroke


Dynamic libraries:
0x00007ff79c260000 - 0x00007ff79c26a000 	C:\Program Files\Android\Android Studio\jbr\bin\java.exe
0x00007ffb844f0000 - 0x00007ffb84707000 	C:\Windows\SYSTEM32\ntdll.dll
0x00007ffb83640000 - 0x00007ffb83704000 	C:\Windows\System32\KERNEL32.DLL
0x00007ffb81860000 - 0x00007ffb81c06000 	C:\Windows\System32\KERNELBASE.dll
0x00007ffb81f70000 - 0x00007ffb82081000 	C:\Windows\System32\ucrtbase.dll
0x00007ffb063a0000 - 0x00007ffb063b7000 	C:\Program Files\Android\Android Studio\jbr\bin\jli.dll
0x00007ffb83710000 - 0x00007ffb838be000 	C:\Windows\System32\USER32.dll
0x00007ffb81e20000 - 0x00007ffb81e46000 	C:\Windows\System32\win32u.dll
0x00007ffb82a80000 - 0x00007ffb82aa9000 	C:\Windows\System32\GDI32.dll
0x00007ffb81e50000 - 0x00007ffb81f68000 	C:\Windows\System32\gdi32full.dll
0x00007ffb81c10000 - 0x00007ffb81caa000 	C:\Windows\System32\msvcp_win.dll
0x00007ffb6ed20000 - 0x00007ffb6efb3000 	C:\Windows\WinSxS\amd64_microsoft.windows.common-controls_6595b64144ccf1df_6.0.22621.2506_none_270c5ae97388e100\COMCTL32.dll
0x00007ffae7ca0000 - 0x00007ffae7cbb000 	C:\Program Files\Android\Android Studio\jbr\bin\VCRUNTIME140.dll
0x00007ffb840f0000 - 0x00007ffb84197000 	C:\Windows\System32\msvcrt.dll
0x00007ffb823a0000 - 0x00007ffb823d1000 	C:\Windows\System32\IMM32.DLL
0x00007ffb47b00000 - 0x00007ffb47b0c000 	C:\Program Files\Android\Android Studio\jbr\bin\vcruntime140_1.dll
0x00007ffae7c10000 - 0x00007ffae7c9d000 	C:\Program Files\Android\Android Studio\jbr\bin\msvcp140.dll
0x00007ffaf41b0000 - 0x00007ffaf4e1e000 	C:\Program Files\Android\Android Studio\jbr\bin\server\jvm.dll
0x00007ffb82630000 - 0x00007ffb826e1000 	C:\Windows\System32\ADVAPI32.dll
0x00007ffb839c0000 - 0x00007ffb83a65000 	C:\Windows\System32\sechost.dll
0x00007ffb823e0000 - 0x00007ffb824f7000 	C:\Windows\System32\RPCRT4.dll
0x00007ffb7c120000 - 0x00007ffb7c129000 	C:\Windows\SYSTEM32\WSOCK32.dll
0x00007ffb82500000 - 0x00007ffb82571000 	C:\Windows\System32\WS2_32.dll
0x00007ffb7bd90000 - 0x00007ffb7bd9a000 	C:\Windows\SYSTEM32\VERSION.dll
0x00007ffb7b600000 - 0x00007ffb7b634000 	C:\Windows\SYSTEM32\WINMM.dll
0x00007ffb80950000 - 0x00007ffb80968000 	C:\Windows\SYSTEM32\kernel.appcore.dll
0x00007ffb568e0000 - 0x00007ffb568ea000 	C:\Program Files\Android\Android Studio\jbr\bin\jimage.dll
0x00007ffb7f1b0000 - 0x00007ffb7f3e3000 	C:\Windows\SYSTEM32\DBGHELP.DLL
0x00007ffb826f0000 - 0x00007ffb82a79000 	C:\Windows\System32\combase.dll
0x00007ffb83560000 - 0x00007ffb83637000 	C:\Windows\System32\OLEAUT32.dll
0x00007ffb79d90000 - 0x00007ffb79dc2000 	C:\Windows\SYSTEM32\dbgcore.DLL
0x00007ffb82100000 - 0x00007ffb8217a000 	C:\Windows\System32\bcryptPrimitives.dll
0x00007ffb105c0000 - 0x00007ffb105e5000 	C:\Program Files\Android\Android Studio\jbr\bin\java.dll
0x00007ffb105a0000 - 0x00007ffb105b8000 	C:\Program Files\Android\Android Studio\jbr\bin\zip.dll
0x00007ffb82c50000 - 0x00007ffb834aa000 	C:\Windows\System32\SHELL32.dll
0x00007ffb7f790000 - 0x00007ffb80086000 	C:\Windows\SYSTEM32\windows.storage.dll
0x00007ffb7f650000 - 0x00007ffb7f78e000 	C:\Windows\SYSTEM32\wintypes.dll
0x00007ffb838c0000 - 0x00007ffb839b3000 	C:\Windows\System32\SHCORE.dll
0x00007ffb83500000 - 0x00007ffb8355e000 	C:\Windows\System32\shlwapi.dll
0x00007ffb81790000 - 0x00007ffb817b6000 	C:\Windows\SYSTEM32\profapi.dll
0x00007ffb10580000 - 0x00007ffb10599000 	C:\Program Files\Android\Android Studio\jbr\bin\net.dll
0x00007ffb7b860000 - 0x00007ffb7b997000 	C:\Windows\SYSTEM32\WINHTTP.dll
0x00007ffb80dd0000 - 0x00007ffb80e39000 	C:\Windows\system32\mswsock.dll
0x00007ffb0b640000 - 0x00007ffb0b656000 	C:\Program Files\Android\Android Studio\jbr\bin\nio.dll
0x00007ffb56310000 - 0x00007ffb56320000 	C:\Program Files\Android\Android Studio\jbr\bin\verify.dll
0x00007ffaf79a0000 - 0x00007ffaf79c7000 	C:\Users\ducdu\.gradle\native\68d5fa5c4cc2d200863cafc0d521ce42e7d3e7ee720ec0a83991735586a16f82\windows-amd64\native-platform.dll
0x00007ffae7940000 - 0x00007ffae7a84000 	C:\Users\ducdu\.gradle\native\e376f236ea51e6404a007f0833ffe2c6e607c4080706a723a18a27aeea778392\windows-amd64\native-platform-file-events.dll
0x00007ffb562c0000 - 0x00007ffb562c9000 	C:\Program Files\Android\Android Studio\jbr\bin\management.dll
0x00007ffb55750000 - 0x00007ffb5575b000 	C:\Program Files\Android\Android Studio\jbr\bin\management_ext.dll
0x00007ffb840c0000 - 0x00007ffb840c8000 	C:\Windows\System32\PSAPI.DLL
0x00007ffb81030000 - 0x00007ffb8104b000 	C:\Windows\SYSTEM32\CRYPTSP.dll
0x00007ffb808b0000 - 0x00007ffb808e5000 	C:\Windows\system32\rsaenh.dll
0x00007ffb80ec0000 - 0x00007ffb80eec000 	C:\Windows\SYSTEM32\USERENV.dll
0x00007ffb81210000 - 0x00007ffb81238000 	C:\Windows\SYSTEM32\bcrypt.dll
0x00007ffb81020000 - 0x00007ffb8102c000 	C:\Windows\SYSTEM32\CRYPTBASE.dll
0x00007ffb80360000 - 0x00007ffb8038d000 	C:\Windows\SYSTEM32\IPHLPAPI.DLL
0x00007ffb82c40000 - 0x00007ffb82c49000 	C:\Windows\System32\NSI.dll
0x00007ffb7b5e0000 - 0x00007ffb7b5f9000 	C:\Windows\SYSTEM32\dhcpcsvc6.DLL
0x00007ffb7b5c0000 - 0x00007ffb7b5df000 	C:\Windows\SYSTEM32\dhcpcsvc.DLL
0x00007ffb803d0000 - 0x00007ffb804c9000 	C:\Windows\SYSTEM32\DNSAPI.dll
0x00007ffb72720000 - 0x00007ffb72728000 	C:\Windows\system32\wshunix.dll

dbghelp: loaded successfully - version: 4.0.5 - missing functions: none
symbol engine: initialized successfully - sym options: 0x614 - pdb path: .;C:\Program Files\Android\Android Studio\jbr\bin;C:\Windows\SYSTEM32;C:\Windows\WinSxS\amd64_microsoft.windows.common-controls_6595b64144ccf1df_6.0.22621.2506_none_270c5ae97388e100;C:\Program Files\Android\Android Studio\jbr\bin\server;C:\Users\ducdu\.gradle\native\68d5fa5c4cc2d200863cafc0d521ce42e7d3e7ee720ec0a83991735586a16f82\windows-amd64;C:\Users\ducdu\.gradle\native\e376f236ea51e6404a007f0833ffe2c6e607c4080706a723a18a27aeea778392\windows-amd64

VM Arguments:
jvm_args: --add-opens=java.base/java.util=ALL-UNNAMED --add-opens=java.base/java.lang=ALL-UNNAMED --add-opens=java.base/java.lang.invoke=ALL-UNNAMED --add-opens=java.prefs/java.util.prefs=ALL-UNNAMED --add-opens=java.base/java.nio.charset=ALL-UNNAMED --add-opens=java.base/java.net=ALL-UNNAMED --add-opens=java.base/java.util.concurrent.atomic=ALL-UNNAMED -Xmx2048m -Dfile.encoding=UTF-8 -Duser.country=US -Duser.language=en -Duser.variant 
java_command: org.gradle.launcher.daemon.bootstrap.GradleDaemon 8.0
java_class_path (initial): C:\Users\ducdu\.gradle\wrapper\dists\gradle-8.0-bin\ca5e32bp14vu59qr306oxotwh\gradle-8.0\lib\gradle-launcher-8.0.jar
Launcher Type: SUN_STANDARD

[Global flags]
     intx CICompilerCount                          = 4                                         {product} {ergonomic}
     uint ConcGCThreads                            = 2                                         {product} {ergonomic}
     uint G1ConcRefinementThreads                  = 8                                         {product} {ergonomic}
   size_t G1HeapRegionSize                         = 1048576                                   {product} {ergonomic}
    uintx GCDrainStackTargetSize                   = 64                                        {product} {ergonomic}
   size_t InitialHeapSize                          = 134217728                                 {product} {ergonomic}
   size_t MarkStackSize                            = 4194304                                   {product} {ergonomic}
   size_t MaxHeapSize                              = 2147483648                                {product} {command line}
   size_t MaxNewSize                               = 1287651328                                {product} {ergonomic}
   size_t MinHeapDeltaBytes                        = 1048576                                   {product} {ergonomic}
   size_t MinHeapSize                              = 8388608                                   {product} {ergonomic}
    uintx NonNMethodCodeHeapSize                   = 5839372                                {pd product} {ergonomic}
    uintx NonProfiledCodeHeapSize                  = 122909434                              {pd product} {ergonomic}
    uintx ProfiledCodeHeapSize                     = 122909434                              {pd product} {ergonomic}
    uintx ReservedCodeCacheSize                    = 251658240                              {pd product} {ergonomic}
     bool SegmentedCodeCache                       = true                                      {product} {ergonomic}
   size_t SoftMaxHeapSize                          = 2147483648                             {manageable} {ergonomic}
     bool UseCompressedClassPointers               = true                           {product lp64_product} {ergonomic}
     bool UseCompressedOops                        = true                           {product lp64_product} {ergonomic}
     bool UseG1GC                                  = true                                      {product} {ergonomic}
     bool UseLargePagesIndividualAllocation        = false                                  {pd product} {ergonomic}

Logging:
Log output configuration:
 #0: stdout all=warning uptime,level,tags
 #1: stderr all=off uptime,level,tags

Environment Variables:
PATH=C:\Windows\system32;C:\Windows;C:\Windows\System32\Wbem;C:\Windows\System32\WindowsPowerShell\v1.0\;C:\Windows\System32\OpenSSH\;C:\Program Files\Git\cmd;C:\Program Files\nodejs\;E:\Android\Sdk\tools\bin;C:\Users\ducdu\AppData\Local\Programs\Python\Python312\Scripts\;C:\Users\ducdu\AppData\Local\Programs\Python\Python312\;C:\Users\ducdu\AppData\Local\Microsoft\WindowsApps;C:\Users\ducdu\AppData\Roaming\npm;C:\Users\ducdu\AppData\Local\Programs\Microsoft VS Code\bin;E:\Android\Sdk\tools\bin;C:\Users\ducdu\AppData\Local\Programs\Python\Python312;
USERNAME=ducdu
OS=Windows_NT
PROCESSOR_IDENTIFIER=Intel64 Family 6 Model 142 Stepping 12, GenuineIntel
TMP=C:\Users\ducdu\AppData\Local\Temp
TEMP=C:\Users\ducdu\AppData\Local\Temp


JNI global refs:
JNI global refs: 23, weak refs: 0

JNI global refs memory usage: 843, weak refs: 841


---------------  S Y S T E M  ---------------

OS:
 Windows 11 , 64 bit Build 22621 (10.0.22621.2506)
OS uptime: 2 days 1:34 hours

CPU: total 8 (initial active 8) (4 cores per cpu, 2 threads per core) family 6 model 142 stepping 12 microcode 0xea, cx8, cmov, fxsr, ht, mmx, 3dnowpref, sse, sse2, sse3, ssse3, sse4.1, sse4.2, popcnt, lzcnt, tsc, tscinvbit, avx, avx2, aes, erms, clmul, bmi1, bmi2, adx, fma, vzeroupper, clflush, clflushopt

Memory: 4k page, system-wide physical 8072M (128M free)
TotalPageFile size 20899M (AvailPageFile size 8M)
current process WorkingSet (physical memory assigned to process): 172M, peak: 187M
current process commit charge ("private bytes"): 212M, peak: 251M

vm_info: OpenJDK 64-Bit Server VM (17.0.6+0-b2043.56-10027231) for windows-amd64 JRE (17.0.6+0-b2043.56-10027231), built on Apr 28 2023 00:43:19 by "androidbuild" with MS VC++ 16.10 / 16.11 (VS2019)

END.
